{"C:\\Users\\Dell\\Desktop\\QR Code\\backend\\ban_phishing_users.js": {"path":"C:\\Users\\Dell\\Desktop\\QR Code\\backend\\ban_phishing_users.js","statementMap":{"0":{"start":{"line":1,"column":17},"end":{"line":1,"column":36}},"1":{"start":{"line":2,"column":13},"end":{"line":2,"column":37}},"2":{"start":{"line":3,"column":13},"end":{"line":3,"column":37}},"3":{"start":{"line":4,"column":0},"end":{"line":4,"column":27}},"4":{"start":{"line":6,"column":0},"end":{"line":61,"column":5}},"5":{"start":{"line":7,"column":2},"end":{"line":7,"column":50}},"6":{"start":{"line":8,"column":2},"end":{"line":8,"column":40}},"7":{"start":{"line":11,"column":18},"end":{"line":16,"column":3}},"8":{"start":{"line":18,"column":2},"end":{"line":57,"column":3}},"9":{"start":{"line":20,"column":4},"end":{"line":24,"column":5}},"10":{"start":{"line":21,"column":6},"end":{"line":21,"column":44}},"11":{"start":{"line":23,"column":6},"end":{"line":23,"column":57}},"12":{"start":{"line":26,"column":4},"end":{"line":29,"column":5}},"13":{"start":{"line":27,"column":6},"end":{"line":27,"column":66}},"14":{"start":{"line":28,"column":6},"end":{"line":28,"column":15}},"15":{"start":{"line":31,"column":4},"end":{"line":31,"column":60}},"16":{"start":{"line":32,"column":4},"end":{"line":32,"column":40}},"17":{"start":{"line":33,"column":4},"end":{"line":33,"column":39}},"18":{"start":{"line":34,"column":4},"end":{"line":34,"column":36}},"19":{"start":{"line":35,"column":4},"end":{"line":35,"column":39}},"20":{"start":{"line":36,"column":4},"end":{"line":36,"column":71}},"21":{"start":{"line":39,"column":18},"end":{"line":39,"column":55}},"22":{"start":{"line":40,"column":4},"end":{"line":40,"column":52}},"23":{"start":{"line":41,"column":4},"end":{"line":41,"column":81}},"24":{"start":{"line":41,"column":23},"end":{"line":41,"column":79}},"25":{"start":{"line":44,"column":4},"end":{"line":44,"column":25}},"26":{"start":{"line":45,"column":4},"end":{"line":45,"column":31}},"27":{"start":{"line":46,"column":4},"end":{"line":46,"column":102}},"28":{"start":{"line":47,"column":4},"end":{"line":47,"column":23}},"29":{"start":{"line":48,"column":4},"end":{"line":48,"column":22}},"30":{"start":{"line":49,"column":4},"end":{"line":49,"column":39}},"31":{"start":{"line":52,"column":4},"end":{"line":55,"column":5}},"32":{"start":{"line":53,"column":21},"end":{"line":53,"column":95}},"33":{"start":{"line":54,"column":6},"end":{"line":54,"column":69}},"34":{"start":{"line":56,"column":4},"end":{"line":56,"column":62}},"35":{"start":{"line":59,"column":2},"end":{"line":59,"column":61}},"36":{"start":{"line":60,"column":2},"end":{"line":60,"column":30}}},"fnMap":{"0":{"name":"(anonymous_0)","decl":{"start":{"line":6,"column":1},"end":{"line":6,"column":2}},"loc":{"start":{"line":6,"column":13},"end":{"line":61,"column":1}},"line":6},"1":{"name":"(anonymous_1)","decl":{"start":{"line":41,"column":18},"end":{"line":41,"column":19}},"loc":{"start":{"line":41,"column":23},"end":{"line":41,"column":79}},"line":41}},"branchMap":{"0":{"loc":{"start":{"line":20,"column":4},"end":{"line":24,"column":5}},"type":"if","locations":[{"start":{"line":20,"column":4},"end":{"line":24,"column":5}},{"start":{"line":22,"column":11},"end":{"line":24,"column":5}}],"line":20},"1":{"loc":{"start":{"line":26,"column":4},"end":{"line":29,"column":5}},"type":"if","locations":[{"start":{"line":26,"column":4},"end":{"line":29,"column":5}},{"start":{},"end":{}}],"line":26},"2":{"loc":{"start":{"line":27,"column":39},"end":{"line":27,"column":64}},"type":"binary-expr","locations":[{"start":{"line":27,"column":39},"end":{"line":27,"column":51}},{"start":{"line":27,"column":55},"end":{"line":27,"column":64}}],"line":27},"3":{"loc":{"start":{"line":36,"column":38},"end":{"line":36,"column":69}},"type":"cond-expr","locations":[{"start":{"line":36,"column":54},"end":{"line":36,"column":62}},{"start":{"line":36,"column":65},"end":{"line":36,"column":69}}],"line":36},"4":{"loc":{"start":{"line":52,"column":4},"end":{"line":55,"column":5}},"type":"if","locations":[{"start":{"line":52,"column":4},"end":{"line":55,"column":5}},{"start":{},"end":{}}],"line":52}},"s":{"0":0,"1":0,"2":0,"3":0,"4":0,"5":0,"6":0,"7":0,"8":0,"9":0,"10":0,"11":0,"12":0,"13":0,"14":0,"15":0,"16":0,"17":0,"18":0,"19":0,"20":0,"21":0,"22":0,"23":0,"24":0,"25":0,"26":0,"27":0,"28":0,"29":0,"30":0,"31":0,"32":0,"33":0,"34":0,"35":0,"36":0},"f":{"0":0,"1":0},"b":{"0":[0,0],"1":[0,0],"2":[0,0],"3":[0,0],"4":[0,0]}}
,"C:\\Users\\Dell\\Desktop\\QR Code\\backend\\ban_user.js": {"path":"C:\\Users\\Dell\\Desktop\\QR Code\\backend\\ban_user.js","statementMap":{"0":{"start":{"line":14,"column":17},"end":{"line":14,"column":36}},"1":{"start":{"line":15,"column":13},"end":{"line":15,"column":37}},"2":{"start":{"line":16,"column":13},"end":{"line":16,"column":37}},"3":{"start":{"line":17,"column":0},"end":{"line":17,"column":27}},"4":{"start":{"line":20,"column":20},"end":{"line":20,"column":60}},"5":{"start":{"line":21,"column":20},"end":{"line":21,"column":75}},"6":{"start":{"line":23,"column":2},"end":{"line":104,"column":3}},"7":{"start":{"line":24,"column":4},"end":{"line":24,"column":52}},"8":{"start":{"line":25,"column":4},"end":{"line":25,"column":44}},"9":{"start":{"line":28,"column":17},"end":{"line":28,"column":21}},"10":{"start":{"line":29,"column":20},"end":{"line":29,"column":24}},"11":{"start":{"line":32,"column":17},"end":{"line":32,"column":69}},"12":{"start":{"line":33,"column":4},"end":{"line":55,"column":5}},"13":{"start":{"line":34,"column":6},"end":{"line":34,"column":31}},"14":{"start":{"line":35,"column":6},"end":{"line":35,"column":36}},"15":{"start":{"line":36,"column":6},"end":{"line":36,"column":47}},"16":{"start":{"line":37,"column":6},"end":{"line":37,"column":56}},"17":{"start":{"line":38,"column":6},"end":{"line":38,"column":41}},"18":{"start":{"line":39,"column":6},"end":{"line":39,"column":47}},"19":{"start":{"line":40,"column":6},"end":{"line":40,"column":53}},"20":{"start":{"line":43,"column":19},"end":{"line":43,"column":86}},"21":{"start":{"line":44,"column":6},"end":{"line":54,"column":7}},"22":{"start":{"line":45,"column":8},"end":{"line":45,"column":26}},"23":{"start":{"line":46,"column":8},"end":{"line":46,"column":31}},"24":{"start":{"line":47,"column":8},"end":{"line":47,"column":69}},"25":{"start":{"line":48,"column":8},"end":{"line":48,"column":43}},"26":{"start":{"line":49,"column":8},"end":{"line":49,"column":49}},"27":{"start":{"line":51,"column":8},"end":{"line":51,"column":64}},"28":{"start":{"line":52,"column":8},"end":{"line":52,"column":36}},"29":{"start":{"line":53,"column":8},"end":{"line":53,"column":15}},"30":{"start":{"line":58,"column":4},"end":{"line":58,"column":40}},"31":{"start":{"line":59,"column":17},"end":{"line":59,"column":44}},"32":{"start":{"line":61,"column":4},"end":{"line":73,"column":5}},"33":{"start":{"line":62,"column":6},"end":{"line":62,"column":79}},"34":{"start":{"line":63,"column":6},"end":{"line":63,"column":48}},"35":{"start":{"line":65,"column":6},"end":{"line":65,"column":27}},"36":{"start":{"line":66,"column":6},"end":{"line":66,"column":33}},"37":{"start":{"line":67,"column":6},"end":{"line":67,"column":33}},"38":{"start":{"line":68,"column":6},"end":{"line":68,"column":25}},"39":{"start":{"line":69,"column":6},"end":{"line":69,"column":24}},"40":{"start":{"line":70,"column":6},"end":{"line":70,"column":49}},"41":{"start":{"line":71,"column":6},"end":{"line":71,"column":49}},"42":{"start":{"line":72,"column":6},"end":{"line":72,"column":51}},"43":{"start":{"line":76,"column":4},"end":{"line":76,"column":55}},"44":{"start":{"line":77,"column":19},"end":{"line":80,"column":5}},"45":{"start":{"line":81,"column":4},"end":{"line":81,"column":94}},"46":{"start":{"line":84,"column":23},"end":{"line":84,"column":68}},"47":{"start":{"line":85,"column":4},"end":{"line":85,"column":62}},"48":{"start":{"line":86,"column":4},"end":{"line":86,"column":34}},"49":{"start":{"line":87,"column":4},"end":{"line":87,"column":60}},"50":{"start":{"line":88,"column":4},"end":{"line":88,"column":41}},"51":{"start":{"line":89,"column":4},"end":{"line":89,"column":38}},"52":{"start":{"line":90,"column":4},"end":{"line":90,"column":38}},"53":{"start":{"line":91,"column":4},"end":{"line":91,"column":41}},"54":{"start":{"line":92,"column":4},"end":{"line":92,"column":66}},"55":{"start":{"line":93,"column":4},"end":{"line":93,"column":60}},"56":{"start":{"line":94,"column":4},"end":{"line":94,"column":46}},"57":{"start":{"line":95,"column":4},"end":{"line":95,"column":51}},"58":{"start":{"line":96,"column":4},"end":{"line":96,"column":57}},"59":{"start":{"line":97,"column":4},"end":{"line":97,"column":62}},"60":{"start":{"line":98,"column":4},"end":{"line":98,"column":61}},"61":{"start":{"line":100,"column":4},"end":{"line":100,"column":32}},"62":{"start":{"line":102,"column":4},"end":{"line":102,"column":37}},"63":{"start":{"line":103,"column":4},"end":{"line":103,"column":32}},"64":{"start":{"line":107,"column":0},"end":{"line":107,"column":10}}},"fnMap":{"0":{"name":"banUser","decl":{"start":{"line":19,"column":15},"end":{"line":19,"column":22}},"loc":{"start":{"line":19,"column":25},"end":{"line":105,"column":1}},"line":19}},"branchMap":{"0":{"loc":{"start":{"line":20,"column":20},"end":{"line":20,"column":60}},"type":"binary-expr","locations":[{"start":{"line":20,"column":20},"end":{"line":20,"column":35}},{"start":{"line":20,"column":39},"end":{"line":20,"column":60}}],"line":20},"1":{"loc":{"start":{"line":21,"column":20},"end":{"line":21,"column":75}},"type":"binary-expr","locations":[{"start":{"line":21,"column":20},"end":{"line":21,"column":35}},{"start":{"line":21,"column":39},"end":{"line":21,"column":75}}],"line":21},"2":{"loc":{"start":{"line":33,"column":4},"end":{"line":55,"column":5}},"type":"if","locations":[{"start":{"line":33,"column":4},"end":{"line":55,"column":5}},{"start":{"line":41,"column":11},"end":{"line":55,"column":5}}],"line":33},"3":{"loc":{"start":{"line":44,"column":6},"end":{"line":54,"column":7}},"type":"if","locations":[{"start":{"line":44,"column":6},"end":{"line":54,"column":7}},{"start":{"line":50,"column":13},"end":{"line":54,"column":7}}],"line":44},"4":{"loc":{"start":{"line":61,"column":4},"end":{"line":73,"column":5}},"type":"if","locations":[{"start":{"line":61,"column":4},"end":{"line":73,"column":5}},{"start":{"line":64,"column":11},"end":{"line":73,"column":5}}],"line":61}},"s":{"0":0,"1":0,"2":0,"3":0,"4":0,"5":0,"6":0,"7":0,"8":0,"9":0,"10":0,"11":0,"12":0,"13":0,"14":0,"15":0,"16":0,"17":0,"18":0,"19":0,"20":0,"21":0,"22":0,"23":0,"24":0,"25":0,"26":0,"27":0,"28":0,"29":0,"30":0,"31":0,"32":0,"33":0,"34":0,"35":0,"36":0,"37":0,"38":0,"39":0,"40":0,"41":0,"42":0,"43":0,"44":0,"45":0,"46":0,"47":0,"48":0,"49":0,"50":0,"51":0,"52":0,"53":0,"54":0,"55":0,"56":0,"57":0,"58":0,"59":0,"60":0,"61":0,"62":0,"63":0,"64":0},"f":{"0":0},"b":{"0":[0,0],"1":[0,0],"2":[0,0],"3":[0,0],"4":[0,0]}}
,"C:\\Users\\Dell\\Desktop\\QR Code\\backend\\check_production_bans.js": {"path":"C:\\Users\\Dell\\Desktop\\QR Code\\backend\\check_production_bans.js","statementMap":{"0":{"start":{"line":1,"column":0},"end":{"line":1,"column":27}},"1":{"start":{"line":2,"column":17},"end":{"line":2,"column":36}},"2":{"start":{"line":3,"column":13},"end":{"line":3,"column":37}},"3":{"start":{"line":6,"column":2},"end":{"line":32,"column":3}},"4":{"start":{"line":7,"column":4},"end":{"line":7,"column":47}},"5":{"start":{"line":8,"column":4},"end":{"line":8,"column":52}},"6":{"start":{"line":9,"column":4},"end":{"line":9,"column":32}},"7":{"start":{"line":11,"column":19},"end":{"line":11,"column":70}},"8":{"start":{"line":13,"column":4},"end":{"line":13,"column":47}},"9":{"start":{"line":14,"column":4},"end":{"line":26,"column":5}},"10":{"start":{"line":15,"column":19},"end":{"line":15,"column":48}},"11":{"start":{"line":16,"column":6},"end":{"line":25,"column":7}},"12":{"start":{"line":17,"column":8},"end":{"line":17,"column":41}},"13":{"start":{"line":18,"column":8},"end":{"line":18,"column":42}},"14":{"start":{"line":19,"column":8},"end":{"line":19,"column":95}},"15":{"start":{"line":20,"column":8},"end":{"line":20,"column":66}},"16":{"start":{"line":21,"column":8},"end":{"line":21,"column":49}},"17":{"start":{"line":23,"column":8},"end":{"line":23,"column":69}},"18":{"start":{"line":24,"column":8},"end":{"line":24,"column":49}},"19":{"start":{"line":28,"column":4},"end":{"line":28,"column":38}},"20":{"start":{"line":30,"column":4},"end":{"line":30,"column":51}},"21":{"start":{"line":31,"column":4},"end":{"line":31,"column":20}},"22":{"start":{"line":35,"column":0},"end":{"line":35,"column":12}}},"fnMap":{"0":{"name":"checkBans","decl":{"start":{"line":5,"column":15},"end":{"line":5,"column":24}},"loc":{"start":{"line":5,"column":27},"end":{"line":33,"column":1}},"line":5}},"branchMap":{"0":{"loc":{"start":{"line":16,"column":6},"end":{"line":25,"column":7}},"type":"if","locations":[{"start":{"line":16,"column":6},"end":{"line":25,"column":7}},{"start":{"line":22,"column":13},"end":{"line":25,"column":7}}],"line":16},"1":{"loc":{"start":{"line":19,"column":37},"end":{"line":19,"column":91}},"type":"cond-expr","locations":[{"start":{"line":19,"column":53},"end":{"line":19,"column":69}},{"start":{"line":19,"column":72},"end":{"line":19,"column":91}}],"line":19},"2":{"loc":{"start":{"line":20,"column":38},"end":{"line":20,"column":62}},"type":"binary-expr","locations":[{"start":{"line":20,"column":38},"end":{"line":20,"column":52}},{"start":{"line":20,"column":56},"end":{"line":20,"column":62}}],"line":20}},"s":{"0":0,"1":0,"2":0,"3":0,"4":0,"5":0,"6":0,"7":0,"8":0,"9":0,"10":0,"11":0,"12":0,"13":0,"14":0,"15":0,"16":0,"17":0,"18":0,"19":0,"20":0,"21":0,"22":0},"f":{"0":0},"b":{"0":[0,0],"1":[0,0],"2":[0,0]}}
,"C:\\Users\\Dell\\Desktop\\QR Code\\backend\\debug_ai.js": {"path":"C:\\Users\\Dell\\Desktop\\QR Code\\backend\\debug_ai.js","statementMap":{"0":{"start":{"line":1,"column":31},"end":{"line":1,"column":63}},"1":{"start":{"line":2,"column":0},"end":{"line":2,"column":27}},"2":{"start":{"line":5,"column":17},"end":{"line":5,"column":92}},"3":{"start":{"line":6,"column":16},"end":{"line":6,"column":66}},"4":{"start":{"line":8,"column":2},"end":{"line":8,"column":101}},"5":{"start":{"line":10,"column":2},"end":{"line":20,"column":3}},"6":{"start":{"line":11,"column":4},"end":{"line":19,"column":5}},"7":{"start":{"line":12,"column":6},"end":{"line":12,"column":44}},"8":{"start":{"line":13,"column":20},"end":{"line":13,"column":58}},"9":{"start":{"line":14,"column":21},"end":{"line":14,"column":57}},"10":{"start":{"line":15,"column":23},"end":{"line":15,"column":44}},"11":{"start":{"line":16,"column":6},"end":{"line":16,"column":77}},"12":{"start":{"line":18,"column":6},"end":{"line":18,"column":57}},"13":{"start":{"line":23,"column":0},"end":{"line":23,"column":13}}},"fnMap":{"0":{"name":"listModels","decl":{"start":{"line":4,"column":15},"end":{"line":4,"column":25}},"loc":{"start":{"line":4,"column":28},"end":{"line":21,"column":1}},"line":4}},"branchMap":{},"s":{"0":0,"1":0,"2":0,"3":0,"4":0,"5":0,"6":0,"7":0,"8":0,"9":0,"10":0,"11":0,"12":0,"13":0},"f":{"0":0},"b":{}}
,"C:\\Users\\Dell\\Desktop\\QR Code\\backend\\demo_seeder.js": {"path":"C:\\Users\\Dell\\Desktop\\QR Code\\backend\\demo_seeder.js","statementMap":{"0":{"start":{"line":1,"column":17},"end":{"line":1,"column":36}},"1":{"start":{"line":2,"column":15},"end":{"line":2,"column":32}},"2":{"start":{"line":3,"column":13},"end":{"line":3,"column":28}},"3":{"start":{"line":4,"column":13},"end":{"line":4,"column":37}},"4":{"start":{"line":5,"column":13},"end":{"line":5,"column":37}},"5":{"start":{"line":8,"column":0},"end":{"line":8,"column":16}},"6":{"start":{"line":10,"column":14},"end":{"line":10,"column":40}},"7":{"start":{"line":11,"column":19},"end":{"line":11,"column":39}},"8":{"start":{"line":14,"column":4},"end":{"line":166,"column":5}},"9":{"start":{"line":15,"column":8},"end":{"line":15,"column":51}},"10":{"start":{"line":16,"column":8},"end":{"line":16,"column":56}},"11":{"start":{"line":17,"column":8},"end":{"line":17,"column":36}},"12":{"start":{"line":20,"column":21},"end":{"line":20,"column":57}},"13":{"start":{"line":21,"column":8},"end":{"line":24,"column":9}},"14":{"start":{"line":22,"column":12},"end":{"line":22,"column":54}},"15":{"start":{"line":23,"column":12},"end":{"line":23,"column":28}},"16":{"start":{"line":25,"column":8},"end":{"line":25,"column":66}},"17":{"start":{"line":28,"column":19},"end":{"line":28,"column":64}},"18":{"start":{"line":29,"column":8},"end":{"line":32,"column":9}},"19":{"start":{"line":30,"column":12},"end":{"line":30,"column":60}},"20":{"start":{"line":31,"column":12},"end":{"line":31,"column":52}},"21":{"start":{"line":34,"column":8},"end":{"line":34,"column":86}},"22":{"start":{"line":36,"column":8},"end":{"line":72,"column":11}},"23":{"start":{"line":75,"column":8},"end":{"line":75,"column":61}},"24":{"start":{"line":76,"column":26},"end":{"line":76,"column":161}},"25":{"start":{"line":77,"column":24},"end":{"line":77,"column":55}},"26":{"start":{"line":78,"column":20},"end":{"line":82,"column":9}},"27":{"start":{"line":83,"column":25},"end":{"line":83,"column":64}},"28":{"start":{"line":85,"column":30},"end":{"line":91,"column":9}},"29":{"start":{"line":93,"column":23},"end":{"line":93,"column":25}},"30":{"start":{"line":94,"column":27},"end":{"line":94,"column":97}},"31":{"start":{"line":94,"column":53},"end":{"line":94,"column":96}},"32":{"start":{"line":96,"column":8},"end":{"line":139,"column":9}},"33":{"start":{"line":96,"column":21},"end":{"line":96,"column":22}},"34":{"start":{"line":97,"column":28},"end":{"line":97,"column":83}},"35":{"start":{"line":98,"column":29},"end":{"line":98,"column":71}},"36":{"start":{"line":99,"column":25},"end":{"line":99,"column":78}},"37":{"start":{"line":101,"column":27},"end":{"line":101,"column":78}},"38":{"start":{"line":102,"column":27},"end":{"line":102,"column":53}},"39":{"start":{"line":103,"column":23},"end":{"line":103,"column":72}},"40":{"start":{"line":104,"column":28},"end":{"line":104,"column":81}},"41":{"start":{"line":105,"column":30},"end":{"line":105,"column":87}},"42":{"start":{"line":108,"column":30},"end":{"line":108,"column":40}},"43":{"start":{"line":109,"column":12},"end":{"line":109,"column":84}},"44":{"start":{"line":110,"column":12},"end":{"line":110,"column":95}},"45":{"start":{"line":113,"column":35},"end":{"line":113,"column":62}},"46":{"start":{"line":114,"column":30},"end":{"line":114,"column":95}},"47":{"start":{"line":116,"column":12},"end":{"line":132,"column":15}},"48":{"start":{"line":135,"column":12},"end":{"line":135,"column":61}},"49":{"start":{"line":136,"column":12},"end":{"line":138,"column":13}},"50":{"start":{"line":137,"column":16},"end":{"line":137,"column":70}},"51":{"start":{"line":142,"column":8},"end":{"line":146,"column":11}},"52":{"start":{"line":143,"column":12},"end":{"line":145,"column":13}},"53":{"start":{"line":144,"column":16},"end":{"line":144,"column":93}},"54":{"start":{"line":148,"column":8},"end":{"line":148,"column":29}},"55":{"start":{"line":149,"column":8},"end":{"line":149,"column":41}},"56":{"start":{"line":150,"column":8},"end":{"line":150,"column":73}},"57":{"start":{"line":150,"column":54},"end":{"line":150,"column":65}},"58":{"start":{"line":151,"column":8},"end":{"line":151,"column":72}},"59":{"start":{"line":152,"column":8},"end":{"line":152,"column":40}},"60":{"start":{"line":154,"column":8},"end":{"line":154,"column":26}},"61":{"start":{"line":155,"column":8},"end":{"line":155,"column":56}},"62":{"start":{"line":156,"column":8},"end":{"line":156,"column":47}},"63":{"start":{"line":157,"column":8},"end":{"line":157,"column":55}},"64":{"start":{"line":158,"column":8},"end":{"line":158,"column":61}},"65":{"start":{"line":159,"column":8},"end":{"line":159,"column":134}},"66":{"start":{"line":160,"column":8},"end":{"line":160,"column":134}},"67":{"start":{"line":162,"column":8},"end":{"line":162,"column":24}},"68":{"start":{"line":164,"column":8},"end":{"line":164,"column":54}},"69":{"start":{"line":165,"column":8},"end":{"line":165,"column":24}},"70":{"start":{"line":169,"column":0},"end":{"line":169,"column":23}}},"fnMap":{"0":{"name":"seedAdvancedDemoData","decl":{"start":{"line":13,"column":15},"end":{"line":13,"column":35}},"loc":{"start":{"line":13,"column":38},"end":{"line":167,"column":1}},"line":13},"1":{"name":"(anonymous_1)","decl":{"start":{"line":94,"column":47},"end":{"line":94,"column":48}},"loc":{"start":{"line":94,"column":53},"end":{"line":94,"column":96}},"line":94},"2":{"name":"(anonymous_2)","decl":{"start":{"line":142,"column":37},"end":{"line":142,"column":38}},"loc":{"start":{"line":142,"column":42},"end":{"line":146,"column":9}},"line":142},"3":{"name":"(anonymous_3)","decl":{"start":{"line":150,"column":49},"end":{"line":150,"column":50}},"loc":{"start":{"line":150,"column":54},"end":{"line":150,"column":65}},"line":150}},"branchMap":{"0":{"loc":{"start":{"line":21,"column":8},"end":{"line":24,"column":9}},"type":"if","locations":[{"start":{"line":21,"column":8},"end":{"line":24,"column":9}},{"start":{},"end":{}}],"line":21},"1":{"loc":{"start":{"line":29,"column":8},"end":{"line":32,"column":9}},"type":"if","locations":[{"start":{"line":29,"column":8},"end":{"line":32,"column":9}},{"start":{},"end":{}}],"line":29},"2":{"loc":{"start":{"line":98,"column":29},"end":{"line":98,"column":71}},"type":"binary-expr","locations":[{"start":{"line":98,"column":29},"end":{"line":98,"column":51}},{"start":{"line":98,"column":55},"end":{"line":98,"column":71}}],"line":98},"3":{"loc":{"start":{"line":102,"column":27},"end":{"line":102,"column":53}},"type":"binary-expr","locations":[{"start":{"line":102,"column":27},"end":{"line":102,"column":38}},{"start":{"line":102,"column":42},"end":{"line":102,"column":53}}],"line":102},"4":{"loc":{"start":{"line":113,"column":35},"end":{"line":113,"column":62}},"type":"cond-expr","locations":[{"start":{"line":113,"column":57},"end":{"line":113,"column":58}},{"start":{"line":113,"column":61},"end":{"line":113,"column":62}}],"line":113},"5":{"loc":{"start":{"line":114,"column":30},"end":{"line":114,"column":95}},"type":"cond-expr","locations":[{"start":{"line":114,"column":53},"end":{"line":114,"column":72}},{"start":{"line":114,"column":75},"end":{"line":114,"column":95}}],"line":114},"6":{"loc":{"start":{"line":125,"column":26},"end":{"line":125,"column":68}},"type":"binary-expr","locations":[{"start":{"line":125,"column":26},"end":{"line":125,"column":45}},{"start":{"line":125,"column":49},"end":{"line":125,"column":68}}],"line":125},"7":{"loc":{"start":{"line":128,"column":27},"end":{"line":128,"column":104}},"type":"cond-expr","locations":[{"start":{"line":128,"column":50},"end":{"line":128,"column":75}},{"start":{"line":128,"column":78},"end":{"line":128,"column":104}}],"line":128},"8":{"loc":{"start":{"line":130,"column":33},"end":{"line":130,"column":85}},"type":"cond-expr","locations":[{"start":{"line":130,"column":45},"end":{"line":130,"column":81}},{"start":{"line":130,"column":84},"end":{"line":130,"column":85}}],"line":130},"9":{"loc":{"start":{"line":131,"column":32},"end":{"line":131,"column":107}},"type":"cond-expr","locations":[{"start":{"line":131,"column":44},"end":{"line":131,"column":100}},{"start":{"line":131,"column":103},"end":{"line":131,"column":107}}],"line":131},"10":{"loc":{"start":{"line":136,"column":12},"end":{"line":138,"column":13}},"type":"if","locations":[{"start":{"line":136,"column":12},"end":{"line":138,"column":13}},{"start":{},"end":{}}],"line":136},"11":{"loc":{"start":{"line":143,"column":12},"end":{"line":145,"column":13}},"type":"if","locations":[{"start":{"line":143,"column":12},"end":{"line":145,"column":13}},{"start":{},"end":{}}],"line":143}},"s":{"0":0,"1":0,"2":0,"3":0,"4":0,"5":0,"6":0,"7":0,"8":0,"9":0,"10":0,"11":0,"12":0,"13":0,"14":0,"15":0,"16":0,"17":0,"18":0,"19":0,"20":0,"21":0,"22":0,"23":0,"24":0,"25":0,"26":0,"27":0,"28":0,"29":0,"30":0,"31":0,"32":0,"33":0,"34":0,"35":0,"36":0,"37":0,"38":0,"39":0,"40":0,"41":0,"42":0,"43":0,"44":0,"45":0,"46":0,"47":0,"48":0,"49":0,"50":0,"51":0,"52":0,"53":0,"54":0,"55":0,"56":0,"57":0,"58":0,"59":0,"60":0,"61":0,"62":0,"63":0,"64":0,"65":0,"66":0,"67":0,"68":0,"69":0,"70":0},"f":{"0":0,"1":0,"2":0,"3":0},"b":{"0":[0,0],"1":[0,0],"2":[0,0],"3":[0,0],"4":[0,0],"5":[0,0],"6":[0,0],"7":[0,0],"8":[0,0],"9":[0,0],"10":[0,0],"11":[0,0]}}
,"C:\\Users\\Dell\\Desktop\\QR Code\\backend\\find_phishing_user.js": {"path":"C:\\Users\\Dell\\Desktop\\QR Code\\backend\\find_phishing_user.js","statementMap":{"0":{"start":{"line":1,"column":17},"end":{"line":1,"column":36}},"1":{"start":{"line":2,"column":13},"end":{"line":2,"column":37}},"2":{"start":{"line":3,"column":13},"end":{"line":3,"column":37}},"3":{"start":{"line":4,"column":0},"end":{"line":4,"column":27}},"4":{"start":{"line":7,"column":2},"end":{"line":38,"column":3}},"5":{"start":{"line":8,"column":4},"end":{"line":8,"column":52}},"6":{"start":{"line":9,"column":4},"end":{"line":9,"column":40}},"7":{"start":{"line":11,"column":22},"end":{"line":11,"column":43}},"8":{"start":{"line":12,"column":17},"end":{"line":12,"column":69}},"9":{"start":{"line":14,"column":4},"end":{"line":33,"column":5}},"10":{"start":{"line":15,"column":6},"end":{"line":15,"column":64}},"11":{"start":{"line":17,"column":19},"end":{"line":17,"column":86}},"12":{"start":{"line":18,"column":6},"end":{"line":25,"column":7}},"13":{"start":{"line":19,"column":8},"end":{"line":19,"column":55}},"14":{"start":{"line":20,"column":8},"end":{"line":20,"column":44}},"15":{"start":{"line":21,"column":8},"end":{"line":21,"column":44}},"16":{"start":{"line":22,"column":8},"end":{"line":22,"column":42}},"17":{"start":{"line":24,"column":8},"end":{"line":24,"column":72}},"18":{"start":{"line":27,"column":6},"end":{"line":27,"column":33}},"19":{"start":{"line":28,"column":6},"end":{"line":28,"column":42}},"20":{"start":{"line":29,"column":6},"end":{"line":29,"column":55}},"21":{"start":{"line":30,"column":6},"end":{"line":30,"column":49}},"22":{"start":{"line":31,"column":6},"end":{"line":31,"column":54}},"23":{"start":{"line":32,"column":6},"end":{"line":32,"column":52}},"24":{"start":{"line":35,"column":4},"end":{"line":35,"column":32}},"25":{"start":{"line":37,"column":4},"end":{"line":37,"column":35}},"26":{"start":{"line":41,"column":0},"end":{"line":41,"column":19}}},"fnMap":{"0":{"name":"findPhishingUser","decl":{"start":{"line":6,"column":15},"end":{"line":6,"column":31}},"loc":{"start":{"line":6,"column":34},"end":{"line":39,"column":1}},"line":6}},"branchMap":{"0":{"loc":{"start":{"line":14,"column":4},"end":{"line":33,"column":5}},"type":"if","locations":[{"start":{"line":14,"column":4},"end":{"line":33,"column":5}},{"start":{"line":26,"column":11},"end":{"line":33,"column":5}}],"line":14},"1":{"loc":{"start":{"line":18,"column":6},"end":{"line":25,"column":7}},"type":"if","locations":[{"start":{"line":18,"column":6},"end":{"line":25,"column":7}},{"start":{"line":23,"column":13},"end":{"line":25,"column":7}}],"line":18}},"s":{"0":0,"1":0,"2":0,"3":0,"4":0,"5":0,"6":0,"7":0,"8":0,"9":0,"10":0,"11":0,"12":0,"13":0,"14":0,"15":0,"16":0,"17":0,"18":0,"19":0,"20":0,"21":0,"22":0,"23":0,"24":0,"25":0,"26":0},"f":{"0":0},"b":{"0":[0,0],"1":[0,0]}}
,"C:\\Users\\Dell\\Desktop\\QR Code\\backend\\search_phishing.js": {"path":"C:\\Users\\Dell\\Desktop\\QR Code\\backend\\search_phishing.js","statementMap":{"0":{"start":{"line":1,"column":17},"end":{"line":1,"column":36}},"1":{"start":{"line":2,"column":13},"end":{"line":2,"column":37}},"2":{"start":{"line":3,"column":13},"end":{"line":3,"column":37}},"3":{"start":{"line":4,"column":0},"end":{"line":4,"column":27}},"4":{"start":{"line":6,"column":0},"end":{"line":32,"column":5}},"5":{"start":{"line":7,"column":2},"end":{"line":7,"column":50}},"6":{"start":{"line":8,"column":2},"end":{"line":8,"column":40}},"7":{"start":{"line":11,"column":2},"end":{"line":11,"column":52}},"8":{"start":{"line":12,"column":16},"end":{"line":12,"column":105}},"9":{"start":{"line":13,"column":2},"end":{"line":13,"column":44}},"10":{"start":{"line":14,"column":2},"end":{"line":14,"column":103}},"11":{"start":{"line":14,"column":21},"end":{"line":14,"column":101}},"12":{"start":{"line":17,"column":2},"end":{"line":17,"column":47}},"13":{"start":{"line":18,"column":16},"end":{"line":18,"column":81}},"14":{"start":{"line":19,"column":2},"end":{"line":19,"column":44}},"15":{"start":{"line":20,"column":2},"end":{"line":20,"column":80}},"16":{"start":{"line":20,"column":21},"end":{"line":20,"column":78}},"17":{"start":{"line":23,"column":2},"end":{"line":23,"column":47}},"18":{"start":{"line":24,"column":17},"end":{"line":24,"column":103}},"19":{"start":{"line":25,"column":2},"end":{"line":25,"column":129}},"20":{"start":{"line":25,"column":22},"end":{"line":25,"column":127}},"21":{"start":{"line":28,"column":2},"end":{"line":28,"column":78}},"22":{"start":{"line":29,"column":2},"end":{"line":29,"column":76}},"23":{"start":{"line":31,"column":2},"end":{"line":31,"column":30}}},"fnMap":{"0":{"name":"(anonymous_0)","decl":{"start":{"line":6,"column":1},"end":{"line":6,"column":2}},"loc":{"start":{"line":6,"column":13},"end":{"line":32,"column":1}},"line":6},"1":{"name":"(anonymous_1)","decl":{"start":{"line":14,"column":16},"end":{"line":14,"column":17}},"loc":{"start":{"line":14,"column":21},"end":{"line":14,"column":101}},"line":14},"2":{"name":"(anonymous_2)","decl":{"start":{"line":20,"column":16},"end":{"line":20,"column":17}},"loc":{"start":{"line":20,"column":21},"end":{"line":20,"column":78}},"line":20},"3":{"name":"(anonymous_3)","decl":{"start":{"line":25,"column":17},"end":{"line":25,"column":18}},"loc":{"start":{"line":25,"column":22},"end":{"line":25,"column":127}},"line":25}},"branchMap":{"0":{"loc":{"start":{"line":25,"column":60},"end":{"line":25,"column":79}},"type":"binary-expr","locations":[{"start":{"line":25,"column":60},"end":{"line":25,"column":73}},{"start":{"line":25,"column":77},"end":{"line":25,"column":79}}],"line":25}},"s":{"0":0,"1":0,"2":0,"3":0,"4":0,"5":0,"6":0,"7":0,"8":0,"9":0,"10":0,"11":0,"12":0,"13":0,"14":0,"15":0,"16":0,"17":0,"18":0,"19":0,"20":0,"21":0,"22":0,"23":0},"f":{"0":0,"1":0,"2":0,"3":0},"b":{"0":[0,0]}}
,"C:\\Users\\Dell\\Desktop\\QR Code\\backend\\seed_analytics.js": {"path":"C:\\Users\\Dell\\Desktop\\QR Code\\backend\\seed_analytics.js","statementMap":{"0":{"start":{"line":1,"column":17},"end":{"line":1,"column":36}},"1":{"start":{"line":2,"column":15},"end":{"line":2,"column":32}},"2":{"start":{"line":3,"column":13},"end":{"line":3,"column":28}},"3":{"start":{"line":4,"column":13},"end":{"line":4,"column":37}},"4":{"start":{"line":5,"column":13},"end":{"line":5,"column":37}},"5":{"start":{"line":8,"column":0},"end":{"line":8,"column":16}},"6":{"start":{"line":10,"column":14},"end":{"line":10,"column":40}},"7":{"start":{"line":11,"column":19},"end":{"line":11,"column":35}},"8":{"start":{"line":14,"column":4},"end":{"line":118,"column":5}},"9":{"start":{"line":15,"column":8},"end":{"line":15,"column":51}},"10":{"start":{"line":16,"column":8},"end":{"line":16,"column":56}},"11":{"start":{"line":17,"column":8},"end":{"line":17,"column":36}},"12":{"start":{"line":20,"column":21},"end":{"line":20,"column":57}},"13":{"start":{"line":21,"column":8},"end":{"line":24,"column":9}},"14":{"start":{"line":22,"column":12},"end":{"line":22,"column":54}},"15":{"start":{"line":23,"column":12},"end":{"line":23,"column":28}},"16":{"start":{"line":25,"column":8},"end":{"line":25,"column":66}},"17":{"start":{"line":28,"column":19},"end":{"line":28,"column":64}},"18":{"start":{"line":29,"column":8},"end":{"line":44,"column":9}},"19":{"start":{"line":30,"column":12},"end":{"line":30,"column":79}},"20":{"start":{"line":31,"column":12},"end":{"line":31,"column":29}},"21":{"start":{"line":32,"column":12},"end":{"line":32,"column":33}},"22":{"start":{"line":33,"column":12},"end":{"line":33,"column":36}},"23":{"start":{"line":34,"column":12},"end":{"line":34,"column":39}},"24":{"start":{"line":36,"column":12},"end":{"line":36,"column":56}},"25":{"start":{"line":37,"column":12},"end":{"line":43,"column":15}},"26":{"start":{"line":47,"column":8},"end":{"line":47,"column":61}},"27":{"start":{"line":48,"column":26},"end":{"line":48,"column":161}},"28":{"start":{"line":49,"column":24},"end":{"line":49,"column":55}},"29":{"start":{"line":50,"column":20},"end":{"line":54,"column":9}},"30":{"start":{"line":55,"column":25},"end":{"line":55,"column":64}},"31":{"start":{"line":57,"column":30},"end":{"line":68,"column":9}},"32":{"start":{"line":70,"column":23},"end":{"line":70,"column":25}},"33":{"start":{"line":71,"column":27},"end":{"line":71,"column":97}},"34":{"start":{"line":71,"column":53},"end":{"line":71,"column":96}},"35":{"start":{"line":73,"column":8},"end":{"line":102,"column":9}},"36":{"start":{"line":73,"column":21},"end":{"line":73,"column":22}},"37":{"start":{"line":74,"column":28},"end":{"line":74,"column":83}},"38":{"start":{"line":75,"column":29},"end":{"line":75,"column":71}},"39":{"start":{"line":76,"column":25},"end":{"line":76,"column":78}},"40":{"start":{"line":78,"column":27},"end":{"line":78,"column":78}},"41":{"start":{"line":79,"column":27},"end":{"line":79,"column":38}},"42":{"start":{"line":80,"column":23},"end":{"line":80,"column":72}},"43":{"start":{"line":81,"column":28},"end":{"line":81,"column":81}},"44":{"start":{"line":82,"column":30},"end":{"line":82,"column":87}},"45":{"start":{"line":85,"column":30},"end":{"line":85,"column":40}},"46":{"start":{"line":86,"column":12},"end":{"line":86,"column":84}},"47":{"start":{"line":87,"column":12},"end":{"line":87,"column":95}},"48":{"start":{"line":89,"column":12},"end":{"line":101,"column":15}},"49":{"start":{"line":104,"column":8},"end":{"line":104,"column":29}},"50":{"start":{"line":105,"column":8},"end":{"line":105,"column":41}},"51":{"start":{"line":106,"column":8},"end":{"line":106,"column":73}},"52":{"start":{"line":106,"column":54},"end":{"line":106,"column":65}},"53":{"start":{"line":107,"column":8},"end":{"line":107,"column":72}},"54":{"start":{"line":108,"column":8},"end":{"line":108,"column":40}},"55":{"start":{"line":110,"column":8},"end":{"line":110,"column":26}},"56":{"start":{"line":111,"column":8},"end":{"line":111,"column":77}},"57":{"start":{"line":112,"column":8},"end":{"line":112,"column":73}},"58":{"start":{"line":114,"column":8},"end":{"line":114,"column":24}},"59":{"start":{"line":116,"column":8},"end":{"line":116,"column":54}},"60":{"start":{"line":117,"column":8},"end":{"line":117,"column":24}},"61":{"start":{"line":121,"column":0},"end":{"line":121,"column":11}}},"fnMap":{"0":{"name":"seedData","decl":{"start":{"line":13,"column":15},"end":{"line":13,"column":23}},"loc":{"start":{"line":13,"column":26},"end":{"line":119,"column":1}},"line":13},"1":{"name":"(anonymous_1)","decl":{"start":{"line":71,"column":47},"end":{"line":71,"column":48}},"loc":{"start":{"line":71,"column":53},"end":{"line":71,"column":96}},"line":71},"2":{"name":"(anonymous_2)","decl":{"start":{"line":106,"column":49},"end":{"line":106,"column":50}},"loc":{"start":{"line":106,"column":54},"end":{"line":106,"column":65}},"line":106}},"branchMap":{"0":{"loc":{"start":{"line":21,"column":8},"end":{"line":24,"column":9}},"type":"if","locations":[{"start":{"line":21,"column":8},"end":{"line":24,"column":9}},{"start":{},"end":{}}],"line":21},"1":{"loc":{"start":{"line":29,"column":8},"end":{"line":44,"column":9}},"type":"if","locations":[{"start":{"line":29,"column":8},"end":{"line":44,"column":9}},{"start":{"line":35,"column":15},"end":{"line":44,"column":9}}],"line":29},"2":{"loc":{"start":{"line":75,"column":29},"end":{"line":75,"column":71}},"type":"binary-expr","locations":[{"start":{"line":75,"column":29},"end":{"line":75,"column":51}},{"start":{"line":75,"column":55},"end":{"line":75,"column":71}}],"line":75},"3":{"loc":{"start":{"line":98,"column":26},"end":{"line":98,"column":68}},"type":"binary-expr","locations":[{"start":{"line":98,"column":26},"end":{"line":98,"column":45}},{"start":{"line":98,"column":49},"end":{"line":98,"column":68}}],"line":98}},"s":{"0":0,"1":0,"2":0,"3":0,"4":0,"5":0,"6":0,"7":0,"8":0,"9":0,"10":0,"11":0,"12":0,"13":0,"14":0,"15":0,"16":0,"17":0,"18":0,"19":0,"20":0,"21":0,"22":0,"23":0,"24":0,"25":0,"26":0,"27":0,"28":0,"29":0,"30":0,"31":0,"32":0,"33":0,"34":0,"35":0,"36":0,"37":0,"38":0,"39":0,"40":0,"41":0,"42":0,"43":0,"44":0,"45":0,"46":0,"47":0,"48":0,"49":0,"50":0,"51":0,"52":0,"53":0,"54":0,"55":0,"56":0,"57":0,"58":0,"59":0,"60":0,"61":0},"f":{"0":0,"1":0,"2":0},"b":{"0":[0,0],"1":[0,0],"2":[0,0],"3":[0,0]}}
,"C:\\Users\\Dell\\Desktop\\QR Code\\backend\\tmp_fix_plan.js": {"path":"C:\\Users\\Dell\\Desktop\\QR Code\\backend\\tmp_fix_plan.js","statementMap":{"0":{"start":{"line":1,"column":0},"end":{"line":1,"column":27}},"1":{"start":{"line":2,"column":17},"end":{"line":2,"column":36}},"2":{"start":{"line":4,"column":16},"end":{"line":28,"column":1}},"3":{"start":{"line":5,"column":4},"end":{"line":27,"column":5}},"4":{"start":{"line":6,"column":8},"end":{"line":6,"column":56}},"5":{"start":{"line":7,"column":8},"end":{"line":7,"column":46}},"6":{"start":{"line":9,"column":21},"end":{"line":9,"column":45}},"7":{"start":{"line":10,"column":23},"end":{"line":20,"column":9}},"8":{"start":{"line":22,"column":8},"end":{"line":22,"column":48}},"9":{"start":{"line":23,"column":8},"end":{"line":23,"column":24}},"10":{"start":{"line":25,"column":8},"end":{"line":25,"column":39}},"11":{"start":{"line":26,"column":8},"end":{"line":26,"column":24}},"12":{"start":{"line":30,"column":0},"end":{"line":30,"column":10}}},"fnMap":{"0":{"name":"(anonymous_0)","decl":{"start":{"line":4,"column":16},"end":{"line":4,"column":17}},"loc":{"start":{"line":4,"column":28},"end":{"line":28,"column":1}},"line":4}},"branchMap":{},"s":{"0":0,"1":0,"2":0,"3":0,"4":0,"5":0,"6":0,"7":0,"8":0,"9":0,"10":0,"11":0,"12":0},"f":{"0":0},"b":{}}
,"C:\\Users\\Dell\\Desktop\\QR Code\\backend\\config\\passport.js": {"path":"C:\\Users\\Dell\\Desktop\\QR Code\\backend\\config\\passport.js","statementMap":{"0":{"start":{"line":1,"column":17},"end":{"line":1,"column":36}},"1":{"start":{"line":2,"column":23},"end":{"line":2,"column":66}},"2":{"start":{"line":3,"column":13},"end":{"line":3,"column":38}},"3":{"start":{"line":4,"column":15},"end":{"line":4,"column":32}},"4":{"start":{"line":8,"column":2},"end":{"line":8,"column":70}},"5":{"start":{"line":8,"column":14},"end":{"line":8,"column":70}},"6":{"start":{"line":10,"column":2},"end":{"line":10,"column":66}},"7":{"start":{"line":11,"column":2},"end":{"line":11,"column":56}},"8":{"start":{"line":14,"column":13},"end":{"line":19,"column":4}},"9":{"start":{"line":21,"column":2},"end":{"line":77,"column":3}},"10":{"start":{"line":22,"column":4},"end":{"line":22,"column":52}},"11":{"start":{"line":25,"column":20},"end":{"line":25,"column":25}},"12":{"start":{"line":26,"column":4},"end":{"line":30,"column":5}},"13":{"start":{"line":27,"column":6},"end":{"line":27,"column":58}},"14":{"start":{"line":28,"column":6},"end":{"line":28,"column":33}},"15":{"start":{"line":29,"column":6},"end":{"line":29,"column":23}},"16":{"start":{"line":33,"column":4},"end":{"line":37,"column":5}},"17":{"start":{"line":34,"column":6},"end":{"line":34,"column":62}},"18":{"start":{"line":35,"column":6},"end":{"line":35,"column":27}},"19":{"start":{"line":36,"column":6},"end":{"line":36,"column":23}},"20":{"start":{"line":39,"column":4},"end":{"line":42,"column":5}},"21":{"start":{"line":40,"column":6},"end":{"line":40,"column":24}},"22":{"start":{"line":41,"column":6},"end":{"line":41,"column":49}},"23":{"start":{"line":44,"column":4},"end":{"line":44,"column":68}},"24":{"start":{"line":45,"column":4},"end":{"line":45,"column":16}},"25":{"start":{"line":47,"column":4},"end":{"line":47,"column":45}},"26":{"start":{"line":50,"column":4},"end":{"line":59,"column":7}},"27":{"start":{"line":61,"column":4},"end":{"line":61,"column":22}},"28":{"start":{"line":62,"column":4},"end":{"line":62,"column":55}},"29":{"start":{"line":63,"column":4},"end":{"line":63,"column":41}},"30":{"start":{"line":64,"column":4},"end":{"line":64,"column":39}},"31":{"start":{"line":65,"column":4},"end":{"line":65,"column":74}},"32":{"start":{"line":68,"column":25},"end":{"line":68,"column":54}},"33":{"start":{"line":69,"column":4},"end":{"line":72,"column":5}},"34":{"start":{"line":70,"column":6},"end":{"line":70,"column":62}},"35":{"start":{"line":71,"column":6},"end":{"line":71,"column":57}},"36":{"start":{"line":74,"column":4},"end":{"line":74,"column":47}},"37":{"start":{"line":75,"column":4},"end":{"line":75,"column":68}},"38":{"start":{"line":76,"column":4},"end":{"line":76,"column":24}},"39":{"start":{"line":83,"column":21},"end":{"line":83,"column":111}},"40":{"start":{"line":85,"column":0},"end":{"line":85,"column":64}},"41":{"start":{"line":86,"column":0},"end":{"line":86,"column":45}},"42":{"start":{"line":87,"column":0},"end":{"line":87,"column":64}},"43":{"start":{"line":88,"column":0},"end":{"line":88,"column":43}},"44":{"start":{"line":89,"column":0},"end":{"line":89,"column":80}},"45":{"start":{"line":90,"column":0},"end":{"line":90,"column":88}},"46":{"start":{"line":91,"column":0},"end":{"line":91,"column":64}},"47":{"start":{"line":94,"column":0},"end":{"line":151,"column":4}},"48":{"start":{"line":101,"column":2},"end":{"line":150,"column":3}},"49":{"start":{"line":102,"column":4},"end":{"line":102,"column":68}},"50":{"start":{"line":103,"column":4},"end":{"line":103,"column":45}},"51":{"start":{"line":104,"column":4},"end":{"line":104,"column":57}},"52":{"start":{"line":105,"column":4},"end":{"line":105,"column":49}},"53":{"start":{"line":106,"column":4},"end":{"line":106,"column":45}},"54":{"start":{"line":107,"column":4},"end":{"line":107,"column":68}},"55":{"start":{"line":109,"column":18},"end":{"line":109,"column":60}},"56":{"start":{"line":110,"column":17},"end":{"line":110,"column":36}},"57":{"start":{"line":111,"column":19},"end":{"line":111,"column":61}},"58":{"start":{"line":113,"column":4},"end":{"line":116,"column":5}},"59":{"start":{"line":114,"column":6},"end":{"line":114,"column":52}},"60":{"start":{"line":115,"column":6},"end":{"line":115,"column":66}},"61":{"start":{"line":119,"column":17},"end":{"line":125,"column":6}},"62":{"start":{"line":127,"column":4},"end":{"line":127,"column":68}},"63":{"start":{"line":128,"column":4},"end":{"line":128,"column":53}},"64":{"start":{"line":129,"column":4},"end":{"line":129,"column":41}},"65":{"start":{"line":130,"column":4},"end":{"line":130,"column":46}},"66":{"start":{"line":131,"column":4},"end":{"line":131,"column":44}},"67":{"start":{"line":132,"column":4},"end":{"line":132,"column":74}},"68":{"start":{"line":133,"column":4},"end":{"line":133,"column":71}},"69":{"start":{"line":134,"column":4},"end":{"line":134,"column":81}},"70":{"start":{"line":135,"column":4},"end":{"line":135,"column":68}},"71":{"start":{"line":138,"column":4},"end":{"line":141,"column":5}},"72":{"start":{"line":139,"column":6},"end":{"line":139,"column":41}},"73":{"start":{"line":140,"column":6},"end":{"line":140,"column":59}},"74":{"start":{"line":143,"column":4},"end":{"line":143,"column":21}},"75":{"start":{"line":145,"column":4},"end":{"line":145,"column":70}},"76":{"start":{"line":146,"column":4},"end":{"line":146,"column":58}},"77":{"start":{"line":147,"column":4},"end":{"line":147,"column":41}},"78":{"start":{"line":148,"column":4},"end":{"line":148,"column":70}},"79":{"start":{"line":149,"column":4},"end":{"line":149,"column":22}},"80":{"start":{"line":154,"column":0},"end":{"line":157,"column":3}},"81":{"start":{"line":155,"column":2},"end":{"line":155,"column":48}},"82":{"start":{"line":156,"column":2},"end":{"line":156,"column":23}},"83":{"start":{"line":160,"column":0},"end":{"line":174,"column":3}},"84":{"start":{"line":161,"column":2},"end":{"line":173,"column":3}},"85":{"start":{"line":162,"column":4},"end":{"line":162,"column":46}},"86":{"start":{"line":163,"column":17},"end":{"line":163,"column":40}},"87":{"start":{"line":164,"column":4},"end":{"line":167,"column":5}},"88":{"start":{"line":165,"column":6},"end":{"line":165,"column":63}},"89":{"start":{"line":166,"column":6},"end":{"line":166,"column":53}},"90":{"start":{"line":168,"column":4},"end":{"line":168,"column":52}},"91":{"start":{"line":169,"column":4},"end":{"line":169,"column":21}},"92":{"start":{"line":171,"column":4},"end":{"line":171,"column":53}},"93":{"start":{"line":172,"column":4},"end":{"line":172,"column":22}},"94":{"start":{"line":176,"column":0},"end":{"line":176,"column":26}}},"fnMap":{"0":{"name":"findOrCreateUser","decl":{"start":{"line":7,"column":15},"end":{"line":7,"column":31}},"loc":{"start":{"line":7,"column":79},"end":{"line":78,"column":1}},"line":7},"1":{"name":"(anonymous_1)","decl":{"start":{"line":100,"column":3},"end":{"line":100,"column":4}},"loc":{"start":{"line":100,"column":55},"end":{"line":151,"column":1}},"line":100},"2":{"name":"(anonymous_2)","decl":{"start":{"line":154,"column":23},"end":{"line":154,"column":24}},"loc":{"start":{"line":154,"column":39},"end":{"line":157,"column":1}},"line":154},"3":{"name":"(anonymous_3)","decl":{"start":{"line":160,"column":25},"end":{"line":160,"column":26}},"loc":{"start":{"line":160,"column":45},"end":{"line":174,"column":1}},"line":160}},"branchMap":{"0":{"loc":{"start":{"line":8,"column":2},"end":{"line":8,"column":70}},"type":"if","locations":[{"start":{"line":8,"column":2},"end":{"line":8,"column":70}},{"start":{},"end":{}}],"line":8},"1":{"loc":{"start":{"line":21,"column":2},"end":{"line":77,"column":3}},"type":"if","locations":[{"start":{"line":21,"column":2},"end":{"line":77,"column":3}},{"start":{"line":46,"column":9},"end":{"line":77,"column":3}}],"line":21},"2":{"loc":{"start":{"line":26,"column":4},"end":{"line":30,"column":5}},"type":"if","locations":[{"start":{"line":26,"column":4},"end":{"line":30,"column":5}},{"start":{},"end":{}}],"line":26},"3":{"loc":{"start":{"line":26,"column":8},"end":{"line":26,"column":47}},"type":"binary-expr","locations":[{"start":{"line":26,"column":8},"end":{"line":26,"column":29}},{"start":{"line":26,"column":33},"end":{"line":26,"column":47}}],"line":26},"4":{"loc":{"start":{"line":33,"column":4},"end":{"line":37,"column":5}},"type":"if","locations":[{"start":{"line":33,"column":4},"end":{"line":37,"column":5}},{"start":{},"end":{}}],"line":33},"5":{"loc":{"start":{"line":33,"column":8},"end":{"line":33,"column":30}},"type":"binary-expr","locations":[{"start":{"line":33,"column":8},"end":{"line":33,"column":14}},{"start":{"line":33,"column":18},"end":{"line":33,"column":30}}],"line":33},"6":{"loc":{"start":{"line":39,"column":4},"end":{"line":42,"column":5}},"type":"if","locations":[{"start":{"line":39,"column":4},"end":{"line":42,"column":5}},{"start":{},"end":{}}],"line":39},"7":{"loc":{"start":{"line":51,"column":12},"end":{"line":51,"column":39}},"type":"binary-expr","locations":[{"start":{"line":51,"column":12},"end":{"line":51,"column":16}},{"start":{"line":51,"column":20},"end":{"line":51,"column":39}}],"line":51},"8":{"loc":{"start":{"line":58,"column":10},"end":{"line":58,"column":63}},"type":"cond-expr","locations":[{"start":{"line":58,"column":34},"end":{"line":58,"column":58}},{"start":{"line":58,"column":61},"end":{"line":58,"column":63}}],"line":58},"9":{"loc":{"start":{"line":65,"column":31},"end":{"line":65,"column":72}},"type":"cond-expr","locations":[{"start":{"line":65,"column":45},"end":{"line":65,"column":58}},{"start":{"line":65,"column":61},"end":{"line":65,"column":72}}],"line":65},"10":{"loc":{"start":{"line":69,"column":4},"end":{"line":72,"column":5}},"type":"if","locations":[{"start":{"line":69,"column":4},"end":{"line":72,"column":5}},{"start":{},"end":{}}],"line":69},"11":{"loc":{"start":{"line":83,"column":21},"end":{"line":83,"column":111}},"type":"binary-expr","locations":[{"start":{"line":83,"column":21},"end":{"line":83,"column":52}},{"start":{"line":83,"column":56},"end":{"line":83,"column":111}}],"line":83},"12":{"loc":{"start":{"line":89,"column":26},"end":{"line":89,"column":78}},"type":"cond-expr","locations":[{"start":{"line":89,"column":57},"end":{"line":89,"column":64}},{"start":{"line":89,"column":67},"end":{"line":89,"column":78}}],"line":89},"13":{"loc":{"start":{"line":90,"column":30},"end":{"line":90,"column":86}},"type":"cond-expr","locations":[{"start":{"line":90,"column":65},"end":{"line":90,"column":72}},{"start":{"line":90,"column":75},"end":{"line":90,"column":86}}],"line":90},"14":{"loc":{"start":{"line":109,"column":18},"end":{"line":109,"column":60}},"type":"binary-expr","locations":[{"start":{"line":109,"column":18},"end":{"line":109,"column":32}},{"start":{"line":109,"column":36},"end":{"line":109,"column":60}}],"line":109},"15":{"loc":{"start":{"line":111,"column":19},"end":{"line":111,"column":61}},"type":"binary-expr","locations":[{"start":{"line":111,"column":19},"end":{"line":111,"column":33}},{"start":{"line":111,"column":37},"end":{"line":111,"column":61}}],"line":111},"16":{"loc":{"start":{"line":113,"column":4},"end":{"line":116,"column":5}},"type":"if","locations":[{"start":{"line":113,"column":4},"end":{"line":116,"column":5}},{"start":{},"end":{}}],"line":113},"17":{"loc":{"start":{"line":132,"column":36},"end":{"line":132,"column":72}},"type":"cond-expr","locations":[{"start":{"line":132,"column":52},"end":{"line":132,"column":57}},{"start":{"line":132,"column":60},"end":{"line":132,"column":72}}],"line":132},"18":{"loc":{"start":{"line":133,"column":37},"end":{"line":133,"column":69}},"type":"cond-expr","locations":[{"start":{"line":133,"column":53},"end":{"line":133,"column":60}},{"start":{"line":133,"column":63},"end":{"line":133,"column":69}}],"line":133},"19":{"loc":{"start":{"line":134,"column":40},"end":{"line":134,"column":79}},"type":"cond-expr","locations":[{"start":{"line":134,"column":63},"end":{"line":134,"column":70}},{"start":{"line":134,"column":73},"end":{"line":134,"column":79}}],"line":134},"20":{"loc":{"start":{"line":138,"column":4},"end":{"line":141,"column":5}},"type":"if","locations":[{"start":{"line":138,"column":4},"end":{"line":141,"column":5}},{"start":{},"end":{}}],"line":138},"21":{"loc":{"start":{"line":164,"column":4},"end":{"line":167,"column":5}},"type":"if","locations":[{"start":{"line":164,"column":4},"end":{"line":167,"column":5}},{"start":{},"end":{}}],"line":164}},"s":{"0":1,"1":1,"2":1,"3":1,"4":0,"5":0,"6":0,"7":0,"8":0,"9":0,"10":0,"11":0,"12":0,"13":0,"14":0,"15":0,"16":0,"17":0,"18":0,"19":0,"20":0,"21":0,"22":0,"23":0,"24":0,"25":0,"26":0,"27":0,"28":0,"29":0,"30":0,"31":0,"32":0,"33":0,"34":0,"35":0,"36":0,"37":0,"38":0,"39":1,"40":1,"41":1,"42":1,"43":1,"44":1,"45":1,"46":1,"47":1,"48":0,"49":0,"50":0,"51":0,"52":0,"53":0,"54":0,"55":0,"56":0,"57":0,"58":0,"59":0,"60":0,"61":0,"62":0,"63":0,"64":0,"65":0,"66":0,"67":0,"68":0,"69":0,"70":0,"71":0,"72":0,"73":0,"74":0,"75":0,"76":0,"77":0,"78":0,"79":0,"80":1,"81":0,"82":0,"83":1,"84":0,"85":0,"86":0,"87":0,"88":0,"89":0,"90":0,"91":0,"92":0,"93":0,"94":1},"f":{"0":0,"1":0,"2":0,"3":0},"b":{"0":[0,0],"1":[0,0],"2":[0,0],"3":[0,0],"4":[0,0],"5":[0,0],"6":[0,0],"7":[0,0],"8":[0,0],"9":[0,0],"10":[0,0],"11":[1,0],"12":[1,0],"13":[1,0],"14":[0,0],"15":[0,0],"16":[0,0],"17":[0,0],"18":[0,0],"19":[0,0],"20":[0,0],"21":[0,0]},"_coverageSchema":"1a1c01bbd47fc00a2c39e90264f33305004495a9","hash":"1f9725aa441cd67c69c052b46e4d2e942718bf29"}
,"C:\\Users\\Dell\\Desktop\\QR Code\\backend\\config\\redis.js": {"path":"C:\\Users\\Dell\\Desktop\\QR Code\\backend\\config\\redis.js","statementMap":{"0":{"start":{"line":1,"column":14},"end":{"line":1,"column":32}},"1":{"start":{"line":5,"column":17},"end":{"line":5,"column":66}},"2":{"start":{"line":8,"column":20},"end":{"line":20,"column":2}},"3":{"start":{"line":13,"column":18},"end":{"line":13,"column":44}},"4":{"start":{"line":14,"column":4},"end":{"line":17,"column":5}},"5":{"start":{"line":15,"column":6},"end":{"line":15,"column":79}},"6":{"start":{"line":16,"column":6},"end":{"line":16,"column":18}},"7":{"start":{"line":18,"column":4},"end":{"line":18,"column":17}},"8":{"start":{"line":22,"column":0},"end":{"line":24,"column":3}},"9":{"start":{"line":23,"column":2},"end":{"line":23,"column":55}},"10":{"start":{"line":26,"column":0},"end":{"line":28,"column":3}},"11":{"start":{"line":27,"column":2},"end":{"line":27,"column":58}},"12":{"start":{"line":30,"column":0},"end":{"line":30,"column":29}}},"fnMap":{"0":{"name":"(anonymous_0)","decl":{"start":{"line":11,"column":2},"end":{"line":11,"column":3}},"loc":{"start":{"line":11,"column":23},"end":{"line":19,"column":3}},"line":11},"1":{"name":"(anonymous_1)","decl":{"start":{"line":22,"column":26},"end":{"line":22,"column":27}},"loc":{"start":{"line":22,"column":32},"end":{"line":24,"column":1}},"line":22},"2":{"name":"(anonymous_2)","decl":{"start":{"line":26,"column":24},"end":{"line":26,"column":25}},"loc":{"start":{"line":26,"column":33},"end":{"line":28,"column":1}},"line":26}},"branchMap":{"0":{"loc":{"start":{"line":5,"column":17},"end":{"line":5,"column":66}},"type":"binary-expr","locations":[{"start":{"line":5,"column":17},"end":{"line":5,"column":38}},{"start":{"line":5,"column":42},"end":{"line":5,"column":66}}],"line":5},"1":{"loc":{"start":{"line":14,"column":4},"end":{"line":17,"column":5}},"type":"if","locations":[{"start":{"line":14,"column":4},"end":{"line":17,"column":5}},{"start":{},"end":{}}],"line":14}},"s":{"0":1,"1":1,"2":1,"3":12,"4":12,"5":2,"6":2,"7":10,"8":1,"9":0,"10":1,"11":6,"12":1},"f":{"0":12,"1":0,"2":6},"b":{"0":[1,1],"1":[2,10]},"_coverageSchema":"1a1c01bbd47fc00a2c39e90264f33305004495a9","hash":"5e401c604ce26e1c549c54ac4a069115eba3a3b9"}
,"C:\\Users\\Dell\\Desktop\\QR Code\\backend\\coverage\\lcov-report\\block-navigation.js": {"path":"C:\\Users\\Dell\\Desktop\\QR Code\\backend\\coverage\\lcov-report\\block-navigation.js","statementMap":{"0":{"start":{"line":2,"column":17},"end":{"line":86,"column":4}},"1":{"start":{"line":4,"column":33},"end":{"line":4,"column":74}},"2":{"start":{"line":7,"column":30},"end":{"line":7,"column":44}},"3":{"start":{"line":10,"column":22},"end":{"line":10,"column":78}},"4":{"start":{"line":14,"column":8},"end":{"line":17,"column":55}},"5":{"start":{"line":20,"column":34},"end":{"line":20,"column":69}},"6":{"start":{"line":25,"column":8},"end":{"line":27,"column":45}},"7":{"start":{"line":28,"column":8},"end":{"line":28,"column":73}},"8":{"start":{"line":32,"column":8},"end":{"line":32,"column":27}},"9":{"start":{"line":33,"column":8},"end":{"line":33,"column":29}},"10":{"start":{"line":34,"column":8},"end":{"line":38,"column":11}},"11":{"start":{"line":42,"column":24},"end":{"line":42,"column":25}},"12":{"start":{"line":43,"column":8},"end":{"line":47,"column":9}},"13":{"start":{"line":44,"column":12},"end":{"line":44,"column":59}},"14":{"start":{"line":45,"column":15},"end":{"line":47,"column":9}},"15":{"start":{"line":46,"column":12},"end":{"line":46,"column":41}},"16":{"start":{"line":49,"column":8},"end":{"line":49,"column":31}},"17":{"start":{"line":53,"column":24},"end":{"line":53,"column":25}},"18":{"start":{"line":55,"column":8},"end":{"line":60,"column":9}},"19":{"start":{"line":59,"column":12},"end":{"line":59,"column":41}},"20":{"start":{"line":62,"column":8},"end":{"line":62,"column":31}},"21":{"start":{"line":65,"column":4},"end":{"line":85,"column":6}},"22":{"start":{"line":66,"column":8},"end":{"line":72,"column":9}},"23":{"start":{"line":71,"column":12},"end":{"line":71,"column":19}},"24":{"start":{"line":74,"column":8},"end":{"line":84,"column":9}},"25":{"start":{"line":77,"column":16},"end":{"line":77,"column":27}},"26":{"start":{"line":78,"column":16},"end":{"line":78,"column":22}},"27":{"start":{"line":82,"column":16},"end":{"line":82,"column":31}},"28":{"start":{"line":83,"column":16},"end":{"line":83,"column":22}},"29":{"start":{"line":87,"column":0},"end":{"line":87,"column":47}}},"fnMap":{"0":{"name":"init","decl":{"start":{"line":2,"column":27},"end":{"line":2,"column":31}},"loc":{"start":{"line":2,"column":34},"end":{"line":86,"column":1}},"line":2},"1":{"name":"toggleClass","decl":{"start":{"line":24,"column":13},"end":{"line":24,"column":24}},"loc":{"start":{"line":24,"column":32},"end":{"line":29,"column":5}},"line":24},"2":{"name":"makeCurrent","decl":{"start":{"line":31,"column":13},"end":{"line":31,"column":24}},"loc":{"start":{"line":31,"column":32},"end":{"line":39,"column":5}},"line":31},"3":{"name":"goToPrevious","decl":{"start":{"line":41,"column":13},"end":{"line":41,"column":25}},"loc":{"start":{"line":41,"column":28},"end":{"line":50,"column":5}},"line":41},"4":{"name":"goToNext","decl":{"start":{"line":52,"column":13},"end":{"line":52,"column":21}},"loc":{"start":{"line":52,"column":24},"end":{"line":63,"column":5}},"line":52},"5":{"name":"jump","decl":{"start":{"line":65,"column":20},"end":{"line":65,"column":24}},"loc":{"start":{"line":65,"column":32},"end":{"line":85,"column":5}},"line":65}},"branchMap":{"0":{"loc":{"start":{"line":43,"column":8},"end":{"line":47,"column":9}},"type":"if","locations":[{"start":{"line":43,"column":8},"end":{"line":47,"column":9}},{"start":{"line":45,"column":15},"end":{"line":47,"column":9}}],"line":43},"1":{"loc":{"start":{"line":43,"column":12},"end":{"line":43,"column":66}},"type":"binary-expr","locations":[{"start":{"line":43,"column":12},"end":{"line":43,"column":44}},{"start":{"line":43,"column":48},"end":{"line":43,"column":66}}],"line":43},"2":{"loc":{"start":{"line":45,"column":15},"end":{"line":47,"column":9}},"type":"if","locations":[{"start":{"line":45,"column":15},"end":{"line":47,"column":9}},{"start":{},"end":{}}],"line":45},"3":{"loc":{"start":{"line":55,"column":8},"end":{"line":60,"column":9}},"type":"if","locations":[{"start":{"line":55,"column":8},"end":{"line":60,"column":9}},{"start":{},"end":{}}],"line":55},"4":{"loc":{"start":{"line":56,"column":12},"end":{"line":57,"column":61}},"type":"binary-expr","locations":[{"start":{"line":56,"column":12},"end":{"line":56,"column":44}},{"start":{"line":57,"column":12},"end":{"line":57,"column":61}}],"line":56},"5":{"loc":{"start":{"line":66,"column":8},"end":{"line":72,"column":9}},"type":"if","locations":[{"start":{"line":66,"column":8},"end":{"line":72,"column":9}},{"start":{},"end":{}}],"line":66},"6":{"loc":{"start":{"line":67,"column":12},"end":{"line":68,"column":42}},"type":"binary-expr","locations":[{"start":{"line":67,"column":12},"end":{"line":67,"column":76}},{"start":{"line":68,"column":12},"end":{"line":68,"column":42}}],"line":67},"7":{"loc":{"start":{"line":74,"column":8},"end":{"line":84,"column":9}},"type":"switch","locations":[{"start":{"line":75,"column":12},"end":{"line":75,"column":20}},{"start":{"line":76,"column":12},"end":{"line":78,"column":22}},{"start":{"line":79,"column":12},"end":{"line":79,"column":20}},{"start":{"line":80,"column":12},"end":{"line":80,"column":20}},{"start":{"line":81,"column":12},"end":{"line":83,"column":22}}],"line":74}},"s":{"0":0,"1":0,"2":0,"3":0,"4":0,"5":0,"6":0,"7":0,"8":0,"9":0,"10":0,"11":0,"12":0,"13":0,"14":0,"15":0,"16":0,"17":0,"18":0,"19":0,"20":0,"21":0,"22":0,"23":0,"24":0,"25":0,"26":0,"27":0,"28":0,"29":0},"f":{"0":0,"1":0,"2":0,"3":0,"4":0,"5":0},"b":{"0":[0,0],"1":[0,0],"2":[0,0],"3":[0,0],"4":[0,0],"5":[0,0],"6":[0,0],"7":[0,0,0,0,0]}}
,"C:\\Users\\Dell\\Desktop\\QR Code\\backend\\coverage\\lcov-report\\prettify.js": {"path":"C:\\Users\\Dell\\Desktop\\QR Code\\backend\\coverage\\lcov-report\\prettify.js","statementMap":{"0":{"start":{"line":2,"column":0},"end":{"line":2,"column":39}},"1":{"start":{"line":2,"column":39},"end":{"line":2,"column":15785}},"2":{"start":{"line":2,"column":57},"end":{"line":2,"column":103}},"3":{"start":{"line":2,"column":110},"end":{"line":2,"column":270}},"4":{"start":{"line":2,"column":277},"end":{"line":2,"column":379}},"5":{"start":{"line":2,"column":386},"end":{"line":2,"column":644}},"6":{"start":{"line":2,"column":651},"end":{"line":2,"column":794}},"7":{"start":{"line":2,"column":801},"end":{"line":2,"column":1069}},"8":{"start":{"line":2,"column":1076},"end":{"line":2,"column":1234}},"9":{"start":{"line":2,"column":1241},"end":{"line":2,"column":1321}},"10":{"start":{"line":2,"column":1328},"end":{"line":2,"column":1504}},"11":{"start":{"line":2,"column":1511},"end":{"line":2,"column":1665}},"12":{"start":{"line":2,"column":1672},"end":{"line":2,"column":1844}},"13":{"start":{"line":2,"column":1851},"end":{"line":2,"column":1917}},"14":{"start":{"line":2,"column":1924},"end":{"line":2,"column":1939}},"15":{"start":{"line":2,"column":1946},"end":{"line":2,"column":2058}},"16":{"start":{"line":2,"column":2065},"end":{"line":2,"column":2070}},"17":{"start":{"line":2,"column":2077},"end":{"line":2,"column":2082}},"18":{"start":{"line":2,"column":2089},"end":{"line":2,"column":2094}},"19":{"start":{"line":2,"column":2101},"end":{"line":2,"column":2106}},"20":{"start":{"line":2,"column":2113},"end":{"line":2,"column":2118}},"21":{"start":{"line":2,"column":2125},"end":{"line":2,"column":2130}},"22":{"start":{"line":2,"column":2137},"end":{"line":2,"column":2142}},"23":{"start":{"line":2,"column":2149},"end":{"line":2,"column":2154}},"24":{"start":{"line":2,"column":2161},"end":{"line":2,"column":2166}},"25":{"start":{"line":2,"column":2173},"end":{"line":2,"column":2178}},"26":{"start":{"line":2,"column":2185},"end":{"line":2,"column":2190}},"27":{"start":{"line":2,"column":2197},"end":{"line":2,"column":2202}},"28":{"start":{"line":2,"column":2209},"end":{"line":2,"column":2217}},"29":{"start":{"line":2,"column":2224},"end":{"line":2,"column":2523}},"30":{"start":{"line":2,"column":2545},"end":{"line":2,"column":2546}},"31":{"start":{"line":2,"column":2553},"end":{"line":2,"column":2558}},"32":{"start":{"line":2,"column":2566},"end":{"line":2,"column":2571}},"33":{"start":{"line":2,"column":2572},"end":{"line":2,"column":2754}},"34":{"start":{"line":2,"column":2582},"end":{"line":2,"column":2583}},"35":{"start":{"line":2,"column":2586},"end":{"line":2,"column":2594}},"36":{"start":{"line":2,"column":2611},"end":{"line":2,"column":2615}},"37":{"start":{"line":2,"column":2616},"end":{"line":2,"column":2753}},"38":{"start":{"line":2,"column":2634},"end":{"line":2,"column":2641}},"39":{"start":{"line":2,"column":2647},"end":{"line":2,"column":2752}},"40":{"start":{"line":2,"column":2730},"end":{"line":2,"column":2737}},"41":{"start":{"line":2,"column":2737},"end":{"line":2,"column":2746}},"42":{"start":{"line":2,"column":2746},"end":{"line":2,"column":2751}},"43":{"start":{"line":2,"column":2760},"end":{"line":2,"column":2789}},"44":{"start":{"line":2,"column":2813},"end":{"line":2,"column":2829}},"45":{"start":{"line":2,"column":2830},"end":{"line":2,"column":2852}},"46":{"start":{"line":2,"column":2842},"end":{"line":2,"column":2851}},"47":{"start":{"line":2,"column":2859},"end":{"line":2,"column":2871}},"48":{"start":{"line":2,"column":2872},"end":{"line":2,"column":2881}},"49":{"start":{"line":2,"column":2881},"end":{"line":2,"column":3054}},"50":{"start":{"line":2,"column":2888},"end":{"line":2,"column":2897}},"51":{"start":{"line":2,"column":2903},"end":{"line":2,"column":3053}},"52":{"start":{"line":2,"column":2924},"end":{"line":2,"column":2958}},"53":{"start":{"line":2,"column":2964},"end":{"line":2,"column":3052}},"54":{"start":{"line":2,"column":2987},"end":{"line":2,"column":3022}},"55":{"start":{"line":2,"column":3028},"end":{"line":2,"column":3051}},"56":{"start":{"line":2,"column":3070},"end":{"line":2,"column":3123}},"57":{"start":{"line":2,"column":3080},"end":{"line":2,"column":3122}},"58":{"start":{"line":2,"column":3130},"end":{"line":2,"column":3153}},"59":{"start":{"line":2,"column":3154},"end":{"line":2,"column":3209}},"60":{"start":{"line":2,"column":3198},"end":{"line":2,"column":3208}},"61":{"start":{"line":2,"column":3209},"end":{"line":2,"column":3218}},"62":{"start":{"line":2,"column":3241},"end":{"line":2,"column":3392}},"63":{"start":{"line":2,"column":3400},"end":{"line":2,"column":3402}},"64":{"start":{"line":2,"column":3410},"end":{"line":2,"column":3412}},"65":{"start":{"line":2,"column":3420},"end":{"line":2,"column":3431}},"66":{"start":{"line":2,"column":3432},"end":{"line":2,"column":3796}},"67":{"start":{"line":2,"column":3443},"end":{"line":2,"column":3449}},"68":{"start":{"line":2,"column":3453},"end":{"line":2,"column":3462}},"69":{"start":{"line":2,"column":3482},"end":{"line":2,"column":3488}},"70":{"start":{"line":2,"column":3489},"end":{"line":2,"column":3795}},"71":{"start":{"line":2,"column":3514},"end":{"line":2,"column":3525}},"72":{"start":{"line":2,"column":3538},"end":{"line":2,"column":3544}},"73":{"start":{"line":2,"column":3552},"end":{"line":2,"column":3613}},"74":{"start":{"line":2,"column":3580},"end":{"line":2,"column":3596}},"75":{"start":{"line":2,"column":3596},"end":{"line":2,"column":3601}},"76":{"start":{"line":2,"column":3607},"end":{"line":2,"column":3612}},"77":{"start":{"line":2,"column":3613},"end":{"line":2,"column":3630}},"78":{"start":{"line":2,"column":3630},"end":{"line":2,"column":3794}},"79":{"start":{"line":2,"column":3651},"end":{"line":2,"column":3720}},"80":{"start":{"line":2,"column":3671},"end":{"line":2,"column":3719}},"81":{"start":{"line":2,"column":3720},"end":{"line":2,"column":3793}},"82":{"start":{"line":2,"column":3741},"end":{"line":2,"column":3792}},"83":{"start":{"line":2,"column":3796},"end":{"line":2,"column":3857}},"84":{"start":{"line":2,"column":3820},"end":{"line":2,"column":3854}},"85":{"start":{"line":2,"column":3864},"end":{"line":2,"column":3866}},"86":{"start":{"line":2,"column":3874},"end":{"line":2,"column":3883}},"87":{"start":{"line":2,"column":3884},"end":{"line":2,"column":3998}},"88":{"start":{"line":2,"column":3895},"end":{"line":2,"column":3896}},"89":{"start":{"line":2,"column":3923},"end":{"line":2,"column":3929}},"90":{"start":{"line":2,"column":3930},"end":{"line":2,"column":3997}},"91":{"start":{"line":2,"column":3949},"end":{"line":2,"column":3976}},"92":{"start":{"line":2,"column":3982},"end":{"line":2,"column":3996}},"93":{"start":{"line":2,"column":4005},"end":{"line":2,"column":4010}},"94":{"start":{"line":2,"column":4011},"end":{"line":2,"column":4031}},"95":{"start":{"line":2,"column":4018},"end":{"line":2,"column":4030}},"96":{"start":{"line":2,"column":4031},"end":{"line":2,"column":4052}},"97":{"start":{"line":2,"column":4052},"end":{"line":2,"column":4182}},"98":{"start":{"line":2,"column":4063},"end":{"line":2,"column":4064}},"99":{"start":{"line":2,"column":4091},"end":{"line":2,"column":4097}},"100":{"start":{"line":2,"column":4098},"end":{"line":2,"column":4116}},"101":{"start":{"line":2,"column":4116},"end":{"line":2,"column":4181}},"102":{"start":{"line":2,"column":4132},"end":{"line":2,"column":4163}},"103":{"start":{"line":2,"column":4150},"end":{"line":2,"column":4162}},"104":{"start":{"line":2,"column":4163},"end":{"line":2,"column":4180}},"105":{"start":{"line":2,"column":4182},"end":{"line":2,"column":4195}},"106":{"start":{"line":2,"column":4195},"end":{"line":2,"column":4213}},"107":{"start":{"line":2,"column":4236},"end":{"line":2,"column":4424}},"108":{"start":{"line":2,"column":4432},"end":{"line":2,"column":4441}},"109":{"start":{"line":2,"column":4449},"end":{"line":2,"column":4451}},"110":{"start":{"line":2,"column":4452},"end":{"line":2,"column":4595}},"111":{"start":{"line":2,"column":4463},"end":{"line":2,"column":4464}},"112":{"start":{"line":2,"column":4468},"end":{"line":2,"column":4469}},"113":{"start":{"line":2,"column":4489},"end":{"line":2,"column":4495}},"114":{"start":{"line":2,"column":4496},"end":{"line":2,"column":4594}},"115":{"start":{"line":2,"column":4509},"end":{"line":2,"column":4513}},"116":{"start":{"line":2,"column":4519},"end":{"line":2,"column":4593}},"117":{"start":{"line":2,"column":4550},"end":{"line":2,"column":4566}},"118":{"start":{"line":2,"column":4567},"end":{"line":2,"column":4592}},"119":{"start":{"line":2,"column":4582},"end":{"line":2,"column":4591}},"120":{"start":{"line":2,"column":4595},"end":{"line":2,"column":4656}},"121":{"start":{"line":2,"column":4606},"end":{"line":2,"column":4607}},"122":{"start":{"line":2,"column":4627},"end":{"line":2,"column":4655}},"123":{"start":{"line":2,"column":4643},"end":{"line":2,"column":4654}},"124":{"start":{"line":2,"column":4656},"end":{"line":2,"column":4845}},"125":{"start":{"line":2,"column":4667},"end":{"line":2,"column":4668}},"126":{"start":{"line":2,"column":4672},"end":{"line":2,"column":4673}},"127":{"start":{"line":2,"column":4693},"end":{"line":2,"column":4699}},"128":{"start":{"line":2,"column":4700},"end":{"line":2,"column":4844}},"129":{"start":{"line":2,"column":4713},"end":{"line":2,"column":4718}},"130":{"start":{"line":2,"column":4718},"end":{"line":2,"column":4754}},"131":{"start":{"line":2,"column":4741},"end":{"line":2,"column":4753}},"132":{"start":{"line":2,"column":4760},"end":{"line":2,"column":4843}},"133":{"start":{"line":2,"column":4791},"end":{"line":2,"column":4807}},"134":{"start":{"line":2,"column":4808},"end":{"line":2,"column":4842}},"135":{"start":{"line":2,"column":4823},"end":{"line":2,"column":4841}},"136":{"start":{"line":2,"column":4845},"end":{"line":2,"column":4919}},"137":{"start":{"line":2,"column":4856},"end":{"line":2,"column":4857}},"138":{"start":{"line":2,"column":4861},"end":{"line":2,"column":4862}},"139":{"start":{"line":2,"column":4875},"end":{"line":2,"column":4918}},"140":{"start":{"line":2,"column":4908},"end":{"line":2,"column":4917}},"141":{"start":{"line":2,"column":4919},"end":{"line":2,"column":5178}},"142":{"start":{"line":2,"column":4940},"end":{"line":2,"column":5177}},"143":{"start":{"line":2,"column":4951},"end":{"line":2,"column":4952}},"144":{"start":{"line":2,"column":4972},"end":{"line":2,"column":4978}},"145":{"start":{"line":2,"column":4986},"end":{"line":2,"column":4998}},"146":{"start":{"line":2,"column":4999},"end":{"line":2,"column":5176}},"147":{"start":{"line":2,"column":5026},"end":{"line":2,"column":5038}},"148":{"start":{"line":2,"column":5044},"end":{"line":2,"column":5175}},"149":{"start":{"line":2,"column":5058},"end":{"line":2,"column":5174}},"150":{"start":{"line":2,"column":5108},"end":{"line":2,"column":5124}},"151":{"start":{"line":2,"column":5125},"end":{"line":2,"column":5172}},"152":{"start":{"line":2,"column":5178},"end":{"line":2,"column":5196}},"153":{"start":{"line":2,"column":5204},"end":{"line":2,"column":5206}},"154":{"start":{"line":2,"column":5207},"end":{"line":2,"column":5327}},"155":{"start":{"line":2,"column":5217},"end":{"line":2,"column":5218}},"156":{"start":{"line":2,"column":5221},"end":{"line":2,"column":5229}},"157":{"start":{"line":2,"column":5246},"end":{"line":2,"column":5250}},"158":{"start":{"line":2,"column":5251},"end":{"line":2,"column":5302}},"159":{"start":{"line":2,"column":5279},"end":{"line":2,"column":5301}},"160":{"start":{"line":2,"column":5302},"end":{"line":2,"column":5326}},"161":{"start":{"line":2,"column":5327},"end":{"line":2,"column":5370}},"162":{"start":{"line":2,"column":5391},"end":{"line":2,"column":5415}},"163":{"start":{"line":2,"column":5422},"end":{"line":2,"column":5424}},"164":{"start":{"line":2,"column":5431},"end":{"line":2,"column":5432}},"165":{"start":{"line":2,"column":5439},"end":{"line":2,"column":5441}},"166":{"start":{"line":2,"column":5448},"end":{"line":2,"column":5449}},"167":{"start":{"line":2,"column":5456},"end":{"line":2,"column":5617}},"168":{"start":{"line":2,"column":5475},"end":{"line":2,"column":5502}},"169":{"start":{"line":2,"column":5508},"end":{"line":2,"column":5616}},"170":{"start":{"line":2,"column":5536},"end":{"line":2,"column":5615}},"171":{"start":{"line":2,"column":5623},"end":{"line":2,"column":5650}},"172":{"start":{"line":2,"column":5667},"end":{"line":2,"column":6045}},"173":{"start":{"line":2,"column":5694},"end":{"line":2,"column":5726}},"174":{"start":{"line":2,"column":5719},"end":{"line":2,"column":5725}},"175":{"start":{"line":2,"column":5726},"end":{"line":2,"column":5780}},"176":{"start":{"line":2,"column":5737},"end":{"line":2,"column":5750}},"177":{"start":{"line":2,"column":5773},"end":{"line":2,"column":5779}},"178":{"start":{"line":2,"column":5787},"end":{"line":2,"column":5798}},"179":{"start":{"line":2,"column":5799},"end":{"line":2,"column":5863}},"180":{"start":{"line":2,"column":5824},"end":{"line":2,"column":5834}},"181":{"start":{"line":2,"column":5834},"end":{"line":2,"column":5846}},"182":{"start":{"line":2,"column":5846},"end":{"line":2,"column":5862}},"183":{"start":{"line":2,"column":5863},"end":{"line":2,"column":5869}},"184":{"start":{"line":2,"column":5890},"end":{"line":2,"column":5902}},"185":{"start":{"line":2,"column":5903},"end":{"line":2,"column":6039}},"186":{"start":{"line":2,"column":5917},"end":{"line":2,"column":5991}},"187":{"start":{"line":2,"column":5924},"end":{"line":2,"column":5956}},"188":{"start":{"line":2,"column":5962},"end":{"line":2,"column":5990}},"189":{"start":{"line":2,"column":5991},"end":{"line":2,"column":5999}},"190":{"start":{"line":2,"column":5999},"end":{"line":2,"column":6009}},"191":{"start":{"line":2,"column":6009},"end":{"line":2,"column":6022}},"192":{"start":{"line":2,"column":6022},"end":{"line":2,"column":6038}},"193":{"start":{"line":2,"column":6039},"end":{"line":2,"column":6044}},"194":{"start":{"line":2,"column":6046},"end":{"line":2,"column":6052}},"195":{"start":{"line":2,"column":6052},"end":{"line":2,"column":6107}},"196":{"start":{"line":2,"column":6128},"end":{"line":2,"column":6142}},"197":{"start":{"line":2,"column":6135},"end":{"line":2,"column":6141}},"198":{"start":{"line":2,"column":6148},"end":{"line":2,"column":6172}},"199":{"start":{"line":2,"column":6173},"end":{"line":2,"column":6178}},"200":{"start":{"line":2,"column":6178},"end":{"line":2,"column":6207}},"201":{"start":{"line":2,"column":6214},"end":{"line":2,"column":6218}},"202":{"start":{"line":2,"column":6239},"end":{"line":2,"column":6248}},"203":{"start":{"line":2,"column":6249},"end":{"line":2,"column":6362}},"204":{"start":{"line":2,"column":6259},"end":{"line":2,"column":6271}},"205":{"start":{"line":2,"column":6297},"end":{"line":2,"column":6307}},"206":{"start":{"line":2,"column":6308},"end":{"line":2,"column":6361}},"207":{"start":{"line":2,"column":6362},"end":{"line":2,"column":6386}},"208":{"start":{"line":2,"column":6409},"end":{"line":2,"column":6411}},"209":{"start":{"line":2,"column":6418},"end":{"line":2,"column":6700}},"210":{"start":{"line":2,"column":6437},"end":{"line":2,"column":6448}},"211":{"start":{"line":2,"column":6456},"end":{"line":2,"column":6458}},"212":{"start":{"line":2,"column":6466},"end":{"line":2,"column":6468}},"213":{"start":{"line":2,"column":6469},"end":{"line":2,"column":6665}},"214":{"start":{"line":2,"column":6480},"end":{"line":2,"column":6481}},"215":{"start":{"line":2,"column":6484},"end":{"line":2,"column":6493}},"216":{"start":{"line":2,"column":6511},"end":{"line":2,"column":6517}},"217":{"start":{"line":2,"column":6525},"end":{"line":2,"column":6529}},"218":{"start":{"line":2,"column":6530},"end":{"line":2,"column":6588}},"219":{"start":{"line":2,"column":6537},"end":{"line":2,"column":6587}},"220":{"start":{"line":2,"column":6548},"end":{"line":2,"column":6557}},"221":{"start":{"line":2,"column":6568},"end":{"line":2,"column":6586}},"222":{"start":{"line":2,"column":6595},"end":{"line":2,"column":6599}},"223":{"start":{"line":2,"column":6607},"end":{"line":2,"column":6612}},"224":{"start":{"line":2,"column":6613},"end":{"line":2,"column":6664}},"225":{"start":{"line":2,"column":6640},"end":{"line":2,"column":6652}},"226":{"start":{"line":2,"column":6652},"end":{"line":2,"column":6663}},"227":{"start":{"line":2,"column":6665},"end":{"line":2,"column":6688}},"228":{"start":{"line":2,"column":6688},"end":{"line":2,"column":6695}},"229":{"start":{"line":2,"column":6706},"end":{"line":2,"column":6714}},"230":{"start":{"line":2,"column":6721},"end":{"line":2,"column":7510}},"231":{"start":{"line":2,"column":6740},"end":{"line":2,"column":6753}},"232":{"start":{"line":2,"column":6756},"end":{"line":2,"column":6766}},"233":{"start":{"line":2,"column":6774},"end":{"line":2,"column":6779}},"234":{"start":{"line":2,"column":6787},"end":{"line":2,"column":6788}},"235":{"start":{"line":2,"column":6796},"end":{"line":2,"column":6810}},"236":{"start":{"line":2,"column":6818},"end":{"line":2,"column":6820}},"237":{"start":{"line":2,"column":6821},"end":{"line":2,"column":7492}},"238":{"start":{"line":2,"column":6832},"end":{"line":2,"column":6833}},"239":{"start":{"line":2,"column":6837},"end":{"line":2,"column":6846}},"240":{"start":{"line":2,"column":6866},"end":{"line":2,"column":6872}},"241":{"start":{"line":2,"column":6880},"end":{"line":2,"column":6886}},"242":{"start":{"line":2,"column":6894},"end":{"line":2,"column":6900}},"243":{"start":{"line":2,"column":6908},"end":{"line":2,"column":7216}},"244":{"start":{"line":2,"column":6933},"end":{"line":2,"column":6941}},"245":{"start":{"line":2,"column":6954},"end":{"line":2,"column":6969}},"246":{"start":{"line":2,"column":6970},"end":{"line":2,"column":7099}},"247":{"start":{"line":2,"column":6977},"end":{"line":2,"column":6996}},"248":{"start":{"line":2,"column":6996},"end":{"line":2,"column":7004}},"249":{"start":{"line":2,"column":7010},"end":{"line":2,"column":7085}},"250":{"start":{"line":2,"column":7021},"end":{"line":2,"column":7022}},"251":{"start":{"line":2,"column":7034},"end":{"line":2,"column":7043}},"252":{"start":{"line":2,"column":7043},"end":{"line":2,"column":7062}},"253":{"start":{"line":2,"column":7062},"end":{"line":2,"column":7084}},"254":{"start":{"line":2,"column":7069},"end":{"line":2,"column":7078}},"255":{"start":{"line":2,"column":7078},"end":{"line":2,"column":7083}},"256":{"start":{"line":2,"column":7085},"end":{"line":2,"column":7098}},"257":{"start":{"line":2,"column":7093},"end":{"line":2,"column":7097}},"258":{"start":{"line":2,"column":7099},"end":{"line":2,"column":7144}},"259":{"start":{"line":2,"column":7144},"end":{"line":2,"column":7197}},"260":{"start":{"line":2,"column":7183},"end":{"line":2,"column":7192}},"261":{"start":{"line":2,"column":7192},"end":{"line":2,"column":7196}},"262":{"start":{"line":2,"column":7197},"end":{"line":2,"column":7215}},"263":{"start":{"line":2,"column":7205},"end":{"line":2,"column":7214}},"264":{"start":{"line":2,"column":7223},"end":{"line":2,"column":7225}},"265":{"start":{"line":2,"column":7226},"end":{"line":2,"column":7240}},"266":{"start":{"line":2,"column":7240},"end":{"line":2,"column":7491}},"267":{"start":{"line":2,"column":7248},"end":{"line":2,"column":7264}},"268":{"start":{"line":2,"column":7277},"end":{"line":2,"column":7282}},"269":{"start":{"line":2,"column":7290},"end":{"line":2,"column":7304}},"270":{"start":{"line":2,"column":7312},"end":{"line":2,"column":7324}},"271":{"start":{"line":2,"column":7325},"end":{"line":2,"column":7377}},"272":{"start":{"line":2,"column":7335},"end":{"line":2,"column":7361}},"273":{"start":{"line":2,"column":7361},"end":{"line":2,"column":7376}},"274":{"start":{"line":2,"column":7384},"end":{"line":2,"column":7399}},"275":{"start":{"line":2,"column":7400},"end":{"line":2,"column":7432}},"276":{"start":{"line":2,"column":7432},"end":{"line":2,"column":7458}},"277":{"start":{"line":2,"column":7458},"end":{"line":2,"column":7490}},"278":{"start":{"line":2,"column":7492},"end":{"line":2,"column":7509}},"279":{"start":{"line":2,"column":7511},"end":{"line":2,"column":7519}},"280":{"start":{"line":2,"column":7540},"end":{"line":2,"column":7542}},"281":{"start":{"line":2,"column":7545},"end":{"line":2,"column":7547}},"282":{"start":{"line":2,"column":7548},"end":{"line":2,"column":8035}},
[...]
,"C:\\Users\\Dell\\Desktop\\QR Code\\backend\\utils\\safeUrl.js": {"path":"C:\\Users\\Dell\\Desktop\\QR Code\\backend\\utils\\safeUrl.js","statementMap":{"0":{"start":{"line":2,"column":2},"end":{"line":2,"column":22}},"1":{"start":{"line":2,"column":12},"end":{"line":2,"column":22}},"2":{"start":{"line":3,"column":18},"end":{"line":3,"column":36}},"3":{"start":{"line":4,"column":2},"end":{"line":4,"column":26}},"4":{"start":{"line":4,"column":16},"end":{"line":4,"column":26}},"5":{"start":{"line":6,"column":16},"end":{"line":6,"column":37}},"6":{"start":{"line":7,"column":2},"end":{"line":13,"column":3}},"7":{"start":{"line":12,"column":4},"end":{"line":12,"column":14}},"8":{"start":{"line":15,"column":2},"end":{"line":21,"column":3}},"9":{"start":{"line":20,"column":4},"end":{"line":20,"column":19}},"10":{"start":{"line":23,"column":2},"end":{"line":23,"column":30}},"11":{"start":{"line":26,"column":0},"end":{"line":26,"column":41}}},"fnMap":{"0":{"name":"sanitizeExternalUrl","decl":{"start":{"line":1,"column":9},"end":{"line":1,"column":28}},"loc":{"start":{"line":1,"column":34},"end":{"line":24,"column":1}},"line":1}},"branchMap":{"0":{"loc":{"start":{"line":2,"column":2},"end":{"line":2,"column":22}},"type":"if","locations":[{"start":{"line":2,"column":2},"end":{"line":2,"column":22}},{"start":{},"end":{}}],"line":2},"1":{"loc":{"start":{"line":4,"column":2},"end":{"line":4,"column":26}},"type":"if","locations":[{"start":{"line":4,"column":2},"end":{"line":4,"column":26}},{"start":{},"end":{}}],"line":4},"2":{"loc":{"start":{"line":7,"column":2},"end":{"line":13,"column":3}},"type":"if","locations":[{"start":{"line":7,"column":2},"end":{"line":13,"column":3}},{"start":{},"end":{}}],"line":7},"3":{"loc":{"start":{"line":8,"column":4},"end":{"line":10,"column":33}},"type":"binary-expr","locations":[{"start":{"line":8,"column":4},"end":{"line":8,"column":35}},{"start":{"line":9,"column":4},"end":{"line":9,"column":29}},{"start":{"line":10,"column":4},"end":{"line":10,"column":33}}],"line":8},"4":{"loc":{"start":{"line":15,"column":2},"end":{"line":21,"column":3}},"type":"if","locations":[{"start":{"line":15,"column":2},"end":{"line":21,"column":3}},{"start":{},"end":{}}],"line":15},"5":{"loc":{"start":{"line":16,"column":4},"end":{"line":18,"column":33}},"type":"binary-expr","locations":[{"start":{"line":16,"column":4},"end":{"line":16,"column":33}},{"start":{"line":17,"column":4},"end":{"line":17,"column":34}},{"start":{"line":18,"column":4},"end":{"line":18,"column":33}}],"line":16}},"s":{"0":0,"1":0,"2":0,"3":0,"4":0,"5":0,"6":0,"7":0,"8":0,"9":0,"10":0,"11":1},"f":{"0":0},"b":{"0":[0,0],"1":[0,0],"2":[0,0],"3":[0,0,0],"4":[0,0],"5":[0,0,0]},"_coverageSchema":"1a1c01bbd47fc00a2c39e90264f33305004495a9","hash":"cfe355b6f08f31bd366cce9d6f7d25c120b46085"}
,"C:\\Users\\Dell\\Desktop\\QR Code\\backend\\utils\\shortener.js": {"path":"C:\\Users\\Dell\\Desktop\\QR Code\\backend\\utils\\shortener.js","statementMap":{"0":{"start":{"line":1,"column":27},"end":{"line":1,"column":44}},"1":{"start":{"line":2,"column":15},"end":{"line":2,"column":32}},"2":{"start":{"line":5,"column":15},"end":{"line":5,"column":98}},"3":{"start":{"line":7,"column":0},"end":{"line":9,"column":2}},"4":{"start":{"line":8,"column":2},"end":{"line":8,"column":18}},"5":{"start":{"line":12,"column":0},"end":{"line":19,"column":2}},"6":{"start":{"line":13,"column":2},"end":{"line":18,"column":3}},"7":{"start":{"line":14,"column":19},"end":{"line":14,"column":31}},"8":{"start":{"line":15,"column":4},"end":{"line":15,"column":71}},"9":{"start":{"line":17,"column":4},"end":{"line":17,"column":17}},"10":{"start":{"line":22,"column":0},"end":{"line":36,"column":2}},"11":{"start":{"line":23,"column":2},"end":{"line":35,"column":3}},"12":{"start":{"line":24,"column":19},"end":{"line":30,"column":6}},"13":{"start":{"line":31,"column":4},"end":{"line":31,"column":18}},"14":{"start":{"line":33,"column":4},"end":{"line":33,"column":54}},"15":{"start":{"line":34,"column":4},"end":{"line":34,"column":16}},"16":{"start":{"line":39,"column":0},"end":{"line":71,"column":2}},"17":{"start":{"line":40,"column":13},"end":{"line":40,"column":28}},"18":{"start":{"line":42,"column":15},"end":{"line":42,"column":24}},"19":{"start":{"line":43,"column":16},"end":{"line":43,"column":25}},"20":{"start":{"line":44,"column":11},"end":{"line":44,"column":20}},"21":{"start":{"line":45,"column":14},"end":{"line":45,"column":19}},"22":{"start":{"line":48,"column":2},"end":{"line":50,"column":3}},"23":{"start":{"line":49,"column":4},"end":{"line":49,"column":17}},"24":{"start":{"line":53,"column":2},"end":{"line":54,"column":54}},"25":{"start":{"line":53,"column":26},"end":{"line":53,"column":44}},"26":{"start":{"line":54,"column":7},"end":{"line":54,"column":54}},"27":{"start":{"line":54,"column":36},"end":{"line":54,"column":54}},"28":{"start":{"line":57,"column":2},"end":{"line":61,"column":48}},"29":{"start":{"line":57,"column":23},"end":{"line":57,"column":40}},"30":{"start":{"line":58,"column":7},"end":{"line":61,"column":48}},"31":{"start":{"line":58,"column":31},"end":{"line":58,"column":50}},"32":{"start":{"line":59,"column":7},"end":{"line":61,"column":48}},"33":{"start":{"line":59,"column":32},"end":{"line":59,"column":52}},"34":{"start":{"line":60,"column":7},"end":{"line":61,"column":48}},"35":{"start":{"line":60,"column":31},"end":{"line":60,"column":50}},"36":{"start":{"line":61,"column":7},"end":{"line":61,"column":48}},"37":{"start":{"line":61,"column":30},"end":{"line":61,"column":48}},"38":{"start":{"line":64,"column":2},"end":{"line":68,"column":51}},"39":{"start":{"line":64,"column":27},"end":{"line":64,"column":42}},"40":{"start":{"line":65,"column":7},"end":{"line":68,"column":51}},"41":{"start":{"line":65,"column":28},"end":{"line":65,"column":41}},"42":{"start":{"line":66,"column":7},"end":{"line":68,"column":51}},"43":{"start":{"line":66,"column":30},"end":{"line":66,"column":43}},"44":{"start":{"line":67,"column":7},"end":{"line":68,"column":51}},"45":{"start":{"line":67,"column":32},"end":{"line":67,"column":47}},"46":{"start":{"line":68,"column":7},"end":{"line":68,"column":51}},"47":{"start":{"line":68,"column":40},"end":{"line":68,"column":51}},"48":{"start":{"line":70,"column":2},"end":{"line":70,"column":40}},"49":{"start":{"line":74,"column":0},"end":{"line":82,"column":2}},"50":{"start":{"line":76,"column":16},"end":{"line":76,"column":39}},"51":{"start":{"line":79,"column":19},"end":{"line":79,"column":87}},"52":{"start":{"line":81,"column":2},"end":{"line":81,"column":70}}},"fnMap":{"0":{"name":"(anonymous_0)","decl":{"start":{"line":7,"column":28},"end":{"line":7,"column":29}},"loc":{"start":{"line":7,"column":34},"end":{"line":9,"column":1}},"line":7},"1":{"name":"(anonymous_1)","decl":{"start":{"line":12,"column":21},"end":{"line":12,"column":22}},"loc":{"start":{"line":12,"column":30},"end":{"line":19,"column":1}},"line":12},"2":{"name":"(anonymous_2)","decl":{"start":{"line":22,"column":25},"end":{"line":22,"column":26}},"loc":{"start":{"line":22,"column":40},"end":{"line":36,"column":1}},"line":22},"3":{"name":"(anonymous_3)","decl":{"start":{"line":39,"column":25},"end":{"line":39,"column":26}},"loc":{"start":{"line":39,"column":40},"end":{"line":71,"column":1}},"line":39},"4":{"name":"(anonymous_4)","decl":{"start":{"line":74,"column":23},"end":{"line":74,"column":24}},"loc":{"start":{"line":74,"column":34},"end":{"line":82,"column":1}},"line":74}},"branchMap":{"0":{"loc":{"start":{"line":15,"column":11},"end":{"line":15,"column":70}},"type":"binary-expr","locations":[{"start":{"line":15,"column":11},"end":{"line":15,"column":38}},{"start":{"line":15,"column":42},"end":{"line":15,"column":70}}],"line":15},"1":{"loc":{"start":{"line":40,"column":13},"end":{"line":40,"column":28}},"type":"binary-expr","locations":[{"start":{"line":40,"column":13},"end":{"line":40,"column":22}},{"start":{"line":40,"column":26},"end":{"line":40,"column":28}}],"line":40},"2":{"loc":{"start":{"line":48,"column":2},"end":{"line":50,"column":3}},"type":"if","locations":[{"start":{"line":48,"column":2},"end":{"line":50,"column":3}},{"start":{},"end":{}}],"line":48},"3":{"loc":{"start":{"line":53,"column":2},"end":{"line":54,"column":54}},"type":"if","locations":[{"start":{"line":53,"column":2},"end":{"line":54,"column":54}},{"start":{"line":54,"column":7},"end":{"line":54,"column":54}}],"line":53},"4":{"loc":{"start":{"line":54,"column":7},"end":{"line":54,"column":54}},"type":"if","locations":[{"start":{"line":54,"column":7},"end":{"line":54,"column":54}},{"start":{},"end":{}}],"line":54},"5":{"loc":{"start":{"line":57,"column":2},"end":{"line":61,"column":48}},"type":"if","locations":[{"start":{"line":57,"column":2},"end":{"line":61,"column":48}},{"start":{"line":58,"column":7},"end":{"line":61,"column":48}}],"line":57},"6":{"loc":{"start":{"line":58,"column":7},"end":{"line":61,"column":48}},"type":"if","locations":[{"start":{"line":58,"column":7},"end":{"line":61,"column":48}},{"start":{"line":59,"column":7},"end":{"line":61,"column":48}}],"line":58},"7":{"loc":{"start":{"line":59,"column":7},"end":{"line":61,"column":48}},"type":"if","locations":[{"start":{"line":59,"column":7},"end":{"line":61,"column":48}},{"start":{"line":60,"column":7},"end":{"line":61,"column":48}}],"line":59},"8":{"loc":{"start":{"line":60,"column":7},"end":{"line":61,"column":48}},"type":"if","locations":[{"start":{"line":60,"column":7},"end":{"line":61,"column":48}},{"start":{"line":61,"column":7},"end":{"line":61,"column":48}}],"line":60},"9":{"loc":{"start":{"line":61,"column":7},"end":{"line":61,"column":48}},"type":"if","locations":[{"start":{"line":61,"column":7},"end":{"line":61,"column":48}},{"start":{},"end":{}}],"line":61},"10":{"loc":{"start":{"line":64,"column":2},"end":{"line":68,"column":51}},"type":"if","locations":[{"start":{"line":64,"column":2},"end":{"line":68,"column":51}},{"start":{"line":65,"column":7},"end":{"line":68,"column":51}}],"line":64},"11":{"loc":{"start":{"line":65,"column":7},"end":{"line":68,"column":51}},"type":"if","locations":[{"start":{"line":65,"column":7},"end":{"line":68,"column":51}},{"start":{"line":66,"column":7},"end":{"line":68,"column":51}}],"line":65},"12":{"loc":{"start":{"line":66,"column":7},"end":{"line":68,"column":51}},"type":"if","locations":[{"start":{"line":66,"column":7},"end":{"line":68,"column":51}},{"start":{"line":67,"column":7},"end":{"line":68,"column":51}}],"line":66},"13":{"loc":{"start":{"line":67,"column":7},"end":{"line":68,"column":51}},"type":"if","locations":[{"start":{"line":67,"column":7},"end":{"line":68,"column":51}},{"start":{"line":68,"column":7},"end":{"line":68,"column":51}}],"line":67},"14":{"loc":{"start":{"line":68,"column":7},"end":{"line":68,"column":51}},"type":"if","locations":[{"start":{"line":68,"column":7},"end":{"line":68,"column":51}},{"start":{},"end":{}}],"line":68},"15":{"loc":{"start":{"line":81,"column":9},"end":{"line":81,"column":69}},"type":"binary-expr","locations":[{"start":{"line":81,"column":9},"end":{"line":81,"column":26}},{"start":{"line":81,"column":30},"end":{"line":81,"column":69}}],"line":81}},"s":{"0":1,"1":1,"2":1,"3":1,"4":5,"5":1,"6":6,"7":6,"8":5,"9":1,"10":1,"11":5,"12":5,"13":5,"14":0,"15":0,"16":1,"17":0,"18":0,"19":0,"20":0,"21":0,"22":0,"23":0,"24":0,"25":0,"26":0,"27":0,"28":0,"29":0,"30":0,"31":0,"32":0,"33":0,"34":0,"35":0,"36":0,"37":0,"38":0,"39":0,"40":0,"41":0,"42":0,"43":0,"44":0,"45":0,"46":0,"47":0,"48":0,"49":1,"50":0,"51":0,"52":0},"f":{"0":5,"1":6,"2":5,"3":0,"4":0},"b":{"0":[5,5],"1":[0,0],"2":[0,0],"3":[0,0],"4":[0,0],"5":[0,0],"6":[0,0],"7":[0,0],"8":[0,0],"9":[0,0],"10":[0,0],"11":[0,0],"12":[0,0],"13":[0,0],"14":[0,0],"15":[0,0]},"_coverageSchema":"1a1c01bbd47fc00a2c39e90264f33305004495a9","hash":"6a7cb4a7869cce022e702e8a40339702df983e1d"}
,"C:\\Users\\Dell\\Desktop\\QR Code\\backend\\utils\\urlSafety.js": {"path":"C:\\Users\\Dell\\Desktop\\QR Code\\backend\\utils\\urlSafety.js","statementMap":{"0":{"start":{"line":11,"column":24},"end":{"line":23,"column":1}},"1":{"start":{"line":28,"column":26},"end":{"line":72,"column":1}},"2":{"start":{"line":78,"column":31},"end":{"line":90,"column":1}},"3":{"start":{"line":92,"column":24},"end":{"line":94,"column":1}},"4":{"start":{"line":103,"column":2},"end":{"line":103,"column":48}},"5":{"start":{"line":103,"column":12},"end":{"line":103,"column":48}},"6":{"start":{"line":105,"column":2},"end":{"line":196,"column":3}},"7":{"start":{"line":106,"column":19},"end":{"line":106,"column":31}},"8":{"start":{"line":107,"column":21},"end":{"line":107,"column":50}},"9":{"start":{"line":108,"column":20},"end":{"line":108,"column":37}},"10":{"start":{"line":111,"column":4},"end":{"line":116,"column":5}},"11":{"start":{"line":112,"column":6},"end":{"line":115,"column":8}},"12":{"start":{"line":119,"column":4},"end":{"line":124,"column":5}},"13":{"start":{"line":120,"column":6},"end":{"line":123,"column":8}},"14":{"start":{"line":125,"column":4},"end":{"line":130,"column":5}},"15":{"start":{"line":126,"column":6},"end":{"line":129,"column":8}},"16":{"start":{"line":131,"column":4},"end":{"line":136,"column":5}},"17":{"start":{"line":131,"column":38},"end":{"line":131,"column":60}},"18":{"start":{"line":132,"column":6},"end":{"line":135,"column":8}},"19":{"start":{"line":139,"column":4},"end":{"line":146,"column":5}},"20":{"start":{"line":140,"column":6},"end":{"line":145,"column":7}},"21":{"start":{"line":141,"column":8},"end":{"line":144,"column":10}},"22":{"start":{"line":149,"column":20},"end":{"line":149,"column":67}},"23":{"start":{"line":150,"column":4},"end":{"line":157,"column":5}},"24":{"start":{"line":151,"column":6},"end":{"line":156,"column":7}},"25":{"start":{"line":152,"column":8},"end":{"line":155,"column":10}},"26":{"start":{"line":160,"column":4},"end":{"line":179,"column":5}},"27":{"start":{"line":162,"column":26},"end":{"line":167,"column":7}},"28":{"start":{"line":169,"column":27},"end":{"line":171,"column":7}},"29":{"start":{"line":170,"column":8},"end":{"line":170,"column":58}},"30":{"start":{"line":173,"column":6},"end":{"line":178,"column":7}},"31":{"start":{"line":174,"column":8},"end":{"line":177,"column":10}},"32":{"start":{"line":183,"column":20},"end":{"line":183,"column":45}},"33":{"start":{"line":184,"column":4},"end":{"line":189,"column":5}},"34":{"start":{"line":185,"column":6},"end":{"line":188,"column":8}},"35":{"start":{"line":191,"column":4},"end":{"line":191,"column":40}},"36":{"start":{"line":195,"column":4},"end":{"line":195,"column":40}},"37":{"start":{"line":204,"column":21},"end":{"line":204,"column":48}},"38":{"start":{"line":205,"column":2},"end":{"line":208,"column":3}},"39":{"start":{"line":206,"column":4},"end":{"line":206,"column":37}},"40":{"start":{"line":207,"column":4},"end":{"line":207,"column":61}},"41":{"start":{"line":211,"column":0},"end":{"line":215,"column":2}}},"fnMap":{"0":{"name":"checkUrlSafety","decl":{"start":{"line":102,"column":9},"end":{"line":102,"column":23}},"loc":{"start":{"line":102,"column":29},"end":{"line":197,"column":1}},"line":102},"1":{"name":"(anonymous_1)","decl":{"start":{"line":131,"column":29},"end":{"line":131,"column":30}},"loc":{"start":{"line":131,"column":38},"end":{"line":131,"column":60}},"line":131},"2":{"name":"(anonymous_2)","decl":{"start":{"line":169,"column":44},"end":{"line":169,"column":45}},"loc":{"start":{"line":170,"column":8},"end":{"line":170,"column":58}},"line":170},"3":{"name":"blockDomain","decl":{"start":{"line":203,"column":9},"end":{"line":203,"column":20}},"loc":{"start":{"line":203,"column":29},"end":{"line":209,"column":1}},"line":203}},"branchMap":{"0":{"loc":{"start":{"line":103,"column":2},"end":{"line":103,"column":48}},"type":"if","locations":[{"start":{"line":103,"column":2},"end":{"line":103,"column":48}},{"start":{},"end":{}}],"line":103},"1":{"loc":{"start":{"line":111,"column":4},"end":{"line":116,"column":5}},"type":"if","locations":[{"start":{"line":111,"column":4},"end":{"line":116,"column":5}},{"start":{},"end":{}}],"line":111},"2":{"loc":{"start":{"line":119,"column":4},"end":{"line":124,"column":5}},"type":"if","locations":[{"start":{"line":119,"column":4},"end":{"line":124,"column":5}},{"start":{},"end":{}}],"line":119},"3":{"loc":{"start":{"line":119,"column":8},"end":{"line":119,"column":65}},"type":"binary-expr","locations":[{"start":{"line":119,"column":8},"end":{"line":119,"column":35}},{"start":{"line":119,"column":39},"end":{"line":119,"column":65}}],"line":119},"4":{"loc":{"start":{"line":125,"column":4},"end":{"line":130,"column":5}},"type":"if","locations":[{"start":{"line":125,"column":4},"end":{"line":130,"column":5}},{"start":{},"end":{}}],"line":125},"5":{"loc":{"start":{"line":125,"column":8},"end":{"line":125,"column":42}},"type":"binary-expr","locations":[{"start":{"line":125,"column":8},"end":{"line":125,"column":23}},{"start":{"line":125,"column":27},"end":{"line":125,"column":42}}],"line":125},"6":{"loc":{"start":{"line":131,"column":4},"end":{"line":136,"column":5}},"type":"if","locations":[{"start":{"line":131,"column":4},"end":{"line":136,"column":5}},{"start":{},"end":{}}],"line":131},"7":{"loc":{"start":{"line":140,"column":6},"end":{"line":145,"column":7}},"type":"if","locations":[{"start":{"line":140,"column":6},"end":{"line":145,"column":7}},{"start":{},"end":{}}],"line":140},"8":{"loc":{"start":{"line":140,"column":10},"end":{"line":140,"column":64}},"type":"binary-expr","locations":[{"start":{"line":140,"column":10},"end":{"line":140,"column":29}},{"start":{"line":140,"column":33},"end":{"line":140,"column":64}}],"line":140},"9":{"loc":{"start":{"line":151,"column":6},"end":{"line":156,"column":7}},"type":"if","locations":[{"start":{"line":151,"column":6},"end":{"line":156,"column":7}},{"start":{},"end":{}}],"line":151},"10":{"loc":{"start":{"line":151,"column":10},"end":{"line":151,"column":65}},"type":"binary-expr","locations":[{"start":{"line":151,"column":10},"end":{"line":151,"column":35}},{"start":{"line":151,"column":39},"end":{"line":151,"column":65}}],"line":151},"11":{"loc":{"start":{"line":170,"column":8},"end":{"line":170,"column":58}},"type":"binary-expr","locations":[{"start":{"line":170,"column":8},"end":{"line":170,"column":25}},{"start":{"line":170,"column":29},"end":{"line":170,"column":58}}],"line":170},"12":{"loc":{"start":{"line":173,"column":6},"end":{"line":178,"column":7}},"type":"if","locations":[{"start":{"line":173,"column":6},"end":{"line":178,"column":7}},{"start":{},"end":{}}],"line":173},"13":{"loc":{"start":{"line":173,"column":10},"end":{"line":173,"column":49}},"type":"binary-expr","locations":[{"start":{"line":173,"column":10},"end":{"line":173,"column":23}},{"start":{"line":173,"column":27},"end":{"line":173,"column":49}}],"line":173},"14":{"loc":{"start":{"line":184,"column":4},"end":{"line":189,"column":5}},"type":"if","locations":[{"start":{"line":184,"column":4},"end":{"line":189,"column":5}},{"start":{},"end":{}}],"line":184},"15":{"loc":{"start":{"line":205,"column":2},"end":{"line":208,"column":3}},"type":"if","locations":[{"start":{"line":205,"column":2},"end":{"line":208,"column":3}},{"start":{},"end":{}}],"line":205}},"s":{"0":1,"1":1,"2":1,"3":1,"4":5,"5":0,"6":5,"7":5,"8":5,"9":5,"10":5,"11":0,"12":5,"13":0,"14":5,"15":0,"16":5,"17":45,"18":0,"19":5,"20":30,"21":0,"22":5,"23":5,"24":170,"25":0,"26":5,"27":45,"28":45,"29":540,"30":45,"31":0,"32":5,"33":5,"34":0,"35":5,"36":0,"37":0,"38":0,"39":0,"40":0,"41":1},"f":{"0":5,"1":45,"2":540,"3":0},"b":{"0":[0,5],"1":[0,5],"2":[0,5],"3":[5,5],"4":[0,5],"5":[5,5],"6":[0,5],"7":[0,30],"8":[30,30],"9":[0,170],"10":[170,170],"11":[540,540],"12":[0,45],"13":[45,45],"14":[0,5],"15":[0,0]},"_coverageSchema":"1a1c01bbd47fc00a2c39e90264f33305004495a9","hash":"a6a27894e06d6295ca4239be183792cef844369f"}
}
