TN:
SF:ban_phishing_users.js
FN:6,(anonymous_0)
FN:41,(anonymous_1)
FNF:2
FNH:0
FNDA:0,(anonymous_0)
FNDA:0,(anonymous_1)
DA:1,0
DA:2,0
DA:3,0
DA:4,0
DA:6,0
DA:7,0
DA:8,0
DA:11,0
DA:18,0
DA:20,0
DA:21,0
DA:23,0
DA:26,0
DA:27,0
DA:28,0
DA:31,0
DA:32,0
DA:33,0
DA:34,0
DA:35,0
DA:36,0
DA:39,0
DA:40,0
DA:41,0
DA:44,0
DA:45,0
DA:46,0
DA:47,0
DA:48,0
DA:49,0
DA:52,0
DA:53,0
DA:54,0
DA:56,0
DA:59,0
DA:60,0
LF:36
LH:0
BRDA:20,0,0,0
BRDA:20,0,1,0
BRDA:26,1,0,0
BRDA:26,1,1,0
BRDA:27,2,0,0
BRDA:27,2,1,0
BRDA:36,3,0,0
BRDA:36,3,1,0
BRDA:52,4,0,0
BRDA:52,4,1,0
BRF:10
BRH:0
end_of_record
TN:
SF:ban_user.js
FN:19,banUser
FNF:1
FNH:0
FNDA:0,banUser
DA:14,0
DA:15,0
DA:16,0
DA:17,0
DA:20,0
DA:21,0
DA:23,0
DA:24,0
DA:25,0
DA:28,0
DA:29,0
DA:32,0
DA:33,0
DA:34,0
DA:35,0
DA:36,0
DA:37,0
DA:38,0
DA:39,0
DA:40,0
DA:43,0
DA:44,0
DA:45,0
DA:46,0
DA:47,0
DA:48,0
DA:49,0
DA:51,0
DA:52,0
DA:53,0
DA:58,0
DA:59,0
DA:61,0
DA:62,0
DA:63,0
DA:65,0
DA:66,0
DA:67,0
DA:68,0
DA:69,0
DA:70,0
DA:71,0
DA:72,0
DA:76,0
DA:77,0
DA:81,0
DA:84,0
DA:85,0
DA:86,0
DA:87,0
DA:88,0
DA:89,0
DA:90,0
DA:91,0
DA:92,0
DA:93,0
DA:94,0
DA:95,0
DA:96,0
DA:97,0
DA:98,0
DA:100,0
DA:102,0
DA:103,0
DA:107,0
LF:65
LH:0
BRDA:20,0,0,0
BRDA:20,0,1,0
BRDA:21,1,0,0
BRDA:21,1,1,0
BRDA:33,2,0,0
BRDA:33,2,1,0
BRDA:44,3,0,0
BRDA:44,3,1,0
BRDA:61,4,0,0
BRDA:61,4,1,0
BRF:10
BRH:0
end_of_record
TN:
SF:check_production_bans.js
FN:5,checkBans
FNF:1
FNH:0
FNDA:0,checkBans
DA:1,0
DA:2,0
DA:3,0
DA:6,0
DA:7,0
DA:8,0
DA:9,0
DA:11,0
DA:13,0
DA:14,0
DA:15,0
DA:16,0
DA:17,0
DA:18,0
DA:19,0
DA:20,0
DA:21,0
DA:23,0
DA:24,0
DA:28,0
DA:30,0
DA:31,0
DA:35,0
LF:23
LH:0
BRDA:16,0,0,0
BRDA:16,0,1,0
BRDA:19,1,0,0
BRDA:19,1,1,0
BRDA:20,2,0,0
BRDA:20,2,1,0
BRF:6
BRH:0
end_of_record
TN:
SF:debug_ai.js
FN:4,listModels
FNF:1
FNH:0
FNDA:0,listModels
DA:1,0
DA:2,0
DA:5,0
DA:6,0
DA:8,0
DA:10,0
DA:11,0
DA:12,0
DA:13,0
DA:14,0
DA:15,0
DA:16,0
DA:18,0
DA:23,0
LF:14
LH:0
BRF:0
BRH:0
end_of_record
TN:
SF:demo_seeder.js
FN:13,seedAdvancedDemoData
FN:94,(anonymous_1)
FN:142,(anonymous_2)
FN:150,(anonymous_3)
FNF:4
FNH:0
FNDA:0,seedAdvancedDemoData
FNDA:0,(anonymous_1)
FNDA:0,(anonymous_2)
FNDA:0,(anonymous_3)
DA:1,0
DA:2,0
DA:3,0
DA:4,0
DA:5,0
DA:8,0
DA:10,0
DA:11,0
DA:14,0
DA:15,0
DA:16,0
DA:17,0
DA:20,0
DA:21,0
DA:22,0
DA:23,0
DA:25,0
DA:28,0
DA:29,0
DA:30,0
DA:31,0
DA:34,0
DA:36,0
DA:75,0
DA:76,0
DA:77,0
DA:78,0
DA:83,0
DA:85,0
DA:93,0
DA:94,0
DA:96,0
DA:97,0
DA:98,0
DA:99,0
DA:101,0
DA:102,0
DA:103,0
DA:104,0
DA:105,0
DA:108,0
DA:109,0
DA:110,0
DA:113,0
DA:114,0
DA:116,0
DA:135,0
DA:136,0
DA:137,0
DA:142,0
DA:143,0
DA:144,0
DA:148,0
DA:149,0
DA:150,0
DA:151,0
DA:152,0
DA:154,0
DA:155,0
DA:156,0
DA:157,0
DA:158,0
DA:159,0
DA:160,0
DA:162,0
DA:164,0
DA:165,0
DA:169,0
LF:68
LH:0
BRDA:21,0,0,0
BRDA:21,0,1,0
BRDA:29,1,0,0
BRDA:29,1,1,0
BRDA:98,2,0,0
BRDA:98,2,1,0
BRDA:102,3,0,0
BRDA:102,3,1,0
BRDA:113,4,0,0
BRDA:113,4,1,0
BRDA:114,5,0,0
BRDA:114,5,1,0
BRDA:125,6,0,0
BRDA:125,6,1,0
BRDA:128,7,0,0
BRDA:128,7,1,0
BRDA:130,8,0,0
BRDA:130,8,1,0
BRDA:131,9,0,0
BRDA:131,9,1,0
BRDA:136,10,0,0
BRDA:136,10,1,0
BRDA:143,11,0,0
BRDA:143,11,1,0
BRF:24
BRH:0
end_of_record
TN:
SF:find_phishing_user.js
FN:6,findPhishingUser
FNF:1
FNH:0
FNDA:0,findPhishingUser
DA:1,0
DA:2,0
DA:3,0
DA:4,0
DA:7,0
DA:8,0
DA:9,0
DA:11,0
DA:12,0
DA:14,0
DA:15,0
DA:17,0
DA:18,0
DA:19,0
DA:20,0
DA:21,0
DA:22,0
DA:24,0
DA:27,0
DA:28,0
DA:29,0
DA:30,0
DA:31,0
DA:32,0
DA:35,0
DA:37,0
DA:41,0
LF:27
LH:0
BRDA:14,0,0,0
BRDA:14,0,1,0
BRDA:18,1,0,0
BRDA:18,1,1,0
BRF:4
BRH:0
end_of_record
TN:
SF:search_phishing.js
FN:6,(anonymous_0)
FN:14,(anonymous_1)
FN:20,(anonymous_2)
FN:25,(anonymous_3)
FNF:4
FNH:0
FNDA:0,(anonymous_0)
FNDA:0,(anonymous_1)
FNDA:0,(anonymous_2)
FNDA:0,(anonymous_3)
DA:1,0
DA:2,0
DA:3,0
DA:4,0
DA:6,0
DA:7,0
DA:8,0
DA:11,0
DA:12,0
DA:13,0
DA:14,0
DA:17,0
DA:18,0
DA:19,0
DA:20,0
DA:23,0
DA:24,0
DA:25,0
DA:28,0
DA:29,0
DA:31,0
LF:21
LH:0
BRDA:25,0,0,0
BRDA:25,0,1,0
BRF:2
BRH:0
end_of_record
TN:
SF:seed_analytics.js
FN:13,seedData
FN:71,(anonymous_1)
FN:106,(anonymous_2)
FNF:3
FNH:0
FNDA:0,seedData
FNDA:0,(anonymous_1)
FNDA:0,(anonymous_2)
DA:1,0
DA:2,0
DA:3,0
DA:4,0
DA:5,0
DA:8,0
DA:10,0
DA:11,0
DA:14,0
DA:15,0
DA:16,0
DA:17,0
DA:20,0
DA:21,0
DA:22,0
DA:23,0
DA:25,0
DA:28,0
DA:29,0
DA:30,0
DA:31,0
DA:32,0
DA:33,0
DA:34,0
DA:36,0
DA:37,0
DA:47,0
DA:48,0
DA:49,0
DA:50,0
DA:55,0
DA:57,0
DA:70,0
DA:71,0
DA:73,0
DA:74,0
DA:75,0
DA:76,0
DA:78,0
DA:79,0
DA:80,0
DA:81,0
DA:82,0
DA:85,0
DA:86,0
DA:87,0
DA:89,0
DA:104,0
DA:105,0
DA:106,0
DA:107,0
DA:108,0
DA:110,0
DA:111,0
DA:112,0
DA:114,0
DA:116,0
DA:117,0
DA:121,0
LF:59
LH:0
BRDA:21,0,0,0
BRDA:21,0,1,0
BRDA:29,1,0,0
BRDA:29,1,1,0
BRDA:75,2,0,0
BRDA:75,2,1,0
BRDA:98,3,0,0
BRDA:98,3,1,0
BRF:8
BRH:0
end_of_record
TN:
SF:tmp_fix_plan.js
FN:4,(anonymous_0)
FNF:1
FNH:0
FNDA:0,(anonymous_0)
DA:1,0
DA:2,0
DA:4,0
DA:5,0
DA:6,0
DA:7,0
DA:9,0
DA:10,0
DA:22,0
DA:23,0
DA:25,0
DA:26,0
DA:30,0
LF:13
LH:0
BRF:0
BRH:0
end_of_record
TN:
SF:config\passport.js
FN:7,findOrCreateUser
FN:100,(anonymous_1)
FN:154,(anonymous_2)
FN:160,(anonymous_3)
FNF:4
FNH:0
FNDA:0,findOrCreateUser
FNDA:0,(anonymous_1)
FNDA:0,(anonymous_2)
FNDA:0,(anonymous_3)
DA:1,1
DA:2,1
DA:3,1
DA:4,1
DA:8,0
DA:10,0
DA:11,0
DA:14,0
DA:21,0
DA:22,0
DA:25,0
DA:26,0
DA:27,0
DA:28,0
DA:29,0
DA:33,0
DA:34,0
DA:35,0
DA:36,0
DA:39,0
DA:40,0
DA:41,0
DA:44,0
DA:45,0
DA:47,0
DA:50,0
DA:61,0
DA:62,0
DA:63,0
DA:64,0
DA:65,0
DA:68,0
DA:69,0
DA:70,0
DA:71,0
DA:74,0
DA:75,0
DA:76,0
DA:83,1
DA:85,1
DA:86,1
DA:87,1
DA:88,1
DA:89,1
DA:90,1
DA:91,1
DA:94,1
DA:101,0
DA:102,0
DA:103,0
DA:104,0
DA:105,0
DA:106,0
DA:107,0
DA:109,0
DA:110,0
DA:111,0
DA:113,0
DA:114,0
DA:115,0
DA:119,0
DA:127,0
DA:128,0
DA:129,0
DA:130,0
DA:131,0
DA:132,0
DA:133,0
DA:134,0
DA:135,0
DA:138,0
DA:139,0
DA:140,0
DA:143,0
DA:145,0
DA:146,0
DA:147,0
DA:148,0
DA:149,0
DA:154,1
DA:155,0
DA:156,0
DA:160,1
DA:161,0
DA:162,0
DA:163,0
DA:164,0
DA:165,0
DA:166,0
DA:168,0
DA:169,0
DA:171,0
DA:172,0
DA:176,1
LF:94
LH:16
BRDA:8,0,0,0
BRDA:8,0,1,0
BRDA:21,1,0,0
BRDA:21,1,1,0
BRDA:26,2,0,0
BRDA:26,2,1,0
BRDA:26,3,0,0
BRDA:26,3,1,0
BRDA:33,4,0,0
BRDA:33,4,1,0
BRDA:33,5,0,0
BRDA:33,5,1,0
BRDA:39,6,0,0
BRDA:39,6,1,0
BRDA:51,7,0,0
BRDA:51,7,1,0
BRDA:58,8,0,0
BRDA:58,8,1,0
BRDA:65,9,0,0
BRDA:65,9,1,0
BRDA:69,10,0,0
BRDA:69,10,1,0
BRDA:83,11,0,1
BRDA:83,11,1,0
BRDA:89,12,0,1
BRDA:89,12,1,0
BRDA:90,13,0,1
BRDA:90,13,1,0
BRDA:109,14,0,0
BRDA:109,14,1,0
BRDA:111,15,0,0
BRDA:111,15,1,0
BRDA:113,16,0,0
BRDA:113,16,1,0
BRDA:132,17,0,0
BRDA:132,17,1,0
BRDA:133,18,0,0
BRDA:133,18,1,0
BRDA:134,19,0,0
BRDA:134,19,1,0
BRDA:138,20,0,0
BRDA:138,20,1,0
BRDA:164,21,0,0
BRDA:164,21,1,0
BRF:44
BRH:3
end_of_record
TN:
SF:config\redis.js
FN:11,(anonymous_0)
FN:22,(anonymous_1)
FN:26,(anonymous_2)
FNF:3
FNH:2
FNDA:12,(anonymous_0)
FNDA:0,(anonymous_1)
FNDA:6,(anonymous_2)
DA:1,1
DA:5,1
DA:8,1
DA:13,12
DA:14,12
DA:15,2
DA:16,2
DA:18,10
DA:22,1
DA:23,0
DA:26,1
DA:27,6
DA:30,1
LF:13
LH:12
BRDA:5,0,0,1
BRDA:5,0,1,1
BRDA:14,1,0,2
BRDA:14,1,1,10
BRF:4
BRH:4
end_of_record
TN:
SF:coverage\lcov-report\block-navigation.js
FN:2,init
FN:24,toggleClass
FN:31,makeCurrent
FN:41,goToPrevious
FN:52,goToNext
FN:65,jump
FNF:6
FNH:0
FNDA:0,init
FNDA:0,toggleClass
FNDA:0,makeCurrent
FNDA:0,goToPrevious
FNDA:0,goToNext
FNDA:0,jump
DA:2,0
DA:4,0
DA:7,0
DA:10,0
DA:14,0
DA:20,0
DA:25,0
DA:28,0
DA:32,0
DA:33,0
DA:34,0
DA:42,0
DA:43,0
DA:44,0
DA:45,0
DA:46,0
DA:49,0
DA:53,0
DA:55,0
DA:59,0
DA:62,0
DA:65,0
DA:66,0
DA:71,0
DA:74,0
DA:77,0
DA:78,0
DA:82,0
DA:83,0
DA:87,0
LF:30
LH:0
BRDA:43,0,0,0
BRDA:43,0,1,0
BRDA:43,1,0,0
BRDA:43,1,1,0
BRDA:45,2,0,0
BRDA:45,2,1,0
BRDA:55,3,0,0
BRDA:55,3,1,0
BRDA:56,4,0,0
BRDA:56,4,1,0
BRDA:66,5,0,0
BRDA:66,5,1,0
BRDA:67,6,0,0
BRDA:67,6,1,0
BRDA:74,7,0,0
BRDA:74,7,1,0
BRDA:74,7,2,0
BRDA:74,7,3,0
BRDA:74,7,4,0
BRF:19
BRH:0
end_of_record
TN:
SF:coverage\lcov-report\prettify.js
FN:2,(anonymous_0)
FN:2,k
FN:2,ab
FN:2,T
FN:2,X
FN:2,(anonymous_5)
FN:2,W
FN:2,(anonymous_7)
FN:2,a
FN:2,aa
FN:2,B
FN:2,o
FN:2,g
FN:2,(anonymous_13)
FN:2,(anonymous_14)
FN:2,i
FN:2,Q
FN:2,ae
FN:2,ad
FN:2,ai
FN:2,D
FN:2,c
FN:2,q
FN:2,d
FN:2,y
FN:2,b
FN:2,Y
FN:2,(anonymous_27)
FN:2,U
FNF:29
FNH:0
FNDA:0,(anonymous_0)
FNDA:0,k
FNDA:0,ab
FNDA:0,T
FNDA:0,X
FNDA:0,(anonymous_5)
FNDA:0,W
FNDA:0,(anonymous_7)
FNDA:0,a
FNDA:0,aa
FNDA:0,B
FNDA:0,o
FNDA:0,g
FNDA:0,(anonymous_13)
FNDA:0,(anonymous_14)
FNDA:0,i
FNDA:0,Q
FNDA:0,ae
FNDA:0,ad
FNDA:0,ai
FNDA:0,D
FNDA:0,c
FNDA:0,q
FNDA:0,d
FNDA:0,y
FNDA:0,b
FNDA:0,Y
FNDA:0,(anonymous_27)
FNDA:0,U
DA:2,0
LF:1
LH:0
BRDA:2,0,0,0
BRDA:2,0,1,0
BRDA:2,1,0,0
BRDA:2,1,1,0
BRDA:2,2,0,0
BRDA:2,2,1,0
BRDA:2,3,0,0
BRDA:2,3,1,0
BRDA:2,4,0,0
BRDA:2,4,1,0
BRDA:2,5,0,0
BRDA:2,5,1,0
BRDA:2,6,0,0
BRDA:2,6,1,0
BRDA:2,7,0,0
BRDA:2,7,1,0
BRDA:2,8,0,0
BRDA:2,8,1,0
BRDA:2,9,0,0
BRDA:2,9,1,0
BRDA:2,10,0,0
BRDA:2,10,1,0
BRDA:2,11,0,0
BRDA:2,11,1,0
BRDA:2,11,2,0
BRDA:2,11,3,0
BRDA:2,12,0,0
BRDA:2,12,1,0
BRDA:2,13,0,0
BRDA:2,13,1,0
BRDA:2,14,0,0
BRDA:2,14,1,0
BRDA:2,15,0,0
BRDA:2,15,1,0
BRDA:2,16,0,0
BRDA:2,16,1,0
BRDA:2,17,0,0
BRDA:2,17,1,0
BRDA:2,18,0,0
BRDA:2,18,1,0
BRDA:2,19,0,0
BRDA:2,19,1,0
BRDA:2,20,0,0
BRDA:2,20,1,0
BRDA:2,21,0,0
BRDA:2,21,1,0
BRDA:2,22,0,0
BRDA:2,22,1,0
BRDA:2,23,0,0
BRDA:2,23,1,0
BRDA:2,24,0,0
BRDA:2,24,1,0
BRDA:2,25,0,0
BRDA:2,25,1,0
BRDA:2,26,0,0
BRDA:2,26,1,0
BRDA:2,27,0,0
BRDA:2,27,1,0
BRDA:2,28,0,0
BRDA:2,28,1,0
BRDA:2,29,0,0
BRDA:2,29,1,0
BRDA:2,30,0,0
BRDA:2,30,1,0
BRDA:2,31,0,0
BRDA:2,31,1,0
BRDA:2,32,0,0
BRDA:2,32,1,0
BRDA:2,33,0,0
BRDA:2,33,1,0
BRDA:2,34,0,0
BRDA:2,34,1,0
BRDA:2,35,0,0
BRDA:2,35,1,0
BRDA:2,36,0,0
BRDA:2,36,1,0
BRDA:2,37,0,0
BRDA:2,37,1,0
BRDA:2,38,0,0
BRDA:2,38,1,0
BRDA:2,39,0,0
BRDA:2,39,1,0
BRDA:2,40,0,0
BRDA:2,40,1,0
BRDA:2,41,0,0
BRDA:2,41,1,0
BRDA:2,42,0,0
BRDA:2,42,1,0
BRDA:2,43,0,0
BRDA:2,43,1,0
BRDA:2,44,0,0
BRDA:2,44,1,0
BRDA:2,45,0,0
BRDA:2,45,1,0
BRDA:2,46,0,0
BRDA:2,46,1,0
BRDA:2,47,0,0
BRDA:2,47,1,0
BRDA:2,48,0,0
BRDA:2,48,1,0
BRDA:2,49,0,0
BRDA:2,49,1,0
BRDA:2,50,0,0
BRDA:2,50,1,0
BRDA:2,50,2,0
BRDA:2,51,0,0
BRDA:2,51,1,0
BRDA:2,52,0,0
BRDA:2,52,1,0
BRDA:2,53,0,0
BRDA:2,53,1,0
BRDA:2,54,0,0
BRDA:2,54,1,0
BRDA:2,55,0,0
BRDA:2,55,1,0
BRDA:2,56,0,0
BRDA:2,56,1,0
BRDA:2,57,0,0
BRDA:2,57,1,0
BRDA:2,58,0,0
BRDA:2,58,1,0
BRDA:2,59,0,0
BRDA:2,59,1,0
BRDA:2,60,0,0
BRDA:2,60,1,0
BRDA:2,61,0,0
BRDA:2,61,1,0
BRDA:2,62,0,0
BRDA:2,62,1,0
BRDA:2,63,0,0
BRDA:2,63,1,0
BRDA:2,64,0,0
BRDA:2,64,1,0
BRDA:2,65,0,0
BRDA:2,65,1,0
BRDA:2,66,0,0
BRDA:2,66,1,0
BRDA:2,67,0,0
BRDA:2,67,1,0
BRDA:2,68,0,0
BRDA:2,68,1,0
BRDA:2,69,0,0
BRDA:2,69,1,0
BRDA:2,70,0,0
BRDA:2,70,1,0
BRDA:2,71,0,0
BRDA:2,71,1,0
BRDA:2,72,0,0
BRDA:2,72,1,0
BRDA:2,73,0,0
BRDA:2,73,1,0
BRDA:2,74,0,0
BRDA:2,74,1,0
BRDA:2,75,0,0
BRDA:2,75,1,0
BRDA:2,76,0,0
BRDA:2,76,1,0
BRDA:2,77,0,0
BRDA:2,77,1,0
BRDA:2,78,0,0
BRDA:2,78,1,0
BRDA:2,79,0,0
BRDA:2,79,1,0
BRDA:2,80,0,0
BRDA:2,80,1,0
BRDA:2,81,0,0
BRDA:2,81,1,0
BRDA:2,82,0,0
BRDA:2,82,1,0
BRDA:2,83,0,0
BRDA:2,83,1,0
BRDA:2,84,0,0
BRDA:2,84,1,0
BRDA:2,85,0,0
BRDA:2,85,1,0
BRDA:2,86,0,0
BRDA:2,86,1,0
BRDA:2,87,0,0
BRDA:2,87,1,0
BRDA:2,88,0,0
BRDA:2,88,1,0
BRDA:2,89,0,0
BRDA:2,89,1,0
BRDA:2,89,2,0
BRDA:2,90,0,0
BRDA:2,90,1,0
BRDA:2,91,0,0
BRDA:2,91,1,0
BRDA:2,92,0,0
BRDA:2,92,1,0
BRDA:2,93,0,0
BRDA:2,93,1,0
BRDA:2,94,0,0
BRDA:2,94,1,0
BRDA:2,95,0,0
BRDA:2,95,1,0
BRDA:2,96,0,0
BRDA:2,96,1,0
BRDA:2,97,0,0
BRDA:2,97,1,0
BRDA:2,98,0,0
BRDA:2,98,1,0
BRDA:2,99,0,0
BRDA:2,99,1,0
BRDA:2,100,0,0
BRDA:2,100,1,0
BRDA:2,101,0,0
BRDA:2,101,1,0
BRDA:2,102,0,0
BRDA:2,102,1,0
BRDA:2,103,0,0
BRDA:2,103,1,0
BRDA:2,104,0,0
BRDA:2,104,1,0
BRDA:2,105,0,0
BRDA:2,105,1,0
BRDA:2,106,0,0
BRDA:2,106,1,0
BRDA:2,107,0,0
BRDA:2,107,1,0
BRDA:2,108,0,0
BRDA:2,108,1,0
BRDA:2,109,0,0
BRDA:2,109,1,0
BRDA:2,110,0,0
BRDA:2,110,1,0
BRDA:2,111,0,0
BRDA:2,111,1,0
BRDA:2,112,0,0
BRDA:2,112,1,0
BRDA:2,113,0,0
BRDA:2,113,1,0
BRDA:2,114,0,0
BRDA:2,114,1,0
BRDA:2,115,0,0
BRDA:2,115,1,0
BRDA:2,116,0,0
BRDA:2,116,1,0
BRDA:2,117,0,0
BRDA:2,117,1,0
BRDA:2,118,0,0
BRDA:2,118,1,0
BRDA:2,119,0,0
BRDA:2,119,1,0
BRDA:2,120,0,0
BRDA:2,120,1,0
BRDA:2,121,0,0
BRDA:2,121,1,0
BRDA:2,122,0,0
BRDA:2,122,1,0
BRDA:2,123,0,0
BRDA:2,123,1,0
BRDA:2,124,0,0
BRDA:2,124,1,0
BRDA:2,125,0,0
BRDA:2,125,1,0
BRDA:2,126,0,0
BRDA:2,126,1,0
BRDA:2,127,0,0
BRDA:2,127,1,0
BRDA:2,128,0,0
BRDA:2,128,1,0
BRDA:2,128,2,0
BRDA:2,129,0,0
BRDA:2,129,1,0
BRDA:2,130,0,0
BRDA:2,130,1,0
BRDA:2,131,0,0
BRDA:2,131,1,0
BRDA:2,131,2,0
BRDA:2,131,3,0
BRDA:2,131,4,0
BRDA:2,132,0,0
BRDA:2,132,1,0
BRDA:2,133,0,0
BRDA:2,133,1,0
BRDA:2,134,0,0
BRDA:2,134,1,0
BRDA:2,135,0,0
BRDA:2,135,1,0
BRDA:2,136,0,0
BRDA:2,136,1,0
BRDA:2,137,0,0
BRDA:2,137,1,0
BRDA:2,138,0,0
BRDA:2,138,1,0
BRF:286
BRH:0
end_of_record
TN:
SF:coverage\lcov-report\sorter.js
FN:2,(anonymous_0)
FN:11,getTable
FN:15,getTableHeader
FN:19,getTableBody
FN:23,getNthColumn
FN:27,onFilterInput
FN:59,addSearchBox
FN:67,loadColumns
FN:92,loadRowData
FN:111,loadData
FN:120,sortByIndex
FN:122,(anonymous_11)
FN:134,(anonymous_12)
FN:151,removeSortIndicators
FN:159,addSortIndicators
FN:165,enableUI
FN:168,ithSorter
FN:171,(anonymous_17)
FN:198,(anonymous_18)
FNF:19
FNH:0
FNDA:0,(anonymous_0)
FNDA:0,getTable
FNDA:0,getTableHeader
FNDA:0,getTableBody
FNDA:0,getNthColumn
FNDA:0,onFilterInput
FNDA:0,addSearchBox
FNDA:0,loadColumns
FNDA:0,loadRowData
FNDA:0,loadData
FNDA:0,sortByIndex
FNDA:0,(anonymous_11)
FNDA:0,(anonymous_12)
FNDA:0,removeSortIndicators
FNDA:0,addSortIndicators
FNDA:0,enableUI
FNDA:0,ithSorter
FNDA:0,(anonymous_17)
FNDA:0,(anonymous_18)
DA:2,0
DA:5,0
DA:12,0
DA:16,0
DA:20,0
DA:24,0
DA:28,0
DA:29,0
DA:34,0
DA:35,0
DA:37,0
DA:40,0
DA:41,0
DA:42,0
DA:44,0
DA:46,0
DA:49,0
DA:54,0
DA:60,0
DA:61,0
DA:62,0
DA:63,0
DA:68,0
DA:70,0
DA:74,0
DA:75,0
DA:76,0
DA:81,0
DA:82,0
DA:83,0
DA:84,0
DA:88,0
DA:93,0
DA:96,0
DA:99,0
DA:100,0
DA:101,0
DA:102,0
DA:103,0
DA:104,0
DA:106,0
DA:108,0
DA:112,0
DA:115,0
DA:116,0
DA:121,0
DA:122,0
DA:123,0
DA:124,0
DA:125,0
DA:127,0
DA:128,0
DA:129,0
DA:130,0
DA:133,0
DA:134,0
DA:135,0
DA:139,0
DA:140,0
DA:141,0
DA:144,0
DA:146,0
DA:147,0
DA:152,0
DA:153,0
DA:155,0
DA:156,0
DA:160,0
DA:168,0
DA:169,0
DA:171,0
DA:172,0
DA:174,0
DA:175,0
DA:177,0
DA:178,0
DA:179,0
DA:180,0
DA:181,0
DA:184,0
DA:185,0
DA:188,0
DA:189,0
DA:190,0
DA:192,0
DA:198,0
DA:199,0
DA:200,0
DA:202,0
DA:203,0
DA:204,0
DA:205,0
DA:206,0
DA:210,0
LF:94
LH:0
BRDA:44,0,0,0
BRDA:44,0,1,0
BRDA:54,1,0,0
BRDA:54,1,1,0
BRDA:79,2,0,0
BRDA:79,2,1,0
BRDA:82,3,0,0
BRDA:82,3,1,0
BRDA:103,4,0,0
BRDA:103,4,1,0
BRDA:125,5,0,0
BRDA:125,5,1,0
BRDA:125,6,0,0
BRDA:125,6,1,0
BRDA:133,7,0,0
BRDA:133,7,1,0
BRDA:160,8,0,0
BRDA:160,8,1,0
BRDA:174,9,0,0
BRDA:174,9,1,0
BRDA:185,10,0,0
BRDA:185,10,1,0
BRDA:189,11,0,0
BRDA:189,11,1,0
BRDA:199,12,0,0
BRDA:199,12,1,0
BRF:26
BRH:0
end_of_record
TN:
SF:jobs\analyticsQueue.js
FNF:0
FNH:0
DA:1,1
DA:2,1
DA:5,1
DA:18,1
DA:20,1
LF:5
LH:5
BRF:0
BRH:0
end_of_record
TN:
SF:jobs\analyticsWorker.js
FN:7,(anonymous_0)
FN:44,(anonymous_1)
FN:51,(anonymous_2)
FNF:3
FNH:0
FNDA:0,(anonymous_0)
FNDA:0,(anonymous_1)
FNDA:0,(anonymous_2)
DA:1,1
DA:2,1
DA:3,1
DA:4,1
DA:7,1
DA:8,0
DA:10,0
DA:12,0
DA:13,0
DA:14,0
DA:15,0
DA:18,0
DA:21,0
DA:22,0
DA:29,0
DA:30,0
DA:31,0
DA:32,0
DA:36,0
DA:37,0
DA:44,1
DA:46,0
DA:47,0
DA:51,1
DA:52,0
DA:55,1
LF:26
LH:8
BRDA:13,0,0,0
BRDA:13,0,1,0
BRDA:21,1,0,0
BRDA:21,1,1,0
BRDA:29,2,0,0
BRDA:29,2,1,0
BRDA:29,3,0,0
BRDA:29,3,1,0
BRDA:46,4,0,0
BRDA:46,4,1,0
BRF:10
BRH:0
end_of_record
TN:
SF:jobs\checkTrialExpiry.js
FN:14,(anonymous_0)
FN:103,(anonymous_1)
FNF:2
FNH:0
FNDA:0,(anonymous_0)
FNDA:0,(anonymous_1)
DA:1,1
DA:2,1
DA:3,1
DA:10,1
DA:14,1
DA:15,0
DA:17,0
DA:18,0
DA:22,0
DA:23,0
DA:24,0
DA:25,0
DA:27,0
DA:35,0
DA:36,0
DA:37,0
DA:41,0
DA:42,0
DA:43,0
DA:45,0
DA:51,0
DA:52,0
DA:53,0
DA:54,0
DA:55,0
DA:56,0
DA:60,0
DA:61,0
DA:62,0
DA:64,0
DA:70,0
DA:71,0
DA:72,0
DA:73,0
DA:74,0
DA:75,0
DA:79,0
DA:80,0
DA:81,0
DA:83,0
DA:89,0
DA:90,0
DA:91,0
DA:92,0
DA:93,0
DA:94,0
DA:98,0
DA:103,1
DA:104,0
DA:106,0
DA:107,0
DA:110,0
DA:116,0
DA:117,0
DA:118,0
DA:122,0
DA:136,0
DA:137,0
DA:140,0
DA:141,0
DA:144,0
DA:148,0
DA:149,0
DA:151,0
DA:152,0
DA:153,0
DA:154,0
DA:158,0
DA:162,1
DA:163,1
DA:164,1
LF:71
LH:9
BRDA:54,0,0,0
BRDA:54,0,1,0
BRDA:73,1,0,0
BRDA:73,1,1,0
BRDA:92,2,0,0
BRDA:92,2,1,0
BRDA:136,3,0,0
BRDA:136,3,1,0
BRDA:148,4,0,0
BRDA:148,4,1,0
BRDA:149,5,0,0
BRDA:149,5,1,0
BRF:12
BRH:0
end_of_record
TN:
SF:middleware\csrf.js
FN:5,csrfProtection
FNF:1
FNH:1
FNDA:11,csrfProtection
DA:6,11
DA:7,11
DA:8,2
DA:11,9
DA:12,0
DA:15,9
DA:16,0
DA:20,9
DA:22,0
DA:25,9
DA:26,9
DA:27,9
DA:30,0
DA:31,0
DA:33,0
DA:34,0
DA:40,0
DA:43,1
LF:18
LH:10
BRDA:7,0,0,2
BRDA:7,0,1,9
BRDA:11,1,0,0
BRDA:11,1,1,9
BRDA:15,2,0,0
BRDA:15,2,1,9
BRDA:20,3,0,0
BRDA:20,3,1,9
BRDA:20,4,0,9
BRDA:20,4,1,9
BRDA:26,5,0,9
BRDA:26,5,1,0
BRDA:31,6,0,0
BRDA:31,6,1,0
BRDA:33,7,0,0
BRDA:33,7,1,0
BRDA:33,8,0,0
BRDA:33,8,1,0
BRDA:33,8,2,0
BRF:19
BRH:8
end_of_record
TN:
SF:middleware\verifyToken.js
FN:4,(anonymous_0)
FN:88,(anonymous_1)
FNF:2
FNH:1
FNDA:11,(anonymous_0)
FNDA:0,(anonymous_1)
DA:1,1
DA:2,1
DA:4,1
DA:5,11
DA:6,11
DA:7,11
DA:8,11
DA:10,11
DA:11,1
DA:17,10
DA:18,10
DA:20,9
DA:21,0
DA:28,9
DA:29,0
DA:36,9
DA:37,0
DA:38,0
DA:39,0
DA:41,0
DA:42,0
DA:45,9
DA:47,9
DA:64,9
DA:65,9
DA:67,0
DA:68,0
DA:74,0
DA:75,0
DA:81,0
DA:88,1
DA:89,0
DA:90,0
DA:92,0
DA:93,0
DA:96,0
DA:98,0
DA:99,0
DA:102,0
DA:103,0
DA:110,0
DA:111,0
DA:112,0
DA:114,0
DA:115,0
DA:116,0
DA:117,0
DA:118,0
DA:121,0
DA:122,0
DA:124,0
DA:125,0
DA:130,0
DA:131,0
DA:132,0
DA:134,0
DA:135,0
DA:136,0
DA:137,0
DA:138,0
DA:141,0
DA:143,0
DA:157,0
DA:159,0
DA:161,0
DA:162,0
LF:66
LH:19
BRDA:7,0,0,10
BRDA:7,0,1,1
BRDA:8,1,0,11
BRDA:8,1,1,11
BRDA:10,2,0,1
BRDA:10,2,1,10
BRDA:20,3,0,0
BRDA:20,3,1,9
BRDA:28,4,0,0
BRDA:28,4,1,9
BRDA:36,5,0,0
BRDA:36,5,1,9
BRDA:36,6,0,9
BRDA:36,6,1,0
BRDA:36,6,2,0
BRDA:38,7,0,0
BRDA:38,7,1,0
BRDA:53,8,0,9
BRDA:53,8,1,0
BRDA:55,9,0,0
BRDA:55,9,1,9
BRDA:55,10,0,9
BRDA:55,10,1,9
BRDA:55,10,2,9
BRDA:57,11,0,9
BRDA:57,11,1,0
BRDA:59,12,0,0
BRDA:59,12,1,0
BRDA:60,13,0,9
BRDA:60,13,1,0
BRDA:67,14,0,0
BRDA:67,14,1,0
BRDA:74,15,0,0
BRDA:74,15,1,0
BRDA:92,16,0,0
BRDA:92,16,1,0
BRDA:98,17,0,0
BRDA:98,17,1,0
BRDA:102,18,0,0
BRDA:102,18,1,0
BRDA:111,19,0,0
BRDA:111,19,1,0
BRDA:114,20,0,0
BRDA:114,20,1,0
BRDA:115,21,0,0
BRDA:115,21,1,0
BRDA:121,22,0,0
BRDA:121,22,1,0
BRDA:122,23,0,0
BRDA:122,23,1,0
BRDA:124,24,0,0
BRDA:124,24,1,0
BRDA:124,25,0,0
BRDA:124,25,1,0
BRDA:130,26,0,0
BRDA:130,26,1,0
BRDA:134,27,0,0
BRDA:134,27,1,0
BRDA:134,28,0,0
BRDA:134,28,1,0
BRDA:134,28,2,0
BRDA:136,29,0,0
BRDA:136,29,1,0
BRDA:149,30,0,0
BRDA:149,30,1,0
BRDA:151,31,0,0
BRDA:151,31,1,0
BRDA:151,32,0,0
BRDA:151,32,1,0
BRDA:151,32,2,0
BRDA:153,33,0,0
BRDA:153,33,1,0
BRDA:155,34,0,0
BRDA:155,34,1,0
BRF:74
BRH:17
end_of_record
TN:
SF:models\ClickArchive.js
FN:161,(anonymous_0)
FN:172,(anonymous_1)
FN:173,(anonymous_2)
FN:174,(anonymous_3)
FN:177,(anonymous_4)
FN:179,(anonymous_5)
FN:182,(anonymous_6)
FN:183,(anonymous_7)
FN:187,(anonymous_8)
FN:188,(anonymous_9)
FN:189,(anonymous_10)
FN:190,(anonymous_11)
FN:197,(anonymous_12)
FN:199,(anonymous_13)
FN:208,(anonymous_14)
FN:211,(anonymous_15)
FN:217,(anonymous_16)
FN:219,(anonymous_17)
FN:231,(anonymous_18)
FN:242,(anonymous_19)
FN:256,(anonymous_20)
FN:264,(anonymous_21)
FN:266,(anonymous_22)
FN:268,(anonymous_23)
FN:276,(anonymous_24)
FN:282,(anonymous_25)
FN:283,(anonymous_26)
FN:286,(anonymous_27)
FN:287,(anonymous_28)
FN:288,(anonymous_29)
FN:289,(anonymous_30)
FN:293,(anonymous_31)
FN:299,(anonymous_32)
FN:301,(anonymous_33)
FN:308,(anonymous_34)
FN:311,(anonymous_35)
FN:312,(anonymous_36)
FN:318,(anonymous_37)
FN:356,(anonymous_38)
FNF:39
FNH:0
FNDA:0,(anonymous_0)
FNDA:0,(anonymous_1)
FNDA:0,(anonymous_2)
FNDA:0,(anonymous_3)
FNDA:0,(anonymous_4)
FNDA:0,(anonymous_5)
FNDA:0,(anonymous_6)
FNDA:0,(anonymous_7)
FNDA:0,(anonymous_8)
FNDA:0,(anonymous_9)
FNDA:0,(anonymous_10)
FNDA:0,(anonymous_11)
FNDA:0,(anonymous_12)
FNDA:0,(anonymous_13)
FNDA:0,(anonymous_14)
FNDA:0,(anonymous_15)
FNDA:0,(anonymous_16)
FNDA:0,(anonymous_17)
FNDA:0,(anonymous_18)
FNDA:0,(anonymous_19)
FNDA:0,(anonymous_20)
FNDA:0,(anonymous_21)
FNDA:0,(anonymous_22)
FNDA:0,(anonymous_23)
FNDA:0,(anonymous_24)
FNDA:0,(anonymous_25)
FNDA:0,(anonymous_26)
FNDA:0,(anonymous_27)
FNDA:0,(anonymous_28)
FNDA:0,(anonymous_29)
FNDA:0,(anonymous_30)
FNDA:0,(anonymous_31)
FNDA:0,(anonymous_32)
FNDA:0,(anonymous_33)
FNDA:0,(anonymous_34)
FNDA:0,(anonymous_35)
FNDA:0,(anonymous_36)
FNDA:0,(anonymous_37)
FNDA:0,(anonymous_38)
DA:2,0
DA:5,0
DA:53,0
DA:145,0
DA:146,0
DA:147,0
DA:148,0
DA:151,0
DA:161,0
DA:162,0
DA:164,0
DA:172,0
DA:173,0
DA:174,0
DA:177,0
DA:179,0
DA:182,0
DA:183,0
DA:187,0
DA:188,0
DA:189,0
DA:190,0
DA:197,0
DA:199,0
DA:208,0
DA:209,0
DA:211,0
DA:212,0
DA:213,0
DA:216,0
DA:217,0
DA:219,0
DA:231,0
DA:232,0
DA:234,0
DA:242,0
DA:243,0
DA:244,0
DA:246,0
DA:247,0
DA:251,0
DA:254,0
DA:256,0
DA:259,0
DA:264,0
DA:266,0
DA:268,0
DA:272,0
DA:276,0
DA:277,0
DA:278,0
DA:282,0
DA:283,0
DA:285,0
DA:286,0
DA:287,0
DA:288,0
DA:289,0
DA:292,0
DA:293,0
DA:294,0
DA:295,0
DA:298,0
DA:299,0
DA:301,0
DA:304,0
DA:305,0
DA:306,0
DA:308,0
DA:311,0
DA:312,0
DA:318,0
DA:319,0
DA:325,0
DA:346,0
DA:348,0
DA:350,0
DA:356,0
DA:358,0
DA:359,0
DA:361,0
DA:364,0
LF:82
LH:0
BRDA:178,0,0,0
BRDA:178,0,1,0
BRDA:182,1,0,0
BRDA:182,1,1,0
BRDA:198,2,0,0
BRDA:198,2,1,0
BRDA:203,3,0,0
BRDA:203,3,1,0
BRDA:208,4,0,0
BRDA:212,5,0,0
BRDA:212,5,1,0
BRDA:213,6,0,0
BRDA:213,6,1,0
BRDA:231,7,0,0
BRDA:232,8,0,0
BRDA:232,9,0,0
BRDA:246,10,0,0
BRDA:246,10,1,0
BRDA:277,11,0,0
BRDA:277,11,1,0
BRDA:277,12,0,0
BRDA:277,12,1,0
BRDA:294,13,0,0
BRDA:294,13,1,0
BRDA:295,14,0,0
BRDA:295,14,1,0
BRDA:305,15,0,0
BRDA:305,15,1,0
BRDA:312,16,0,0
BRDA:312,16,1,0
BRDA:337,17,0,0
BRDA:337,17,1,0
BRDA:358,18,0,0
BRDA:358,18,1,0
BRDA:358,19,0,0
BRDA:358,19,1,0
BRF:36
BRH:0
end_of_record
TN:
SF:models\Link.js
FN:115,(anonymous_0)
FN:128,(anonymous_1)
FN:149,(anonymous_2)
FN:194,(anonymous_3)
FN:353,(anonymous_4)
FN:407,(anonymous_5)
FN:417,(anonymous_6)
FN:446,(anonymous_7)
FN:481,(anonymous_8)
FN:497,(anonymous_9)
FN:501,(anonymous_10)
FN:518,(anonymous_11)
FN:526,(anonymous_12)
FN:537,(anonymous_13)
FN:548,(anonymous_14)
FN:597,(anonymous_15)
FN:600,(anonymous_16)
FN:646,(anonymous_17)
FN:651,(anonymous_18)
FN:666,(anonymous_19)
FN:683,(anonymous_20)
FN:697,(anonymous_21)
FN:704,(anonymous_22)
FN:716,(anonymous_23)
FN:729,(anonymous_24)
FN:752,(anonymous_25)
FN:765,(anonymous_26)
FN:777,(anonymous_27)
FN:803,(anonymous_28)
FN:810,(anonymous_29)
FN:818,(anonymous_30)
FN:824,(anonymous_31)
FN:833,(anonymous_32)
FN:840,(anonymous_33)
FN:843,(anonymous_34)
FN:844,(anonymous_35)
FN:845,(anonymous_36)
FN:846,(anonymous_37)
FN:857,(anonymous_38)
FN:858,(anonymous_39)
FN:866,(anonymous_40)
FN:867,(anonymous_41)
FN:871,(anonymous_42)
FN:872,(anonymous_43)
FN:876,(anonymous_44)
FN:877,(anonymous_45)
FN:878,(anonymous_46)
FN:879,(anonymous_47)
FN:891,(anonymous_48)
FN:906,(anonymous_49)
FN:937,(anonymous_50)
FN:947,(anonymous_51)
FNF:52
FNH:7
FNDA:6,(anonymous_0)
FNDA:6,(anonymous_1)
FNDA:0,(anonymous_2)
FNDA:6,(anonymous_3)
FNDA:0,(anonymous_4)
FNDA:0,(anonymous_5)
FNDA:0,(anonymous_6)
FNDA:0,(anonymous_7)
FNDA:0,(anonymous_8)
FNDA:0,(anonymous_9)
FNDA:0,(anonymous_10)
FNDA:0,(anonymous_11)
FNDA:0,(anonymous_12)
FNDA:0,(anonymous_13)
FNDA:0,(anonymous_14)
FNDA:0,(anonymous_15)
FNDA:0,(anonymous_16)
FNDA:0,(anonymous_17)
FNDA:0,(anonymous_18)
FNDA:0,(anonymous_19)
FNDA:0,(anonymous_20)
FNDA:0,(anonymous_21)
FNDA:0,(anonymous_22)
FNDA:0,(anonymous_23)
FNDA:0,(anonymous_24)
FNDA:0,(anonymous_25)
FNDA:0,(anonymous_26)
FNDA:0,(anonymous_27)
FNDA:4,(anonymous_28)
FNDA:4,(anonymous_29)
FNDA:4,(anonymous_30)
FNDA:0,(anonymous_31)
FNDA:0,(anonymous_32)
FNDA:0,(anonymous_33)
FNDA:0,(anonymous_34)
FNDA:0,(anonymous_35)
FNDA:0,(anonymous_36)
FNDA:0,(anonymous_37)
FNDA:0,(anonymous_38)
FNDA:0,(anonymous_39)
FNDA:0,(anonymous_40)
FNDA:0,(anonymous_41)
FNDA:0,(anonymous_42)
FNDA:0,(anonymous_43)
FNDA:0,(anonymous_44)
FNDA:0,(anonymous_45)
FNDA:0,(anonymous_46)
FNDA:0,(anonymous_47)
FNDA:0,(anonymous_48)
FNDA:6,(anonymous_49)
FNDA:0,(anonymous_50)
FNDA:0,(anonymous_51)
DA:1,1
DA:2,1
DA:7,1
DA:99,1
DA:117,6
DA:129,6
DA:130,6
DA:131,6
DA:133,0
DA:150,0
DA:151,0
DA:195,6
DA:354,0
DA:355,0
DA:356,0
DA:357,0
DA:359,0
DA:393,1
DA:394,1
DA:395,1
DA:396,1
DA:398,1
DA:400,1
DA:405,1
DA:407,1
DA:411,0
DA:417,1
DA:418,0
DA:422,0
DA:425,0
DA:428,0
DA:430,0
DA:432,0
DA:433,0
DA:440,0
DA:442,0
DA:446,0
DA:448,0
DA:449,0
DA:457,0
DA:459,0
DA:460,0
DA:461,0
DA:462,0
DA:471,0
DA:481,1
DA:482,0
DA:483,0
DA:485,0
DA:486,0
DA:487,0
DA:488,0
DA:491,0
DA:497,1
DA:498,0
DA:501,0
DA:502,0
DA:503,0
DA:504,0
DA:507,0
DA:509,0
DA:518,0
DA:520,0
DA:526,1
DA:527,0
DA:529,0
DA:531,0
DA:532,0
DA:537,0
DA:538,0
DA:542,0
DA:543,0
DA:544,0
DA:548,0
DA:549,0
DA:550,0
DA:551,0
DA:554,0
DA:555,0
DA:556,0
DA:559,0
DA:560,0
DA:561,0
DA:562,0
DA:566,0
DA:569,0
DA:572,0
DA:573,0
DA:574,0
DA:581,0
DA:584,0
DA:587,0
DA:589,0
DA:590,0
DA:597,1
DA:598,0
DA:600,0
DA:601,0
DA:605,0
DA:606,0
DA:610,0
DA:611,0
DA:612,0
DA:613,0
DA:617,0
DA:618,0
DA:622,0
DA:623,0
DA:624,0
DA:630,0
DA:632,0
DA:638,0
DA:639,0
DA:646,1
DA:647,0
DA:648,0
DA:651,0
DA:652,0
DA:653,0
DA:654,0
DA:656,0
DA:666,0
DA:669,0
DA:670,0
DA:672,0
DA:673,0
DA:674,0
DA:676,0
DA:677,0
DA:683,0
DA:684,0
DA:685,0
DA:687,0
DA:689,0
DA:694,0
DA:697,0
DA:704,1
DA:705,0
DA:706,0
DA:707,0
DA:708,0
DA:710,0
DA:711,0
DA:713,0
DA:716,1
DA:718,0
DA:719,0
DA:720,0
DA:721,0
DA:723,0
DA:729,1
DA:730,0
DA:732,0
DA:733,0
DA:734,0
DA:736,0
DA:742,0
DA:744,0
DA:752,1
DA:753,0
DA:755,0
DA:756,0
DA:759,0
DA:760,0
DA:762,0
DA:765,1
DA:766,0
DA:767,0
DA:769,0
DA:770,0
DA:773,0
DA:774,0
DA:776,0
DA:777,0
DA:778,0
DA:781,0
DA:782,0
DA:787,0
DA:788,0
DA:789,0
DA:791,0
DA:793,0
DA:795,0
DA:796,0
DA:803,1
DA:804,4
DA:807,4
DA:810,1
DA:811,4
DA:812,0
DA:814,4
DA:818,1
DA:819,4
DA:822,0
DA:824,0
DA:825,0
DA:833,1
DA:835,0
DA:837,0
DA:838,0
DA:839,0
DA:840,0
DA:843,0
DA:844,0
DA:845,0
DA:846,0
DA:848,0
DA:857,0
DA:858,0
DA:866,0
DA:867,0
DA:871,0
DA:872,0
DA:876,0
DA:877,0
DA:878,0
DA:879,0
DA:891,0
DA:906,1
DA:907,6
DA:908,6
DA:909,6
DA:912,6
DA:913,6
DA:914,0
DA:918,6
DA:919,1
DA:921,1
DA:922,1
DA:923,1
DA:927,6
DA:929,0
DA:930,0
DA:937,1
DA:938,0
DA:947,1
DA:948,0
DA:956,1
LF:238
LH:52
BRDA:150,0,0,0
BRDA:150,0,1,0
BRDA:354,1,0,0
BRDA:354,1,1,0
BRDA:357,2,0,0
BRDA:357,2,1,0
BRDA:418,3,0,0
BRDA:418,3,1,0
BRDA:418,4,0,0
BRDA:418,4,1,0
BRDA:418,4,2,0
BRDA:418,4,3,0
BRDA:430,5,0,0
BRDA:430,5,1,0
BRDA:436,6,0,0
BRDA:436,6,1,0
BRDA:440,7,0,0
BRDA:440,7,1,0
BRDA:440,8,0,0
BRDA:440,8,1,0
BRDA:446,9,0,0
BRDA:446,9,1,0
BRDA:448,10,0,0
BRDA:448,10,1,0
BRDA:452,11,0,0
BRDA:452,11,1,0
BRDA:460,12,0,0
BRDA:460,12,1,0
BRDA:461,13,0,0
BRDA:461,13,1,0
BRDA:465,14,0,0
BRDA:465,14,1,0
BRDA:474,15,0,0
BRDA:474,15,1,0
BRDA:502,16,0,0
BRDA:502,16,1,0
BRDA:503,17,0,0
BRDA:503,17,1,0
BRDA:504,18,0,0
BRDA:504,18,1,0
BRDA:513,19,0,0
BRDA:513,19,1,0
BRDA:529,20,0,0
BRDA:529,20,1,0
BRDA:538,21,0,0
BRDA:538,21,1,0
BRDA:538,21,2,0
BRDA:542,22,0,0
BRDA:542,22,1,0
BRDA:559,23,0,0
BRDA:559,23,1,0
BRDA:560,24,0,0
BRDA:560,24,1,0
BRDA:561,25,0,0
BRDA:561,25,1,0
BRDA:562,26,0,0
BRDA:562,26,1,0
BRDA:566,27,0,0
BRDA:566,27,1,0
BRDA:566,28,0,0
BRDA:566,28,1,0
BRDA:566,28,2,0
BRDA:573,29,0,0
BRDA:573,29,1,0
BRDA:575,30,0,0
BRDA:575,30,1,0
BRDA:581,31,0,0
BRDA:581,31,1,0
BRDA:581,32,0,0
BRDA:581,32,1,0
BRDA:581,32,2,0
BRDA:597,33,0,0
BRDA:601,34,0,0
BRDA:601,34,1,0
BRDA:605,35,0,0
BRDA:605,35,1,0
BRDA:612,36,0,0
BRDA:612,36,1,0
BRDA:617,37,0,0
BRDA:617,37,1,0
BRDA:617,38,0,0
BRDA:617,38,1,0
BRDA:619,39,0,0
BRDA:619,39,1,0
BRDA:623,40,0,0
BRDA:623,40,1,0
BRDA:625,41,0,0
BRDA:625,41,1,0
BRDA:647,42,0,0
BRDA:647,42,1,0
BRDA:647,43,0,0
BRDA:647,43,1,0
BRDA:652,44,0,0
BRDA:652,44,1,0
BRDA:653,45,0,0
BRDA:653,45,1,0
BRDA:654,46,0,0
BRDA:654,46,1,0
BRDA:672,47,0,0
BRDA:672,47,1,0
BRDA:672,48,0,0
BRDA:672,48,1,0
BRDA:676,49,0,0
BRDA:676,49,1,0
BRDA:684,50,0,0
BRDA:684,50,1,0
BRDA:713,51,0,0
BRDA:713,51,1,0
BRDA:730,52,0,0
BRDA:730,52,1,0
BRDA:755,53,0,0
BRDA:755,53,1,0
BRDA:765,54,0,0
BRDA:769,55,0,0
BRDA:769,55,1,0
BRDA:769,56,0,0
BRDA:769,56,1,0
BRDA:774,57,0,0
BRDA:774,57,1,0
BRDA:781,58,0,0
BRDA:781,58,1,0
BRDA:811,59,0,0
BRDA:811,59,1,4
BRDA:811,60,0,4
BRDA:811,60,1,0
BRDA:814,61,0,4
BRDA:814,61,1,0
BRDA:819,62,0,4
BRDA:819,62,1,0
BRDA:822,63,0,0
BRDA:822,63,1,0
BRDA:822,64,0,0
BRDA:822,64,1,0
BRDA:824,65,0,0
BRDA:824,65,1,0
BRDA:825,66,0,0
BRDA:825,66,1,0
BRDA:833,67,0,0
BRDA:835,68,0,0
BRDA:835,68,1,0
BRDA:837,69,0,0
BRDA:837,69,1,0
BRDA:840,70,0,0
BRDA:840,70,1,0
BRDA:844,71,0,0
BRDA:844,71,1,0
BRDA:845,72,0,0
BRDA:845,72,1,0
BRDA:846,73,0,0
BRDA:846,73,1,0
BRDA:849,74,0,0
BRDA:849,74,1,0
BRDA:851,75,0,0
BRDA:851,75,1,0
BRDA:852,76,0,0
BRDA:852,76,1,0
BRDA:855,77,0,0
BRDA:855,77,1,0
BRDA:857,78,0,0
BRDA:857,78,1,0
BRDA:858,79,0,0
BRDA:858,79,1,0
BRDA:862,80,0,0
BRDA:862,80,1,0
BRDA:865,81,0,0
BRDA:865,81,1,0
BRDA:866,82,0,0
BRDA:866,82,1,0
BRDA:866,82,2,0
BRDA:871,83,0,0
BRDA:871,83,1,0
BRDA:872,84,0,0
BRDA:872,84,1,0
BRDA:876,85,0,0
BRDA:876,85,1,0
BRDA:877,86,0,0
BRDA:877,86,1,0
BRDA:878,87,0,0
BRDA:878,87,1,0
BRDA:879,88,0,0
BRDA:879,88,1,0
BRDA:883,89,0,0
BRDA:883,89,1,0
BRDA:885,90,0,0
BRDA:885,90,1,0
BRDA:889,91,0,0
BRDA:889,91,1,0
BRDA:890,92,0,0
BRDA:890,92,1,0
BRDA:891,93,0,0
BRDA:891,93,1,0
BRDA:892,94,0,0
BRDA:892,94,1,0
BRDA:893,95,0,0
BRDA:893,95,1,0
BRDA:894,96,0,0
BRDA:894,96,1,0
BRDA:895,97,0,0
BRDA:895,97,1,0
BRDA:896,98,0,0
BRDA:896,98,1,0
BRDA:897,99,0,0
BRDA:897,99,1,0
BRDA:899,100,0,0
BRDA:899,100,1,0
BRDA:908,101,0,6
BRDA:908,101,1,0
BRDA:913,102,0,0
BRDA:913,102,1,6
BRDA:913,103,0,6
BRDA:913,103,1,5
BRDA:918,104,0,1
BRDA:918,104,1,5
BRDA:918,105,0,6
BRDA:918,105,1,5
BRDA:921,106,0,1
BRDA:921,106,1,0
BRDA:937,107,0,0
BRF:218
BRH:13
end_of_record
TN:
SF:models\Order.js
FNF:0
FNH:0
DA:1,0
DA:3,0
DA:36,0
LF:3
LH:0
BRF:0
BRH:0
end_of_record
TN:
SF:models\Subscriber.js
FNF:0
FNH:0
DA:1,1
DA:3,1
DA:27,1
DA:29,1
LF:4
LH:4
BRF:0
BRH:0
end_of_record
TN:
SF:models\User.js
FN:28,(anonymous_0)
FN:34,(anonymous_1)
FN:275,(anonymous_2)
FN:289,(anonymous_3)
FN:305,(anonymous_4)
FN:314,(anonymous_5)
FN:319,(anonymous_6)
FN:324,(anonymous_7)
FN:331,(anonymous_8)
FN:338,(anonymous_9)
FN:345,(anonymous_10)
FN:362,(anonymous_11)
FNF:12
FNH:5
FNDA:3,(anonymous_0)
FNDA:3,(anonymous_1)
FNDA:3,(anonymous_2)
FNDA:3,(anonymous_3)
FNDA:0,(anonymous_4)
FNDA:0,(anonymous_5)
FNDA:0,(anonymous_6)
FNDA:0,(anonymous_7)
FNDA:9,(anonymous_8)
FNDA:0,(anonymous_9)
FNDA:0,(anonymous_10)
FNDA:0,(anonymous_11)
DA:1,1
DA:2,1
DA:4,1
DA:30,3
DA:36,3
DA:38,3
DA:275,1
DA:278,3
DA:279,0
DA:280,0
DA:282,3
DA:283,1
DA:285,3
DA:289,1
DA:291,3
DA:292,2
DA:295,1
DA:296,1
DA:297,1
DA:298,1
DA:300,0
DA:305,1
DA:307,0
DA:308,0
DA:310,0
DA:314,1
DA:315,0
DA:319,1
DA:320,0
DA:324,1
DA:325,0
DA:326,0
DA:327,0
DA:331,1
DA:332,9
DA:333,0
DA:334,0
DA:338,1
DA:339,0
DA:340,0
DA:341,0
DA:345,1
DA:346,0
DA:347,0
DA:350,0
DA:356,0
DA:358,0
DA:362,1
DA:363,0
DA:364,0
DA:366,0
DA:372,0
DA:374,0
DA:380,1
LF:54
LH:28
BRDA:30,0,0,3
BRDA:30,0,1,3
BRDA:36,1,0,0
BRDA:36,1,1,3
BRDA:36,2,0,3
BRDA:36,2,1,3
BRDA:38,3,0,3
BRDA:38,3,1,3
BRDA:278,4,0,0
BRDA:278,4,1,3
BRDA:278,5,0,3
BRDA:278,5,1,1
BRDA:278,5,2,0
BRDA:280,6,0,0
BRDA:280,6,1,0
BRDA:282,7,0,1
BRDA:282,7,1,2
BRDA:291,8,0,2
BRDA:291,8,1,1
BRDA:291,9,0,3
BRDA:291,9,1,3
BRDA:307,10,0,0
BRDA:307,10,1,0
BRDA:315,11,0,0
BRDA:315,11,1,0
BRDA:325,12,0,0
BRDA:325,12,1,0
BRDA:326,13,0,0
BRDA:326,13,1,0
BRDA:332,14,0,9
BRDA:332,14,1,0
BRDA:333,15,0,0
BRDA:333,15,1,0
BRF:33
BRH:17
end_of_record
TN:
SF:models\WebhookEvent.js
FNF:0
FNH:0
DA:1,1
DA:3,1
DA:36,1
LF:3
LH:3
BRF:0
BRH:0
end_of_record
TN:
SF:routes\abuse.js
FN:13,(anonymous_0)
FN:95,(anonymous_1)
FNF:2
FNH:0
FNDA:0,(anonymous_0)
FNDA:0,(anonymous_1)
DA:1,1
DA:2,1
DA:3,1
DA:4,1
DA:5,1
DA:7,1
DA:13,1
DA:14,0
DA:16,0
DA:95,1
DA:96,0
DA:97,0
DA:98,0
DA:100,0
DA:102,0
DA:103,0
DA:106,0
DA:107,0
DA:109,0
DA:122,0
DA:145,0
DA:146,0
DA:148,0
DA:149,0
DA:153,1
LF:25
LH:9
BRDA:14,0,0,0
BRDA:14,0,1,0
BRDA:97,1,0,0
BRDA:97,1,1,0
BRDA:97,1,2,0
BRDA:102,2,0,0
BRDA:102,2,1,0
BRDA:102,3,0,0
BRDA:102,3,1,0
BRDA:110,4,0,0
BRDA:110,4,1,0
BRDA:145,5,0,0
BRDA:145,5,1,0
BRF:13
BRH:0
end_of_record
TN:
SF:routes\ai.js
FN:8,(anonymous_0)
FN:22,(anonymous_1)
FN:33,(anonymous_2)
FNF:3
FNH:0
FNDA:0,(anonymous_0)
FNDA:0,(anonymous_1)
FNDA:0,(anonymous_2)
DA:1,1
DA:2,1
DA:3,1
DA:5,1
DA:8,1
DA:9,0
DA:10,0
DA:11,0
DA:13,0
DA:16,0
DA:17,0
DA:18,0
DA:20,0
DA:22,0
DA:25,0
DA:33,0
DA:35,0
DA:37,0
DA:55,0
DA:56,0
DA:62,0
DA:63,0
DA:65,0
DA:66,0
DA:67,0
DA:69,0
DA:72,0
DA:73,0
DA:77,1
LF:29
LH:6
BRDA:5,0,0,1
BRDA:5,0,1,0
BRDA:11,1,0,0
BRDA:11,1,1,0
BRDA:20,2,0,0
BRDA:20,2,1,0
BRDA:22,3,0,0
BRDA:22,3,1,0
BRDA:33,4,0,0
BRDA:33,4,1,0
BRDA:39,5,0,0
BRDA:39,5,1,0
BRDA:63,6,0,0
BRDA:63,6,1,0
BRDA:67,7,0,0
BRDA:67,7,1,0
BRF:16
BRH:1
end_of_record
TN:
SF:routes\analytics.js
FN:10,(anonymous_0)
FN:19,(anonymous_1)
FN:46,(anonymous_2)
FN:62,(anonymous_3)
FN:63,(anonymous_4)
FN:66,(anonymous_5)
FN:67,(anonymous_6)
FN:105,(anonymous_7)
FN:114,(anonymous_8)
FN:119,(anonymous_9)
FN:124,(anonymous_10)
FN:130,(anonymous_11)
FN:141,(anonymous_12)
FN:144,(anonymous_13)
FN:156,(anonymous_14)
FN:160,(anonymous_15)
FN:162,(anonymous_16)
FN:171,(anonymous_17)
FN:172,(anonymous_18)
FN:174,(anonymous_19)
FN:213,(anonymous_20)
FN:247,(anonymous_21)
FN:271,(anonymous_22)
FN:281,(anonymous_23)
FN:282,(anonymous_24)
FN:305,(anonymous_25)
FN:352,(anonymous_26)
FN:385,(anonymous_27)
FN:386,(anonymous_28)
FN:387,(anonymous_29)
FN:388,(anonymous_30)
FN:401,(anonymous_31)
FN:402,(anonymous_32)
FN:403,(anonymous_33)
FN:406,(anonymous_34)
FN:430,(anonymous_35)
FN:459,(anonymous_36)
FN:490,calculateProfitInsights
FN:492,(anonymous_38)
FN:504,(anonymous_39)
FN:507,(anonymous_40)
FN:508,(anonymous_41)
FN:541,calculateAnalytics
FN:568,(anonymous_43)
FN:624,(anonymous_44)
FN:629,(anonymous_45)
FN:631,(anonymous_46)
FN:632,(anonymous_47)
FNF:48
FNH:0
FNDA:0,(anonymous_0)
FNDA:0,(anonymous_1)
FNDA:0,(anonymous_2)
FNDA:0,(anonymous_3)
FNDA:0,(anonymous_4)
FNDA:0,(anonymous_5)
FNDA:0,(anonymous_6)
FNDA:0,(anonymous_7)
FNDA:0,(anonymous_8)
FNDA:0,(anonymous_9)
FNDA:0,(anonymous_10)
FNDA:0,(anonymous_11)
FNDA:0,(anonymous_12)
FNDA:0,(anonymous_13)
FNDA:0,(anonymous_14)
FNDA:0,(anonymous_15)
FNDA:0,(anonymous_16)
FNDA:0,(anonymous_17)
FNDA:0,(anonymous_18)
FNDA:0,(anonymous_19)
FNDA:0,(anonymous_20)
FNDA:0,(anonymous_21)
FNDA:0,(anonymous_22)
FNDA:0,(anonymous_23)
FNDA:0,(anonymous_24)
FNDA:0,(anonymous_25)
FNDA:0,(anonymous_26)
FNDA:0,(anonymous_27)
FNDA:0,(anonymous_28)
FNDA:0,(anonymous_29)
FNDA:0,(anonymous_30)
FNDA:0,(anonymous_31)
FNDA:0,(anonymous_32)
FNDA:0,(anonymous_33)
FNDA:0,(anonymous_34)
FNDA:0,(anonymous_35)
FNDA:0,(anonymous_36)
FNDA:0,calculateProfitInsights
FNDA:0,(anonymous_38)
FNDA:0,(anonymous_39)
FNDA:0,(anonymous_40)
FNDA:0,(anonymous_41)
FNDA:0,calculateAnalytics
FNDA:0,(anonymous_43)
FNDA:0,(anonymous_44)
FNDA:0,(anonymous_45)
FNDA:0,(anonymous_46)
FNDA:0,(anonymous_47)
DA:2,1
DA:3,1
DA:4,1
DA:5,1
DA:10,1
DA:11,0
DA:12,0
DA:13,0
DA:19,1
DA:20,0
DA:21,0
DA:23,0
DA:24,0
DA:25,0
DA:28,0
DA:32,0
DA:33,0
DA:34,0
DA:37,0
DA:38,0
DA:40,0
DA:41,0
DA:42,0
DA:44,0
DA:46,0
DA:62,0
DA:63,0
DA:66,0
DA:67,0
DA:68,0
DA:71,0
DA:73,0
DA:75,0
DA:77,0
DA:78,0
DA:79,0
DA:81,0
DA:82,0
DA:85,0
DA:86,0
DA:87,0
DA:90,0
DA:91,0
DA:92,0
DA:94,0
DA:97,0
DA:98,0
DA:100,0
DA:101,0
DA:105,0
DA:106,0
DA:110,0
DA:111,0
DA:113,0
DA:114,0
DA:115,0
DA:119,0
DA:120,0
DA:124,0
DA:125,0
DA:129,0
DA:130,0
DA:131,0
DA:134,0
DA:135,0
DA:136,0
DA:137,0
DA:140,0
DA:143,0
DA:144,0
DA:147,0
DA:156,0
DA:159,0
DA:160,0
DA:162,0
DA:170,0
DA:171,0
DA:172,0
DA:174,0
DA:182,0
DA:185,0
DA:186,0
DA:187,0
DA:191,0
DA:194,0
DA:204,0
DA:205,0
DA:213,1
DA:214,0
DA:215,0
DA:217,0
DA:222,0
DA:223,0
DA:229,0
DA:230,0
DA:233,0
DA:234,0
DA:235,0
DA:237,0
DA:238,0
DA:239,0
DA:240,0
DA:241,0
DA:242,0
DA:243,0
DA:246,0
DA:247,0
DA:250,0
DA:251,0
DA:254,0
DA:255,0
DA:262,0
DA:265,0
DA:267,0
DA:268,0
DA:269,0
DA:271,0
DA:272,0
DA:275,0
DA:277,0
DA:282,0
DA:284,0
DA:286,0
DA:304,0
DA:305,0
DA:307,0
DA:308,0
DA:313,0
DA:316,0
DA:318,0
DA:321,0
DA:341,0
DA:342,0
DA:352,1
DA:353,0
DA:354,0
DA:356,0
DA:357,0
DA:363,0
DA:364,0
DA:370,0
DA:375,0
DA:376,0
DA:382,0
DA:383,0
DA:385,0
DA:386,0
DA:387,0
DA:388,0
DA:390,0
DA:401,0
DA:402,0
DA:403,0
DA:406,0
DA:411,0
DA:419,0
DA:420,0
DA:430,1
DA:431,0
DA:433,0
DA:434,0
DA:441,0
DA:443,0
DA:448,0
DA:449,0
DA:455,0
DA:457,0
DA:458,0
DA:459,0
DA:460,0
DA:461,0
DA:464,0
DA:465,0
DA:466,0
DA:469,0
DA:476,0
DA:477,0
DA:491,0
DA:492,0
DA:493,0
DA:496,0
DA:500,0
DA:503,0
DA:504,0
DA:505,0
DA:506,0
DA:507,0
DA:508,0
DA:510,0
DA:512,0
DA:518,0
DA:522,0
DA:542,0
DA:565,0
DA:566,0
DA:568,0
DA:569,0
DA:571,0
DA:572,0
DA:573,0
DA:575,0
DA:576,0
DA:577,0
DA:579,0
DA:580,0
DA:581,0
DA:583,0
DA:584,0
DA:585,0
DA:587,0
DA:588,0
DA:589,0
DA:591,0
DA:592,0
DA:595,0
DA:596,0
DA:597,0
DA:598,0
DA:600,0
DA:603,0
DA:604,0
DA:607,0
DA:608,0
DA:609,0
DA:610,0
DA:611,0
DA:613,0
DA:616,0
DA:618,0
DA:619,0
DA:620,0
DA:621,0
DA:624,0
DA:625,0
DA:629,0
DA:630,0
DA:631,0
DA:632,0
DA:640,0
DA:644,0
DA:645,0
DA:647,0
DA:680,1
LF:243
LH:10
BRDA:12,0,0,0
BRDA:12,0,1,0
BRDA:24,1,0,0
BRDA:24,1,1,0
BRDA:24,1,2,0
BRDA:25,2,0,0
BRDA:25,2,1,0
BRDA:28,3,0,0
BRDA:28,3,1,0
BRDA:63,4,0,0
BRDA:63,4,1,0
BRDA:71,5,0,0
BRDA:71,5,1,0
BRDA:73,6,0,0
BRDA:73,6,1,0
BRDA:77,7,0,0
BRDA:77,7,1,0
BRDA:78,8,0,0
BRDA:78,8,1,0
BRDA:79,9,0,0
BRDA:79,9,1,0
BRDA:81,10,0,0
BRDA:81,10,1,0
BRDA:82,11,0,0
BRDA:82,11,1,0
BRDA:85,12,0,0
BRDA:85,12,1,0
BRDA:86,13,0,0
BRDA:86,13,1,0
BRDA:87,14,0,0
BRDA:87,14,1,0
BRDA:90,15,0,0
BRDA:90,15,1,0
BRDA:91,16,0,0
BRDA:91,16,1,0
BRDA:101,17,0,0
BRDA:101,17,1,0
BRDA:105,18,0,0
BRDA:105,18,1,0
BRDA:106,19,0,0
BRDA:106,19,1,0
BRDA:111,20,0,0
BRDA:111,20,1,0
BRDA:115,21,0,0
BRDA:115,21,1,0
BRDA:120,22,0,0
BRDA:120,22,1,0
BRDA:125,23,0,0
BRDA:125,23,1,0
BRDA:131,24,0,0
BRDA:131,24,1,0
BRDA:134,25,0,0
BRDA:134,25,1,0
BRDA:136,26,0,0
BRDA:136,26,1,0
BRDA:143,27,0,0
BRDA:143,27,1,0
BRDA:149,28,0,0
BRDA:149,28,1,0
BRDA:153,29,0,0
BRDA:153,29,1,0
BRDA:170,30,0,0
BRDA:170,30,1,0
BRDA:178,31,0,0
BRDA:178,31,1,0
BRDA:185,32,0,0
BRDA:185,32,1,0
BRDA:185,33,0,0
BRDA:185,33,1,0
BRDA:186,34,0,0
BRDA:186,34,1,0
BRDA:200,35,0,0
BRDA:200,35,1,0
BRDA:222,36,0,0
BRDA:222,36,1,0
BRDA:234,37,0,0
BRDA:234,37,1,0
BRDA:234,37,2,0
BRDA:235,38,0,0
BRDA:235,38,1,0
BRDA:237,39,0,0
BRDA:237,39,1,0
BRDA:241,40,0,0
BRDA:241,40,1,0
BRDA:241,41,0,0
BRDA:241,41,1,0
BRDA:246,42,0,0
BRDA:246,42,1,0
BRDA:254,43,0,0
BRDA:254,43,1,0
BRDA:267,44,0,0
BRDA:267,44,1,0
BRDA:267,45,0,0
BRDA:267,45,1,0
BRDA:267,45,2,0
BRDA:272,46,0,0
BRDA:272,46,1,0
BRDA:279,47,0,0
BRDA:279,47,1,0
BRDA:288,48,0,0
BRDA:288,48,1,0
BRDA:290,49,0,0
BRDA:290,49,1,0
BRDA:291,50,0,0
BRDA:291,50,1,0
BRDA:293,51,0,0
BRDA:293,51,1,0
BRDA:296,52,0,0
BRDA:296,52,1,0
BRDA:307,53,0,0
BRDA:307,53,1,0
BRDA:307,54,0,0
BRDA:307,54,1,0
BRDA:325,55,0,0
BRDA:325,55,1,0
BRDA:354,56,0,0
BRDA:356,57,0,0
BRDA:356,57,1,0
BRDA:356,58,0,0
BRDA:356,58,1,0
BRDA:356,58,2,0
BRDA:363,59,0,0
BRDA:363,59,1,0
BRDA:375,60,0,0
BRDA:375,60,1,0
BRDA:392,61,0,0
BRDA:392,61,1,0
BRDA:399,62,0,0
BRDA:399,62,1,0
BRDA:405,63,0,0
BRDA:405,63,1,0
BRDA:433,64,0,0
BRDA:433,64,1,0
BRDA:433,65,0,0
BRDA:433,65,1,0
BRDA:441,66,0,0
BRDA:448,67,0,0
BRDA:448,67,1,0
BRDA:457,68,0,0
BRDA:457,68,1,0
BRDA:461,69,0,0
BRDA:461,69,1,0
BRDA:461,70,0,0
BRDA:461,70,1,0
BRDA:492,71,0,0
BRDA:492,71,1,0
BRDA:505,72,0,0
BRDA:505,72,1,0
BRDA:505,73,0,0
BRDA:505,73,1,0
BRDA:507,74,0,0
BRDA:507,74,1,0
BRDA:507,75,0,0
BRDA:507,75,1,0
BRDA:508,76,0,0
BRDA:508,76,1,0
BRDA:510,77,0,0
BRDA:510,77,1,0
BRDA:518,78,0,0
BRDA:518,78,1,0
BRDA:531,79,0,0
BRDA:531,79,1,0
BRDA:541,80,0,0
BRDA:545,81,0,0
BRDA:545,81,1,0
BRDA:571,82,0,0
BRDA:571,82,1,0
BRDA:573,83,0,0
BRDA:573,83,1,0
BRDA:579,84,0,0
BRDA:579,84,1,0
BRDA:580,85,0,0
BRDA:580,85,1,0
BRDA:581,86,0,0
BRDA:581,86,1,0
BRDA:583,87,0,0
BRDA:583,87,1,0
BRDA:584,88,0,0
BRDA:584,88,1,0
BRDA:585,89,0,0
BRDA:585,89,1,0
BRDA:587,90,0,0
BRDA:587,90,1,0
BRDA:588,91,0,0
BRDA:588,91,1,0
BRDA:589,92,0,0
BRDA:589,92,1,0
BRDA:591,93,0,0
BRDA:591,93,1,0
BRDA:592,94,0,0
BRDA:592,94,1,0
BRDA:595,95,0,0
BRDA:595,95,1,0
BRDA:595,96,0,0
BRDA:595,96,1,0
BRDA:597,97,0,0
BRDA:597,97,1,0
BRDA:603,98,0,0
BRDA:603,98,1,0
BRDA:604,99,0,0
BRDA:604,99,1,0
BRDA:607,100,0,0
BRDA:607,100,1,0
BRDA:608,101,0,0
BRDA:608,101,1,0
BRDA:616,102,0,0
BRDA:616,102,1,0
BRDA:618,103,0,0
BRDA:618,103,1,0
BRDA:619,104,0,0
BRDA:619,104,1,0
BRDA:620,105,0,0
BRDA:620,105,1,0
BRDA:621,106,0,0
BRDA:621,106,1,0
BRDA:625,107,0,0
BRDA:625,107,1,0
BRDA:629,108,0,0
BRDA:635,109,0,0
BRDA:635,109,1,0
BRDA:640,110,0,0
BRDA:640,110,1,0
BRDA:655,111,0,0
BRDA:655,111,1,0
BRDA:660,112,0,0
BRDA:660,112,1,0
BRDA:673,113,0,0
BRDA:673,113,1,0
BRF:228
BRH:0
end_of_record
TN:
SF:routes\auth.js
FN:13,bannedResponse
FN:24,(anonymous_1)
FN:54,(anonymous_2)
FN:85,(anonymous_3)
FN:142,(anonymous_4)
FN:150,(anonymous_5)
FN:186,(anonymous_6)
FN:228,(anonymous_7)
FN:284,(anonymous_8)
FN:320,(anonymous_9)
FN:367,(anonymous_10)
FN:379,(anonymous_11)
FN:383,(anonymous_12)
FNF:13
FNH:0
FNDA:0,bannedResponse
FNDA:0,(anonymous_1)
FNDA:0,(anonymous_2)
FNDA:0,(anonymous_3)
FNDA:0,(anonymous_4)
FNDA:0,(anonymous_5)
FNDA:0,(anonymous_6)
FNDA:0,(anonymous_7)
FNDA:0,(anonymous_8)
FNDA:0,(anonymous_9)
FNDA:0,(anonymous_10)
FNDA:0,(anonymous_11)
FNDA:0,(anonymous_12)
DA:1,1
DA:2,1
DA:3,1
DA:4,1
DA:5,1
DA:6,1
DA:8,1
DA:9,1
DA:10,1
DA:11,1
DA:14,0
DA:24,1
DA:25,0
DA:26,0
DA:28,0
DA:29,0
DA:31,0
DA:32,0
DA:35,0
DA:36,0
DA:37,0
DA:40,0
DA:48,0
DA:49,0
DA:51,0
DA:53,0
DA:54,0
DA:56,0
DA:62,0
DA:64,0
DA:77,0
DA:78,0
DA:85,1
DA:86,0
DA:87,0
DA:89,0
DA:90,0
DA:91,0
DA:94,0
DA:95,0
DA:98,0
DA:99,0
DA:105,0
DA:106,0
DA:107,0
DA:110,0
DA:116,0
DA:118,0
DA:134,0
DA:135,0
DA:142,1
DA:143,0
DA:144,0
DA:150,1
DA:151,0
DA:152,0
DA:154,0
DA:155,0
DA:158,0
DA:161,0
DA:162,0
DA:168,0
DA:169,0
DA:171,0
DA:173,0
DA:178,0
DA:179,0
DA:186,1
DA:187,0
DA:188,0
DA:190,0
DA:191,0
DA:194,0
DA:195,0
DA:198,0
DA:200,0
DA:205,0
DA:206,0
DA:209,0
DA:210,0
DA:213,0
DA:214,0
DA:215,0
DA:216,0
DA:218,0
DA:220,0
DA:221,0
DA:228,1
DA:229,0
DA:230,0
DA:232,0
DA:233,0
DA:239,0
DA:241,0
DA:242,0
DA:249,0
DA:273,0
DA:274,0
DA:275,0
DA:277,0
DA:284,1
DA:285,0
DA:286,0
DA:287,0
DA:289,0
DA:290,0
DA:293,0
DA:294,0
DA:297,0
DA:298,0
DA:300,0
DA:306,0
DA:307,0
DA:309,0
DA:312,0
DA:313,0
DA:320,1
DA:321,0
DA:322,0
DA:324,0
DA:325,0
DA:328,0
DA:329,0
DA:334,0
DA:335,0
DA:338,0
DA:339,0
DA:342,0
DA:343,0
DA:344,0
DA:345,0
DA:347,0
DA:359,0
DA:360,0
DA:367,1
DA:368,0
DA:379,1
DA:380,0
DA:384,0
DA:385,0
DA:386,0
DA:389,0
DA:390,0
DA:393,0
DA:394,0
DA:396,0
DA:397,0
DA:400,0
DA:401,0
DA:404,0
DA:410,0
DA:412,0
DA:414,0
DA:415,0
DA:420,1
LF:155
LH:21
BRDA:28,0,0,0
BRDA:28,0,1,0
BRDA:28,1,0,0
BRDA:28,1,1,0
BRDA:28,1,2,0
BRDA:31,2,0,0
BRDA:31,2,1,0
BRDA:36,3,0,0
BRDA:36,3,1,0
BRDA:90,4,0,0
BRDA:90,4,1,0
BRDA:94,5,0,0
BRDA:94,5,1,0
BRDA:98,6,0,0
BRDA:98,6,1,0
BRDA:106,7,0,0
BRDA:106,7,1,0
BRDA:154,8,0,0
BRDA:154,8,1,0
BRDA:161,9,0,0
BRDA:161,9,1,0
BRDA:161,10,0,0
BRDA:161,10,1,0
BRDA:161,10,2,0
BRDA:190,11,0,0
BRDA:190,11,1,0
BRDA:190,12,0,0
BRDA:190,12,1,0
BRDA:194,13,0,0
BRDA:194,13,1,0
BRDA:205,14,0,0
BRDA:205,14,1,0
BRDA:209,15,0,0
BRDA:209,15,1,0
BRDA:230,16,0,0
BRDA:230,16,1,0
BRDA:232,17,0,0
BRDA:232,17,1,0
BRDA:241,18,0,0
BRDA:241,18,1,0
BRDA:265,19,0,0
BRDA:265,19,1,0
BRDA:266,20,0,0
BRDA:266,20,1,0
BRDA:268,21,0,0
BRDA:268,21,1,0
BRDA:274,22,0,0
BRDA:274,22,1,0
BRDA:286,23,0,0
BRDA:286,23,1,0
BRDA:289,24,0,0
BRDA:289,24,1,0
BRDA:293,25,0,0
BRDA:293,25,1,0
BRDA:306,26,0,0
BRDA:306,26,1,0
BRDA:324,27,0,0
BRDA:324,27,1,0
BRDA:334,28,0,0
BRDA:334,28,1,0
BRDA:338,29,0,0
BRDA:338,29,1,0
BRDA:382,30,0,0
BRDA:382,30,1,0
BRDA:384,31,0,0
BRDA:384,31,1,0
BRDA:389,32,0,0
BRDA:389,32,1,0
BRDA:396,33,0,0
BRDA:396,33,1,0
BRDA:400,34,0,0
BRDA:400,34,1,0
BRF:72
BRH:0
end_of_record
TN:
SF:routes\bio.js
FN:8,(anonymous_0)
FN:53,(anonymous_1)
FN:141,(anonymous_2)
FN:162,(anonymous_3)
FN:176,(anonymous_4)
FN:230,(anonymous_5)
FN:254,(anonymous_6)
FN:274,(anonymous_7)
FN:275,(anonymous_8)
FN:279,(anonymous_9)
FN:280,(anonymous_10)
FN:314,(anonymous_11)
FN:327,(anonymous_12)
FN:342,(anonymous_13)
FN:357,(anonymous_14)
FNF:15
FNH:0
FNDA:0,(anonymous_0)
FNDA:0,(anonymous_1)
FNDA:0,(anonymous_2)
FNDA:0,(anonymous_3)
FNDA:0,(anonymous_4)
FNDA:0,(anonymous_5)
FNDA:0,(anonymous_6)
FNDA:0,(anonymous_7)
FNDA:0,(anonymous_8)
FNDA:0,(anonymous_9)
FNDA:0,(anonymous_10)
FNDA:0,(anonymous_11)
FNDA:0,(anonymous_12)
FNDA:0,(anonymous_13)
FNDA:0,(anonymous_14)
DA:1,1
DA:2,1
DA:3,1
DA:4,1
DA:5,1
DA:8,1
DA:9,0
DA:10,0
DA:13,0
DA:14,0
DA:28,0
DA:43,0
DA:44,0
DA:53,1
DA:54,0
DA:55,0
DA:56,0
DA:58,0
DA:59,0
DA:61,0
DA:62,0
DA:63,0
DA:71,0
DA:72,0
DA:73,0
DA:88,0
DA:89,0
DA:90,0
DA:91,0
DA:92,0
DA:95,0
DA:96,0
DA:100,0
DA:101,0
DA:102,0
DA:103,0
DA:108,0
DA:109,0
DA:110,0
DA:114,0
DA:118,0
DA:119,0
DA:120,0
DA:121,0
DA:122,0
DA:123,0
DA:126,0
DA:127,0
DA:129,0
DA:130,0
DA:136,0
DA:139,0
DA:141,0
DA:147,0
DA:148,0
DA:151,0
DA:152,0
DA:153,0
DA:155,0
DA:156,0
DA:162,0
DA:163,0
DA:173,0
DA:174,0
DA:176,0
DA:177,0
DA:190,0
DA:191,0
DA:198,0
DA:200,0
DA:201,0
DA:202,0
DA:204,0
DA:205,0
DA:213,0
DA:214,0
DA:219,0
DA:220,0
DA:230,1
DA:231,0
DA:232,0
DA:234,0
DA:235,0
DA:238,0
DA:242,0
DA:244,0
DA:245,0
DA:254,1
DA:255,0
DA:256,0
DA:258,0
DA:260,0
DA:265,0
DA:266,0
DA:267,0
DA:270,0
DA:273,0
DA:274,0
DA:275,0
DA:278,0
DA:279,0
DA:280,0
DA:282,0
DA:296,0
DA:297,0
DA:305,1
DA:308,1
DA:314,1
DA:315,0
DA:316,0
DA:317,0
DA:320,0
DA:322,0
DA:327,1
DA:328,0
DA:329,0
DA:330,0
DA:333,0
DA:335,0
DA:339,1
DA:342,1
DA:343,0
DA:344,0
DA:345,0
DA:347,0
DA:348,0
DA:351,0
DA:352,0
DA:353,0
DA:357,0
DA:358,0
DA:359,0
DA:362,0
DA:363,0
DA:370,0
DA:371,0
DA:373,0
DA:376,0
DA:378,0
DA:379,0
DA:383,1
LF:141
LH:16
BRDA:13,0,0,0
BRDA:13,0,1,0
BRDA:16,1,0,0
BRDA:16,1,1,0
BRDA:30,2,0,0
BRDA:30,2,1,0
BRDA:31,3,0,0
BRDA:31,3,1,0
BRDA:31,3,2,0
BRDA:32,4,0,0
BRDA:32,4,1,0
BRDA:33,5,0,0
BRDA:33,5,1,0
BRDA:34,6,0,0
BRDA:34,6,1,0
BRDA:35,7,0,0
BRDA:35,7,1,0
BRDA:36,8,0,0
BRDA:36,8,1,0
BRDA:37,9,0,0
BRDA:37,9,1,0
BRDA:38,10,0,0
BRDA:38,10,1,0
BRDA:39,11,0,0
BRDA:39,11,1,0
BRDA:61,12,0,0
BRDA:61,12,1,0
BRDA:71,13,0,0
BRDA:71,13,1,0
BRDA:88,14,0,0
BRDA:88,14,1,0
BRDA:90,15,0,0
BRDA:90,15,1,0
BRDA:90,16,0,0
BRDA:90,16,1,0
BRDA:91,17,0,0
BRDA:91,17,1,0
BRDA:95,18,0,0
BRDA:95,18,1,0
BRDA:100,19,0,0
BRDA:100,19,1,0
BRDA:101,20,0,0
BRDA:101,20,1,0
BRDA:101,21,0,0
BRDA:101,21,1,0
BRDA:108,22,0,0
BRDA:108,22,1,0
BRDA:114,23,0,0
BRDA:114,23,1,0
BRDA:119,24,0,0
BRDA:119,24,1,0
BRDA:120,25,0,0
BRDA:120,25,1,0
BRDA:121,26,0,0
BRDA:121,26,1,0
BRDA:122,27,0,0
BRDA:122,27,1,0
BRDA:127,28,0,0
BRDA:127,28,1,0
BRDA:127,28,2,0
BRDA:129,29,0,0
BRDA:129,29,1,0
BRDA:129,30,0,0
BRDA:129,30,1,0
BRDA:139,31,0,0
BRDA:139,31,1,0
BRDA:147,32,0,0
BRDA:147,32,1,0
BRDA:147,33,0,0
BRDA:147,33,1,0
BRDA:151,34,0,0
BRDA:151,34,1,0
BRDA:151,34,2,0
BRDA:153,35,0,0
BRDA:153,35,1,0
BRDA:153,36,0,0
BRDA:153,36,1,0
BRDA:155,37,0,0
BRDA:155,37,1,0
BRDA:155,38,0,0
BRDA:155,38,1,0
BRDA:164,39,0,0
BRDA:164,39,1,0
BRDA:166,40,0,0
BRDA:166,40,1,0
BRDA:167,41,0,0
BRDA:167,41,1,0
BRDA:168,42,0,0
BRDA:168,42,1,0
BRDA:173,43,0,0
BRDA:173,43,1,0
BRDA:173,44,0,0
BRDA:173,44,1,0
BRDA:178,45,0,0
BRDA:178,45,1,0
BRDA:179,46,0,0
BRDA:179,46,1,0
BRDA:181,47,0,0
BRDA:181,47,1,0
BRDA:182,48,0,0
BRDA:182,48,1,0
BRDA:183,49,0,0
BRDA:183,49,1,0
BRDA:184,50,0,0
BRDA:184,50,1,0
BRDA:185,51,0,0
BRDA:185,51,1,0
BRDA:190,52,0,0
BRDA:190,52,1,0
BRDA:193,53,0,0
BRDA:193,53,1,0
BRDA:194,54,0,0
BRDA:194,54,1,0
BRDA:198,55,0,0
BRDA:198,55,1,0
BRDA:209,56,0,0
BRDA:209,56,1,0
BRDA:234,57,0,0
BRDA:234,57,1,0
BRDA:265,58,0,0
BRDA:265,58,1,0
BRDA:265,59,0,0
BRDA:265,59,1,0
BRDA:265,59,2,0
BRDA:273,60,0,0
BRDA:273,60,1,0
BRDA:275,61,0,0
BRDA:275,61,1,0
BRDA:275,62,0,0
BRDA:275,62,1,0
BRDA:278,63,0,0
BRDA:278,63,1,0
BRDA:280,64,0,0
BRDA:280,64,1,0
BRDA:280,65,0,0
BRDA:280,65,1,0
BRDA:285,66,0,0
BRDA:285,66,1,0
BRDA:286,67,0,0
BRDA:286,67,1,0
BRDA:287,68,0,0
BRDA:287,68,1,0
BRDA:288,69,0,0
BRDA:288,69,1,0
BRDA:289,70,0,0
BRDA:289,70,1,0
BRDA:292,71,0,0
BRDA:292,71,1,0
BRDA:316,72,0,0
BRDA:316,72,1,0
BRDA:316,72,2,0
BRDA:329,73,0,0
BRDA:329,73,1,0
BRDA:329,73,2,0
BRDA:347,74,0,0
BRDA:347,74,1,0
BRDA:352,75,0,0
BRDA:352,75,1,0
BRDA:357,76,0,0
BRDA:357,76,1,0
BRDA:357,77,0,0
BRDA:357,77,1,0
BRDA:358,78,0,0
BRDA:358,78,1,0
BRDA:370,79,0,0
BRDA:370,79,1,0
BRF:166
BRH:0
end_of_record
TN:
SF:routes\conversions.js
FN:10,(anonymous_0)
FN:19,(anonymous_1)
FN:50,(anonymous_2)
FN:52,(anonymous_3)
FN:128,(anonymous_4)
FN:148,(anonymous_5)
FN:174,(anonymous_6)
FN:180,(anonymous_7)
FN:182,(anonymous_8)
FN:196,(anonymous_9)
FN:197,(anonymous_10)
FN:198,(anonymous_11)
FN:199,(anonymous_12)
FN:228,(anonymous_13)
FN:251,(anonymous_14)
FN:268,(anonymous_15)
FN:269,(anonymous_16)
FN:273,(anonymous_17)
FN:278,(anonymous_18)
FN:292,(anonymous_19)
FN:312,(anonymous_20)
FNF:21
FNH:0
FNDA:0,(anonymous_0)
FNDA:0,(anonymous_1)
FNDA:0,(anonymous_2)
FNDA:0,(anonymous_3)
FNDA:0,(anonymous_4)
FNDA:0,(anonymous_5)
FNDA:0,(anonymous_6)
FNDA:0,(anonymous_7)
FNDA:0,(anonymous_8)
FNDA:0,(anonymous_9)
FNDA:0,(anonymous_10)
FNDA:0,(anonymous_11)
FNDA:0,(anonymous_12)
FNDA:0,(anonymous_13)
FNDA:0,(anonymous_14)
FNDA:0,(anonymous_15)
FNDA:0,(anonymous_16)
FNDA:0,(anonymous_17)
FNDA:0,(anonymous_18)
FNDA:0,(anonymous_19)
FNDA:0,(anonymous_20)
DA:4,1
DA:5,1
DA:6,1
DA:7,1
DA:10,1
DA:11,0
DA:12,0
DA:13,0
DA:19,1
DA:20,0
DA:21,0
DA:22,0
DA:25,0
DA:26,0
DA:32,0
DA:33,0
DA:34,0
DA:35,0
DA:36,0
DA:39,0
DA:41,0
DA:42,0
DA:49,0
DA:50,0
DA:52,0
DA:54,0
DA:55,0
DA:62,0
DA:63,0
DA:66,0
DA:67,0
DA:82,0
DA:83,0
DA:84,0
DA:87,0
DA:88,0
DA:90,0
DA:91,0
DA:95,0
DA:96,0
DA:97,0
DA:104,0
DA:106,0
DA:107,0
DA:108,0
DA:113,0
DA:128,0
DA:137,0
DA:138,0
DA:148,1
DA:149,0
DA:150,0
DA:151,0
DA:153,0
DA:158,0
DA:159,0
DA:163,0
DA:164,0
DA:171,0
DA:172,0
DA:174,0
DA:175,0
DA:179,0
DA:180,0
DA:181,0
DA:182,0
DA:184,0
DA:188,0
DA:193,0
DA:194,0
DA:195,0
DA:197,0
DA:198,0
DA:199,0
DA:201,0
DA:219,0
DA:228,0
DA:240,0
DA:241,0
DA:251,1
DA:252,0
DA:253,0
DA:256,0
DA:257,0
DA:263,0
DA:265,0
DA:266,0
DA:268,0
DA:269,0
DA:270,0
DA:273,0
DA:274,0
DA:278,0
DA:280,0
DA:292,0
DA:294,0
DA:301,0
DA:302,0
DA:312,1
DA:313,0
DA:314,0
DA:316,0
DA:321,0
DA:322,0
DA:325,0
DA:327,0
DA:394,0
DA:397,0
DA:398,0
DA:405,1
LF:110
LH:10
BRDA:12,0,0,0
BRDA:12,0,1,0
BRDA:25,1,0,0
BRDA:25,1,1,0
BRDA:35,2,0,0
BRDA:35,2,1,0
BRDA:36,3,0,0
BRDA:36,3,1,0
BRDA:41,4,0,0
BRDA:41,4,1,0
BRDA:54,5,0,0
BRDA:54,5,1,0
BRDA:66,6,0,0
BRDA:66,6,1,0
BRDA:84,7,0,0
BRDA:84,7,1,0
BRDA:87,8,0,0
BRDA:87,8,1,0
BRDA:87,9,0,0
BRDA:87,9,1,0
BRDA:90,10,0,0
BRDA:90,10,1,0
BRDA:92,11,0,0
BRDA:92,11,1,0
BRDA:96,12,0,0
BRDA:96,12,1,0
BRDA:98,13,0,0
BRDA:98,13,1,0
BRDA:107,14,0,0
BRDA:107,14,1,0
BRDA:108,15,0,0
BRDA:108,15,1,0
BRDA:120,16,0,0
BRDA:120,16,1,0
BRDA:121,17,0,0
BRDA:121,17,1,0
BRDA:122,18,0,0
BRDA:122,18,1,0
BRDA:127,19,0,0
BRDA:127,19,1,0
BRDA:130,20,0,0
BRDA:130,20,1,0
BRDA:131,21,0,0
BRDA:131,21,1,0
BRDA:151,22,0,0
BRDA:158,23,0,0
BRDA:158,23,1,0
BRDA:163,24,0,0
BRDA:163,24,1,0
BRDA:182,25,0,0
BRDA:182,25,1,0
BRDA:184,26,0,0
BRDA:184,26,1,0
BRDA:188,27,0,0
BRDA:188,27,1,0
BRDA:194,28,0,0
BRDA:194,28,1,0
BRDA:199,29,0,0
BRDA:199,29,1,0
BRDA:206,30,0,0
BRDA:206,30,1,0
BRDA:210,31,0,0
BRDA:210,31,1,0
BRDA:230,32,0,0
BRDA:230,32,1,0
BRDA:253,33,0,0
BRDA:253,34,0,0
BRDA:256,35,0,0
BRDA:256,35,1,0
BRDA:274,36,0,0
BRDA:274,36,1,0
BRDA:278,37,0,0
BRDA:278,37,1,0
BRDA:282,38,0,0
BRDA:282,38,1,0
BRDA:287,39,0,0
BRDA:287,39,1,0
BRDA:321,40,0,0
BRDA:321,40,1,0
BRDA:325,41,0,0
BRDA:325,41,1,0
BRF:81
BRH:0
end_of_record
TN:
SF:routes\debug.js
FN:6,(anonymous_0)
FNF:1
FNH:0
FNDA:0,(anonymous_0)
DA:1,0
DA:2,0
DA:3,0
DA:4,0
DA:6,0
DA:7,0
DA:8,0
DA:9,0
DA:11,0
DA:12,0
DA:15,0
DA:18,0
DA:19,0
DA:22,0
DA:23,0
DA:35,0
DA:36,0
DA:46,0
DA:77,0
DA:79,0
DA:86,0
DA:90,0
LF:22
LH:0
BRDA:11,0,0,0
BRDA:11,0,1,0
BRDA:27,1,0,0
BRDA:27,1,1,0
BRDA:28,2,0,0
BRDA:28,2,1,0
BRDA:28,3,0,0
BRDA:28,3,1,0
BRDA:28,4,0,0
BRDA:28,4,1,0
BRDA:30,5,0,0
BRDA:30,5,1,0
BRF:12
BRH:0
end_of_record
TN:
SF:routes\domains.js
FN:11,(anonymous_0)
FN:127,(anonymous_1)
FN:161,(anonymous_2)
FN:177,(anonymous_3)
FN:258,(anonymous_4)
FN:303,(anonymous_5)
FN:310,(anonymous_6)
FN:326,(anonymous_7)
FN:327,(anonymous_8)
FN:342,(anonymous_9)
FN:397,(anonymous_10)
FN:415,(anonymous_11)
FN:423,(anonymous_12)
FN:484,(anonymous_13)
FNF:14
FNH:0
FNDA:0,(anonymous_0)
FNDA:0,(anonymous_1)
FNDA:0,(anonymous_2)
FNDA:0,(anonymous_3)
FNDA:0,(anonymous_4)
FNDA:0,(anonymous_5)
FNDA:0,(anonymous_6)
FNDA:0,(anonymous_7)
FNDA:0,(anonymous_8)
FNDA:0,(anonymous_9)
FNDA:0,(anonymous_10)
FNDA:0,(anonymous_11)
FNDA:0,(anonymous_12)
FNDA:0,(anonymous_13)
DA:2,1
DA:3,1
DA:4,1
DA:5,1
DA:6,1
DA:11,1
DA:12,0
DA:13,0
DA:14,0
DA:16,0
DA:17,0
DA:20,0
DA:23,0
DA:26,0
DA:27,0
DA:36,0
DA:37,0
DA:38,0
DA:45,0
DA:50,0
DA:51,0
DA:55,0
DA:60,0
DA:61,0
DA:68,0
DA:69,0
DA:71,0
DA:74,0
DA:75,0
DA:76,0
DA:80,0
DA:83,0
DA:85,0
DA:116,0
DA:117,0
DA:127,1
DA:128,0
DA:129,0
DA:131,0
DA:133,0
DA:138,0
DA:139,0
DA:142,0
DA:143,0
DA:149,0
DA:150,0
DA:152,0
DA:153,0
DA:156,0
DA:157,0
DA:158,0
DA:159,0
DA:161,0
DA:162,0
DA:165,0
DA:167,0
DA:171,0
DA:172,0
DA:173,0
DA:174,0
DA:176,0
DA:177,0
DA:178,0
DA:181,0
DA:183,0
DA:188,0
DA:189,0
DA:190,0
DA:191,0
DA:193,0
DA:195,0
DA:197,0
DA:217,0
DA:247,0
DA:248,0
DA:258,1
DA:259,0
DA:260,0
DA:262,0
DA:267,0
DA:268,0
DA:271,0
DA:273,0
DA:274,0
DA:281,0
DA:283,0
DA:285,0
DA:292,0
DA:293,0
DA:303,1
DA:304,0
DA:305,0
DA:310,0
DA:322,0
DA:326,0
DA:327,0
DA:331,0
DA:332,0
DA:342,1
DA:343,0
DA:344,0
DA:346,0
DA:347,0
DA:351,0
DA:352,0
DA:353,0
DA:360,0
DA:364,0
DA:366,0
DA:367,0
DA:374,0
DA:380,0
DA:386,0
DA:387,0
DA:397,1
DA:398,0
DA:399,0
DA:401,0
DA:406,0
DA:407,0
DA:410,0
DA:411,0
DA:414,0
DA:415,0
DA:416,0
DA:423,0
DA:424,0
DA:426,0
DA:427,0
DA:435,0
DA:439,0
DA:440,0
DA:444,0
DA:445,0
DA:446,0
DA:448,0
DA:458,0
DA:460,0
DA:473,0
DA:474,0
DA:484,1
DA:485,0
DA:569,1
LF:143
LH:13
BRDA:16,0,0,0
BRDA:16,0,1,0
BRDA:23,1,0,0
BRDA:23,1,1,0
BRDA:23,1,2,0
BRDA:26,2,0,0
BRDA:26,2,1,0
BRDA:26,3,0,0
BRDA:26,3,1,0
BRDA:29,4,0,0
BRDA:29,4,1,0
BRDA:37,5,0,0
BRDA:37,5,1,0
BRDA:50,6,0,0
BRDA:50,6,1,0
BRDA:60,7,0,0
BRDA:60,7,1,0
BRDA:74,8,0,0
BRDA:74,8,1,0
BRDA:74,9,0,0
BRDA:74,9,1,0
BRDA:75,10,0,0
BRDA:75,10,1,0
BRDA:106,11,0,0
BRDA:106,11,1,0
BRDA:138,12,0,0
BRDA:138,12,1,0
BRDA:142,13,0,0
BRDA:142,13,1,0
BRDA:142,14,0,0
BRDA:142,14,1,0
BRDA:176,15,0,0
BRDA:176,15,1,0
BRDA:188,16,0,0
BRDA:188,16,1,0
BRDA:207,17,0,0
BRDA:207,17,1,0
BRDA:209,18,0,0
BRDA:209,18,1,0
BRDA:211,19,0,0
BRDA:211,19,1,0
BRDA:226,20,0,0
BRDA:226,20,1,0
BRDA:227,21,0,0
BRDA:227,21,1,0
BRDA:231,22,0,0
BRDA:231,22,1,0
BRDA:237,23,0,0
BRDA:237,23,1,0
BRDA:240,24,0,0
BRDA:240,24,1,0
BRDA:267,25,0,0
BRDA:267,25,1,0
BRDA:312,26,0,0
BRDA:312,26,1,0
BRDA:314,27,0,0
BRDA:314,27,1,0
BRDA:316,28,0,0
BRDA:316,28,1,0
BRDA:346,29,0,0
BRDA:346,29,1,0
BRDA:352,30,0,0
BRDA:352,30,1,0
BRDA:364,31,0,0
BRDA:364,31,1,0
BRDA:366,32,0,0
BRDA:366,32,1,0
BRDA:406,33,0,0
BRDA:406,33,1,0
BRDA:406,34,0,0
BRDA:406,34,1,0
BRDA:426,35,0,0
BRDA:426,35,1,0
BRDA:513,36,0,0
BRDA:513,36,1,0
BRF:75
BRH:0
end_of_record
TN:
SF:routes\links.js
FN:14,(anonymous_0)
FN:25,(anonymous_1)
FN:262,(anonymous_2)
FN:274,(anonymous_3)
FN:278,(anonymous_4)
FN:284,(anonymous_5)
FN:303,(anonymous_6)
FN:392,(anonymous_7)
FN:437,(anonymous_8)
FN:467,(anonymous_9)
FN:473,(anonymous_10)
FN:501,(anonymous_11)
FN:519,(anonymous_12)
FN:543,(anonymous_13)
FN:563,(anonymous_14)
FN:722,(anonymous_15)
FN:732,(anonymous_16)
FN:736,(anonymous_17)
FN:812,(anonymous_18)
FN:833,(anonymous_19)
FN:862,(anonymous_20)
FNF:21
FNH:6
FNDA:11,(anonymous_0)
FNDA:6,(anonymous_1)
FNDA:0,(anonymous_2)
FNDA:0,(anonymous_3)
FNDA:0,(anonymous_4)
FNDA:0,(anonymous_5)
FNDA:0,(anonymous_6)
FNDA:0,(anonymous_7)
FNDA:1,(anonymous_8)
FNDA:2,(anonymous_9)
FNDA:0,(anonymous_10)
FNDA:1,(anonymous_11)
FNDA:0,(anonymous_12)
FNDA:1,(anonymous_13)
FNDA:0,(anonymous_14)
FNDA:0,(anonymous_15)
FNDA:0,(anonymous_16)
FNDA:0,(anonymous_17)
FNDA:0,(anonymous_18)
FNDA:0,(anonymous_19)
FNDA:0,(anonymous_20)
DA:1,1
DA:2,1
DA:3,1
DA:4,1
DA:10,1
DA:11,1
DA:14,1
DA:15,11
DA:16,11
DA:17,0
DA:19,11
DA:25,1
DA:26,6
DA:27,6
DA:42,6
DA:44,6
DA:45,6
DA:46,0
DA:49,6
DA:50,6
DA:51,0
DA:56,6
DA:57,1
DA:61,5
DA:62,5
DA:63,0
DA:64,0
DA:70,0
DA:71,0
DA:73,0
DA:74,0
DA:75,0
DA:76,0
DA:77,0
DA:86,5
DA:87,5
DA:90,5
DA:91,5
DA:93,5
DA:94,5
DA:95,5
DA:100,5
DA:101,0
DA:110,5
DA:111,0
DA:112,0
DA:117,0
DA:121,0
DA:122,0
DA:125,0
DA:127,5
DA:128,5
DA:129,5
DA:130,5
DA:131,5
DA:135,5
DA:136,5
DA:137,1
DA:138,0
DA:143,1
DA:146,5
DA:147,5
DA:150,5
DA:151,5
DA:153,5
DA:154,0
DA:155,0
DA:162,0
DA:163,0
DA:164,0
DA:169,0
DA:174,0
DA:175,0
DA:181,5
DA:182,5
DA:183,0
DA:184,0
DA:191,0
DA:193,0
DA:194,0
DA:199,0
DA:200,0
DA:205,0
DA:206,0
DA:211,0
DA:212,0
DA:214,0
DA:215,0
DA:221,0
DA:222,0
DA:228,0
DA:229,0
DA:236,0
DA:237,0
DA:238,0
DA:239,0
DA:245,0
DA:246,0
DA:247,0
DA:253,0
DA:254,0
DA:255,0
DA:256,0
DA:257,0
DA:258,0
DA:261,0
DA:262,0
DA:264,0
DA:266,0
DA:267,0
DA:272,0
DA:273,0
DA:274,0
DA:275,0
DA:278,0
DA:279,0
DA:280,0
DA:281,0
DA:284,0
DA:288,0
DA:302,5
DA:303,0
DA:306,5
DA:307,0
DA:308,0
DA:315,5
DA:335,5
DA:336,5
DA:337,5
DA:339,5
DA:340,5
DA:342,5
DA:344,5
DA:345,5
DA:348,5
DA:349,2
DA:350,2
DA:354,2
DA:357,5
DA:364,5
DA:381,0
DA:382,0
DA:392,1
DA:393,0
DA:394,0
DA:395,0
DA:398,0
DA:400,0
DA:401,0
DA:406,0
DA:411,0
DA:412,0
DA:415,0
DA:416,0
DA:418,0
DA:423,0
DA:429,0
DA:430,0
DA:437,1
DA:438,1
DA:439,1
DA:441,1
DA:443,1
DA:444,0
DA:451,1
DA:452,0
DA:455,1
DA:461,1
DA:463,1
DA:464,1
DA:465,1
DA:467,1
DA:468,2
DA:471,2
DA:472,2
DA:473,0
DA:476,2
DA:486,1
DA:493,0
DA:494,0
DA:501,1
DA:502,1
DA:503,1
DA:508,1
DA:509,0
DA:512,1
DA:513,1
DA:514,1
DA:517,1
DA:518,1
DA:519,0
DA:522,1
DA:523,1
DA:535,0
DA:536,0
DA:543,1
DA:544,1
DA:545,1
DA:547,1
DA:552,1
DA:553,0
DA:556,1
DA:557,1
DA:558,1
DA:559,1
DA:562,1
DA:563,0
DA:566,1
DA:568,0
DA:569,0
DA:578,1
DA:579,0
DA:580,0
DA:589,1
DA:590,0
DA:591,0
DA:598,1
DA:599,1
DA:600,1
DA:601,1
DA:602,1
DA:604,1
DA:605,0
DA:606,0
DA:607,0
DA:609,0
DA:610,0
DA:615,0
DA:616,0
DA:620,1
DA:621,0
DA:622,0
DA:624,0
DA:625,0
DA:626,0
DA:631,0
DA:637,0
DA:638,0
DA:643,0
DA:647,1
DA:648,0
DA:649,0
DA:650,0
DA:651,0
DA:652,0
DA:657,0
DA:658,0
DA:663,0
DA:664,0
DA:666,0
DA:667,0
DA:673,0
DA:674,0
DA:680,0
DA:681,0
DA:688,0
DA:689,0
DA:690,0
DA:691,0
DA:692,0
DA:698,0
DA:699,0
DA:700,0
DA:706,0
DA:707,0
DA:708,0
DA:710,0
DA:711,0
DA:712,0
DA:713,0
DA:715,0
DA:716,0
DA:717,0
DA:721,0
DA:722,0
DA:724,0
DA:725,0
DA:730,0
DA:731,0
DA:732,0
DA:733,0
DA:736,0
DA:737,0
DA:738,0
DA:739,0
DA:744,0
DA:760,1
DA:761,0
DA:764,1
DA:765,0
DA:768,1
DA:769,0
DA:772,1
DA:773,0
DA:776,1
DA:777,0
DA:780,1
DA:781,0
DA:784,1
DA:785,0
DA:786,0
DA:787,0
DA:790,1
DA:792,1
DA:793,1
DA:804,0
DA:805,0
DA:812,1
DA:813,0
DA:814,0
DA:819,0
DA:820,0
DA:823,0
DA:825,0
DA:826,0
DA:833,1
DA:834,0
DA:835,0
DA:836,0
DA:839,0
DA:844,0
DA:845,0
DA:848,0
DA:854,0
DA:855,0
DA:862,1
DA:863,0
DA:864,0
DA:865,0
DA:868,0
DA:870,0
DA:871,0
DA:876,0
DA:881,0
DA:882,0
DA:885,0
DA:886,0
DA:888,0
DA:893,0
DA:899,0
DA:900,0
DA:904,1
LF:342
LH:128
BRDA:16,0,0,0
BRDA:16,0,1,11
BRDA:45,1,0,0
BRDA:45,1,1,6
BRDA:45,2,0,6
BRDA:45,2,1,0
BRDA:45,2,2,0
BRDA:45,2,3,0
BRDA:49,3,0,6
BRDA:49,3,1,0
BRDA:50,4,0,0
BRDA:50,4,1,6
BRDA:56,5,0,1
BRDA:56,5,1,5
BRDA:62,6,0,0
BRDA:62,6,1,5
BRDA:70,7,0,0
BRDA:70,7,1,0
BRDA:70,8,0,0
BRDA:70,8,1,0
BRDA:73,9,0,0
BRDA:73,9,1,0
BRDA:75,10,0,0
BRDA:75,10,1,0
BRDA:86,11,0,5
BRDA:86,11,1,0
BRDA:90,12,0,5
BRDA:90,12,1,0
BRDA:90,13,0,5
BRDA:90,13,1,5
BRDA:90,13,2,5
BRDA:91,14,0,5
BRDA:91,14,1,0
BRDA:100,15,0,0
BRDA:100,15,1,5
BRDA:110,16,0,0
BRDA:110,16,1,5
BRDA:111,17,0,0
BRDA:111,17,1,0
BRDA:121,18,0,0
BRDA:121,18,1,0
BRDA:131,19,0,5
BRDA:131,19,1,0
BRDA:136,20,0,1
BRDA:136,20,1,4
BRDA:137,21,0,0
BRDA:137,21,1,1
BRDA:146,22,0,5
BRDA:146,22,1,0
BRDA:150,23,0,5
BRDA:150,23,1,0
BRDA:150,23,2,0
BRDA:151,24,0,5
BRDA:151,24,1,5
BRDA:151,24,2,0
BRDA:153,25,0,0
BRDA:153,25,1,5
BRDA:154,26,0,0
BRDA:154,26,1,0
BRDA:157,27,0,0
BRDA:157,27,1,0
BRDA:157,28,0,0
BRDA:157,28,1,0
BRDA:163,29,0,0
BRDA:163,29,1,0
BRDA:174,30,0,0
BRDA:174,30,1,0
BRDA:182,31,0,0
BRDA:182,31,1,5
BRDA:182,32,0,5
BRDA:182,32,1,0
BRDA:183,33,0,0
BRDA:183,33,1,0
BRDA:186,34,0,0
BRDA:186,34,1,0
BRDA:186,35,0,0
BRDA:186,35,1,0
BRDA:193,36,0,0
BRDA:193,36,1,0
BRDA:193,37,0,0
BRDA:193,37,1,0
BRDA:199,38,0,0
BRDA:199,38,1,0
BRDA:205,39,0,0
BRDA:205,39,1,0
BRDA:214,40,0,0
BRDA:214,40,1,0
BRDA:214,41,0,0
BRDA:214,41,1,0
BRDA:221,42,0,0
BRDA:221,42,1,0
BRDA:221,43,0,0
BRDA:221,43,1,0
BRDA:228,44,0,0
BRDA:228,44,1,0
BRDA:237,45,0,0
BRDA:237,45,1,0
BRDA:246,46,0,0
BRDA:246,46,1,0
BRDA:246,47,0,0
BRDA:246,47,1,0
BRDA:246,47,2,0
BRDA:261,48,0,0
BRDA:261,48,1,0
BRDA:266,49,0,0
BRDA:266,49,1,0
BRDA:272,50,0,0
BRDA:272,50,1,0
BRDA:279,51,0,0
BRDA:279,51,1,0
BRDA:291,52,0,0
BRDA:291,52,1,0
BRDA:294,53,0,0
BRDA:294,53,1,0
BRDA:302,54,0,5
BRDA:302,54,1,0
BRDA:302,54,2,5
BRDA:302,54,3,0
BRDA:302,54,4,5
BRDA:302,54,5,0
BRDA:306,55,0,0
BRDA:306,55,1,5
BRDA:307,56,0,0
BRDA:307,56,1,0
BRDA:316,57,0,5
BRDA:316,57,1,0
BRDA:316,57,2,0
BRDA:318,58,0,5
BRDA:318,58,1,5
BRDA:319,59,0,5
BRDA:319,59,1,3
BRDA:320,60,0,5
BRDA:320,60,1,5
BRDA:321,61,0,5
BRDA:321,61,1,5
BRDA:322,62,0,0
BRDA:322,62,1,5
BRDA:324,63,0,0
BRDA:324,63,1,5
BRDA:325,64,0,5
BRDA:325,64,1,5
BRDA:326,65,0,5
BRDA:326,65,1,0
BRDA:326,66,0,5
BRDA:326,66,1,5
BRDA:327,67,0,5
BRDA:327,67,1,0
BRDA:327,68,0,5
BRDA:327,68,1,5
BRDA:328,69,0,5
BRDA:328,69,1,0
BRDA:328,70,0,5
BRDA:328,70,1,5
BRDA:329,71,0,0
BRDA:329,71,1,5
BRDA:329,72,0,0
BRDA:329,72,1,0
BRDA:330,73,0,5
BRDA:330,73,1,0
BRDA:330,74,0,5
BRDA:330,74,1,5
BRDA:331,75,0,5
BRDA:331,75,1,0
BRDA:331,76,0,5
BRDA:331,76,1,5
BRDA:335,77,0,0
BRDA:335,77,1,5
BRDA:348,78,0,2
BRDA:348,78,1,3
BRDA:348,79,0,5
BRDA:348,79,1,5
BRDA:349,80,0,0
BRDA:349,80,1,2
BRDA:375,81,0,5
BRDA:375,81,1,5
BRDA:376,82,0,5
BRDA:376,82,1,0
BRDA:394,83,0,0
BRDA:394,83,1,0
BRDA:400,84,0,0
BRDA:400,84,1,0
BRDA:400,85,0,0
BRDA:400,85,1,0
BRDA:411,86,0,0
BRDA:411,86,1,0
BRDA:439,87,0,1
BRDA:439,88,0,1
BRDA:443,89,0,0
BRDA:443,89,1,1
BRDA:451,90,0,0
BRDA:451,90,1,1
BRDA:463,91,0,1
BRDA:463,91,1,1
BRDA:463,91,2,1
BRDA:464,92,0,1
BRDA:464,92,1,1
BRDA:465,93,0,1
BRDA:465,93,1,0
BRDA:468,94,0,0
BRDA:468,94,1,2
BRDA:472,95,0,0
BRDA:472,95,1,2
BRDA:472,96,0,2
BRDA:472,96,1,0
BRDA:481,97,0,2
BRDA:481,97,1,2
BRDA:482,98,0,2
BRDA:482,98,1,2
BRDA:508,99,0,0
BRDA:508,99,1,1
BRDA:512,100,0,1
BRDA:512,100,1,1
BRDA:512,100,2,1
BRDA:513,101,0,1
BRDA:513,101,1,1
BRDA:514,102,0,1
BRDA:514,102,1,0
BRDA:518,103,0,0
BRDA:518,103,1,1
BRDA:518,104,0,1
BRDA:518,104,1,0
BRDA:522,105,0,0
BRDA:522,105,1,1
BRDA:530,106,0,1
BRDA:530,106,1,1
BRDA:531,107,0,1
BRDA:531,107,1,0
BRDA:552,108,0,0
BRDA:552,108,1,1
BRDA:556,109,0,1
BRDA:556,109,1,0
BRDA:558,110,0,1
BRDA:558,110,1,0
BRDA:558,110,2,0
BRDA:559,111,0,1
BRDA:559,111,1,1
BRDA:559,111,2,0
BRDA:562,112,0,1
BRDA:562,112,1,0
BRDA:562,112,2,1
BRDA:562,112,3,0
BRDA:562,112,4,1
BRDA:562,112,5,0
BRDA:566,113,0,0
BRDA:566,113,1,1
BRDA:566,114,0,1
BRDA:566,114,1,0
BRDA:566,114,2,0
BRDA:566,114,3,1
BRDA:568,115,0,0
BRDA:568,115,1,0
BRDA:571,116,0,0
BRDA:571,116,1,0
BRDA:571,117,0,0
BRDA:571,117,1,0
BRDA:578,118,0,0
BRDA:578,118,1,1
BRDA:578,119,0,1
BRDA:578,119,1,0
BRDA:579,120,0,0
BRDA:579,120,1,0
BRDA:582,121,0,0
BRDA:582,121,1,0
BRDA:582,122,0,0
BRDA:582,122,1,0
BRDA:589,123,0,0
BRDA:589,123,1,1
BRDA:589,124,0,1
BRDA:589,124,1,0
BRDA:590,125,0,0
BRDA:590,125,1,0
BRDA:598,126,0,1
BRDA:598,126,1,0
BRDA:599,127,0,1
BRDA:599,127,1,0
BRDA:600,128,0,0
BRDA:600,128,1,1
BRDA:601,129,0,0
BRDA:601,129,1,1
BRDA:602,130,0,0
BRDA:602,130,1,1
BRDA:602,131,0,0
BRDA:602,131,1,0
BRDA:604,132,0,0
BRDA:604,132,1,1
BRDA:605,133,0,0
BRDA:605,133,1,0
BRDA:605,134,0,0
BRDA:605,134,1,0
BRDA:609,135,0,0
BRDA:609,135,1,0
BRDA:620,136,0,0
BRDA:620,136,1,1
BRDA:621,137,0,0
BRDA:621,137,1,0
BRDA:621,138,0,0
BRDA:621,138,1,0
BRDA:625,139,0,0
BRDA:625,139,1,0
BRDA:637,140,0,0
BRDA:637,140,1,0
BRDA:647,141,0,0
BRDA:647,141,1,1
BRDA:648,142,0,0
BRDA:648,142,1,0
BRDA:648,143,0,0
BRDA:648,143,1,0
BRDA:650,144,0,0
BRDA:650,144,1,0
BRDA:651,145,0,0
BRDA:651,145,1,0
BRDA:651,146,0,0
BRDA:651,146,1,0
BRDA:651,146,2,0
BRDA:657,147,0,0
BRDA:657,147,1,0
BRDA:666,148,0,0
BRDA:666,148,1,0
BRDA:666,149,0,0
BRDA:666,149,1,0
BRDA:673,150,0,0
BRDA:673,150,1,0
BRDA:673,151,0,0
BRDA:673,151,1,0
BRDA:680,152,0,0
BRDA:680,152,1,0
BRDA:690,153,0,0
BRDA:690,153,1,0
BRDA:699,154,0,0
BRDA:699,154,1,0
BRDA:699,155,0,0
BRDA:699,155,1,0
BRDA:699,155,2,0
BRDA:710,156,0,0
BRDA:710,156,1,0
BRDA:710,157,0,0
BRDA:710,157,1,0
BRDA:711,158,0,0
BRDA:711,158,1,0
BRDA:712,159,0,0
BRDA:712,159,1,0
BRDA:713,160,0,0
BRDA:713,160,1,0
BRDA:721,161,0,0
BRDA:721,161,1,0
BRDA:724,162,0,0
BRDA:724,162,1,0
BRDA:730,163,0,0
BRDA:730,163,1,0
BRDA:737,164,0,0
BRDA:737,164,1,0
BRDA:747,165,0,0
BRDA:747,165,1,0
BRDA:748,166,0,0
BRDA:748,166,1,0
BRDA:749,167,0,0
BRDA:749,167,1,0
BRDA:750,168,0,0
BRDA:750,168,1,0
BRDA:750,168,2,0
BRDA:760,169,0,0
BRDA:760,169,1,1
BRDA:761,170,0,0
BRDA:761,170,1,0
BRDA:761,171,0,0
BRDA:761,171,1,0
BRDA:764,172,0,0
BRDA:764,172,1,1
BRDA:765,173,0,0
BRDA:765,173,1,0
BRDA:765,174,0,0
BRDA:765,174,1,0
BRDA:768,175,0,0
BRDA:768,175,1,1
BRDA:769,176,0,0
BRDA:769,176,1,0
BRDA:769,177,0,0
BRDA:769,177,1,0
BRDA:772,178,0,0
BRDA:772,178,1,1
BRDA:773,179,0,0
BRDA:773,179,1,0
BRDA:773,180,0,0
BRDA:773,180,1,0
BRDA:776,181,0,0
BRDA:776,181,1,1
BRDA:777,182,0,0
BRDA:777,182,1,0
BRDA:777,183,0,0
BRDA:777,183,1,0
BRDA:780,184,0,0
BRDA:780,184,1,1
BRDA:781,185,0,0
BRDA:781,185,1,0
BRDA:781,186,0,0
BRDA:781,186,1,0
BRDA:784,187,0,0
BRDA:784,187,1,1
BRDA:784,188,0,1
BRDA:784,188,1,1
BRDA:785,189,0,0
BRDA:785,189,1,0
BRDA:792,190,0,0
BRDA:792,190,1,1
BRDA:799,191,0,1
BRDA:799,191,1,1
BRDA:800,192,0,1
BRDA:800,192,1,0
BRDA:819,193,0,0
BRDA:819,193,1,0
BRDA:835,194,0,0
BRDA:835,194,1,0
BRDA:844,195,0,0
BRDA:844,195,1,0
BRDA:851,196,0,0
BRDA:851,196,1,0
BRDA:864,197,0,0
BRDA:864,197,1,0
BRDA:870,198,0,0
BRDA:870,198,1,0
BRDA:870,199,0,0
BRDA:870,199,1,0
BRDA:881,200,0,0
BRDA:881,200,1,0
BRF:424
BRH:135
end_of_record
TN:
SF:routes\payments.js
FN:17,requireStripe
FN:29,(anonymous_1)
FN:89,(anonymous_2)
FN:121,(anonymous_3)
FN:198,(anonymous_4)
FNF:5
FNH:0
FNDA:0,requireStripe
FNDA:0,(anonymous_1)
FNDA:0,(anonymous_2)
FNDA:0,(anonymous_3)
FNDA:0,(anonymous_4)
DA:1,1
DA:2,1
DA:3,1
DA:4,1
DA:5,1
DA:7,1
DA:10,1
DA:11,0
DA:13,1
DA:18,0
DA:19,0
DA:20,0
DA:22,0
DA:29,1
DA:30,0
DA:31,0
DA:32,0
DA:33,0
DA:35,0
DA:36,0
DA:39,0
DA:40,0
DA:48,0
DA:51,0
DA:52,0
DA:55,0
DA:56,0
DA:57,0
DA:58,0
DA:62,0
DA:63,0
DA:64,0
DA:68,0
DA:75,0
DA:77,0
DA:78,0
DA:79,0
DA:81,0
DA:89,1
DA:90,0
DA:91,0
DA:92,0
DA:93,0
DA:94,0
DA:97,0
DA:99,0
DA:100,0
DA:101,0
DA:103,0
DA:104,0
DA:105,0
DA:106,0
DA:108,0
DA:112,0
DA:113,0
DA:121,1
DA:122,0
DA:123,0
DA:124,0
DA:125,0
DA:128,0
DA:129,0
DA:132,0
DA:133,0
DA:137,0
DA:138,0
DA:141,0
DA:142,0
DA:145,0
DA:146,0
DA:148,0
DA:149,0
DA:153,0
DA:154,0
DA:155,0
DA:157,0
DA:186,0
DA:189,0
DA:190,0
DA:198,1
DA:199,0
DA:200,0
DA:201,0
DA:203,0
DA:204,0
DA:206,0
DA:207,0
DA:211,0
DA:212,0
DA:215,0
DA:216,0
DA:218,0
DA:219,0
DA:222,0
DA:229,0
DA:230,0
DA:234,1
LF:97
LH:13
BRDA:7,0,0,1
BRDA:7,0,1,0
BRDA:8,1,0,0
BRDA:8,1,1,0
BRDA:10,2,0,0
BRDA:10,2,1,1
BRDA:10,3,0,1
BRDA:10,3,1,0
BRDA:13,4,0,1
BRDA:13,4,1,0
BRDA:18,5,0,0
BRDA:18,5,1,0
BRDA:31,6,0,0
BRDA:31,6,1,0
BRDA:33,7,0,0
BRDA:33,7,1,0
BRDA:36,8,0,0
BRDA:36,8,1,0
BRDA:39,9,0,0
BRDA:39,9,1,0
BRDA:51,10,0,0
BRDA:51,10,1,0
BRDA:62,11,0,0
BRDA:62,11,1,0
BRDA:78,12,0,0
BRDA:78,12,1,0
BRDA:78,13,0,0
BRDA:78,13,1,0
BRDA:81,14,0,0
BRDA:81,14,1,0
BRDA:91,15,0,0
BRDA:91,15,1,0
BRDA:93,16,0,0
BRDA:93,16,1,0
BRDA:93,17,0,0
BRDA:93,17,1,0
BRDA:103,18,0,0
BRDA:103,18,1,0
BRDA:105,19,0,0
BRDA:105,19,1,0
BRDA:123,20,0,0
BRDA:123,20,1,0
BRDA:129,21,0,0
BRDA:129,21,1,0
BRDA:132,22,0,0
BRDA:132,22,1,0
BRDA:138,23,0,0
BRDA:138,23,1,0
BRDA:141,24,0,0
BRDA:141,24,1,0
BRDA:141,25,0,0
BRDA:141,25,1,0
BRDA:146,26,0,0
BRDA:146,26,1,0
BRDA:148,27,0,0
BRDA:148,27,1,0
BRDA:148,28,0,0
BRDA:148,28,1,0
BRDA:163,29,0,0
BRDA:163,29,1,0
BRDA:164,30,0,0
BRDA:164,30,1,0
BRDA:164,31,0,0
BRDA:164,31,1,0
BRDA:200,32,0,0
BRDA:200,32,1,0
BRDA:204,33,0,0
BRDA:204,33,1,0
BRDA:206,34,0,0
BRDA:206,34,1,0
BRDA:211,35,0,0
BRDA:211,35,1,0
BRDA:211,36,0,0
BRDA:211,36,1,0
BRDA:216,37,0,0
BRDA:216,37,1,0
BRDA:219,38,0,0
BRDA:219,38,1,0
BRDA:224,39,0,0
BRDA:224,39,1,0
BRF:80
BRH:4
end_of_record
TN:
SF:routes\redirect.js
FN:13,stripPasswordFromCache
FN:20,(anonymous_1)
FN:37,(anonymous_2)
FN:61,(anonymous_3)
FN:92,(anonymous_4)
FN:303,(anonymous_5)
FN:308,(anonymous_6)
FN:397,(anonymous_7)
FN:492,generatePasswordForm
FN:729,generateErrorPage
FN:778,trackClick
FN:817,generateSessionId
FN:826,generatePixelHTML
FN:827,(anonymous_13)
FN:909,(anonymous_14)
FNF:15
FNH:0
FNDA:0,stripPasswordFromCache
FNDA:0,(anonymous_1)
FNDA:0,(anonymous_2)
FNDA:0,(anonymous_3)
FNDA:0,(anonymous_4)
FNDA:0,(anonymous_5)
FNDA:0,(anonymous_6)
FNDA:0,(anonymous_7)
FNDA:0,generatePasswordForm
FNDA:0,generateErrorPage
FNDA:0,trackClick
FNDA:0,generateSessionId
FNDA:0,generatePixelHTML
FNDA:0,(anonymous_13)
FNDA:0,(anonymous_14)
DA:4,1
DA:5,1
DA:6,1
DA:7,1
DA:8,1
DA:9,1
DA:10,1
DA:11,1
DA:14,0
DA:15,0
DA:16,0
DA:17,0
DA:20,1
DA:21,0
DA:22,0
DA:23,0
DA:30,0
DA:37,0
DA:38,0
DA:41,0
DA:42,0
DA:43,0
DA:47,0
DA:48,0
DA:49,0
DA:53,0
DA:61,0
DA:62,0
DA:65,0
DA:66,0
DA:69,0
DA:72,0
DA:74,0
DA:78,0
DA:79,0
DA:80,0
DA:86,0
DA:92,0
DA:93,0
DA:99,0
DA:100,0
DA:101,0
DA:104,0
DA:105,0
DA:106,0
DA:111,0
DA:112,0
DA:114,0
DA:115,0
DA:116,0
DA:117,0
DA:118,0
DA:119,0
DA:120,0
DA:121,0
DA:122,0
DA:123,0
DA:128,0
DA:131,0
DA:133,0
DA:137,0
DA:138,0
DA:139,0
DA:140,0
DA:142,0
DA:147,0
DA:148,0
DA:149,0
DA:153,0
DA:154,0
DA:155,0
DA:159,0
DA:160,0
DA:161,0
DA:165,0
DA:166,0
DA:168,0
DA:169,0
DA:172,0
DA:176,0
DA:177,0
DA:178,0
DA:179,0
DA:181,0
DA:182,0
DA:184,0
DA:185,0
DA:188,0
DA:189,0
DA:190,0
DA:192,0
DA:199,0
DA:200,0
DA:201,0
DA:202,0
DA:203,0
DA:205,0
DA:206,0
DA:207,0
DA:210,0
DA:211,0
DA:212,0
DA:214,0
DA:215,0
DA:217,0
DA:219,0
DA:220,0
DA:221,0
DA:224,0
DA:225,0
DA:227,0
DA:228,0
DA:235,0
DA:236,0
DA:239,0
DA:243,0
DA:244,0
DA:246,0
DA:247,0
DA:251,0
DA:257,0
DA:258,0
DA:259,0
DA:260,0
DA:262,0
DA:263,0
DA:267,0
DA:268,0
DA:269,0
DA:271,0
DA:282,0
DA:285,0
DA:290,0
DA:291,0
DA:292,0
DA:293,0
DA:295,0
DA:299,0
DA:300,0
DA:303,0
DA:304,0
DA:308,0
DA:309,0
DA:312,0
DA:313,0
DA:314,0
DA:315,0
DA:316,0
DA:317,0
DA:319,0
DA:326,0
DA:327,0
DA:328,0
DA:331,0
DA:332,0
DA:334,0
DA:335,0
DA:336,0
DA:337,0
DA:338,0
DA:339,0
DA:340,0
DA:341,0
DA:342,0
DA:343,0
DA:344,0
DA:345,0
DA:348,0
DA:349,0
DA:357,0
DA:358,0
DA:359,0
DA:361,0
DA:362,0
DA:363,0
DA:364,0
DA:365,0
DA:366,0
DA:367,0
DA:368,0
DA:369,0
DA:370,0
DA:371,0
DA:372,0
DA:373,0
DA:374,0
DA:375,0
DA:376,0
DA:377,0
DA:378,0
DA:379,0
DA:380,0
DA:383,0
DA:384,0
DA:392,0
DA:394,0
DA:395,0
DA:397,0
DA:398,0
DA:401,0
DA:402,0
DA:403,0
DA:404,0
DA:411,0
DA:412,0
DA:414,0
DA:415,0
DA:417,0
DA:418,0
DA:419,0
DA:420,0
DA:421,0
DA:425,0
DA:428,0
DA:429,0
DA:430,0
DA:431,0
DA:437,0
DA:440,0
DA:441,0
DA:442,0
DA:443,0
DA:444,0
DA:445,0
DA:446,0
DA:448,0
DA:449,0
DA:450,0
DA:453,0
DA:456,0
DA:462,0
DA:463,0
DA:466,0
DA:470,0
DA:476,0
DA:477,0
DA:478,0
DA:480,0
DA:483,0
DA:484,0
DA:485,0
DA:493,0
DA:494,0
DA:495,0
DA:497,0
DA:498,0
DA:499,0
DA:501,0
DA:730,0
DA:779,0
DA:780,0
DA:781,0
DA:782,0
DA:783,0
DA:786,0
DA:787,0
DA:788,0
DA:792,0
DA:793,0
DA:794,0
DA:796,0
DA:797,0
DA:798,0
DA:799,0
DA:803,0
DA:804,0
DA:805,0
DA:806,0
DA:807,0
DA:811,0
DA:815,1
DA:820,0
DA:827,0
DA:828,0
DA:829,0
DA:840,0
DA:841,0
DA:851,0
DA:852,0
DA:862,0
DA:863,0
DA:871,0
DA:872,0
DA:893,0
DA:896,0
DA:910,0
DA:911,0
DA:912,0
DA:913,0
LF:289
LH:10
BRDA:23,0,0,0
BRDA:23,0,1,0
BRDA:41,1,0,0
BRDA:41,1,1,0
BRDA:47,2,0,0
BRDA:47,2,1,0
BRDA:47,3,0,0
BRDA:47,3,1,0
BRDA:65,4,0,0
BRDA:65,4,1,0
BRDA:69,5,0,0
BRDA:69,5,1,0
BRDA:69,5,2,0
BRDA:78,6,0,0
BRDA:78,6,1,0
BRDA:78,7,0,0
BRDA:78,7,1,0
BRDA:93,8,0,0
BRDA:93,8,1,0
BRDA:93,8,2,0
BRDA:93,8,3,0
BRDA:93,8,4,0
BRDA:93,8,5,0
BRDA:93,8,6,0
BRDA:99,9,0,0
BRDA:99,9,1,0
BRDA:106,10,0,0
BRDA:106,10,1,0
BRDA:116,11,0,0
BRDA:116,11,1,0
BRDA:120,12,0,0
BRDA:120,12,1,0
BRDA:122,13,0,0
BRDA:122,13,1,0
BRDA:131,14,0,0
BRDA:131,14,1,0
BRDA:137,15,0,0
BRDA:137,15,1,0
BRDA:147,16,0,0
BRDA:147,16,1,0
BRDA:153,17,0,0
BRDA:153,17,1,0
BRDA:159,18,0,0
BRDA:159,18,1,0
BRDA:165,19,0,0
BRDA:165,19,1,0
BRDA:165,20,0,0
BRDA:165,20,1,0
BRDA:168,21,0,0
BRDA:168,21,1,0
BRDA:176,22,0,0
BRDA:176,22,1,0
BRDA:178,23,0,0
BRDA:178,23,1,0
BRDA:181,24,0,0
BRDA:181,24,1,0
BRDA:182,25,0,0
BRDA:182,25,1,0
BRDA:184,26,0,0
BRDA:184,26,1,0
BRDA:184,27,0,0
BRDA:184,27,1,0
BRDA:188,28,0,0
BRDA:188,28,1,0
BRDA:188,29,0,0
BRDA:188,29,1,0
BRDA:189,30,0,0
BRDA:189,30,1,0
BRDA:199,31,0,0
BRDA:199,31,1,0
BRDA:202,32,0,0
BRDA:202,32,1,0
BRDA:203,33,0,0
BRDA:203,33,1,0
BRDA:205,34,0,0
BRDA:205,34,1,0
BRDA:219,35,0,0
BRDA:219,35,1,0
BRDA:235,36,0,0
BRDA:235,36,1,0
BRDA:239,37,0,0
BRDA:239,37,1,0
BRDA:239,37,2,0
BRDA:243,38,0,0
BRDA:243,38,1,0
BRDA:243,39,0,0
BRDA:243,39,1,0
BRDA:246,40,0,0
BRDA:246,40,1,0
BRDA:257,41,0,0
BRDA:257,41,1,0
BRDA:262,42,0,0
BRDA:262,42,1,0
BRDA:268,43,0,0
BRDA:268,43,1,0
BRDA:285,44,0,0
BRDA:285,44,1,0
BRDA:285,44,2,0
BRDA:290,45,0,0
BRDA:290,45,1,0
BRDA:290,46,0,0
BRDA:290,46,1,0
BRDA:292,47,0,0
BRDA:292,47,1,0
BRDA:299,48,0,0
BRDA:299,48,1,0
BRDA:299,49,0,0
BRDA:299,49,1,0
BRDA:299,49,2,0
BRDA:304,50,0,0
BRDA:304,50,1,0
BRDA:304,51,0,0
BRDA:304,51,1,0
BRDA:309,52,0,0
BRDA:309,52,1,0
BRDA:312,53,0,0
BRDA:312,53,1,0
BRDA:315,54,0,0
BRDA:315,54,1,0
BRDA:331,55,0,0
BRDA:331,55,1,0
BRDA:331,56,0,0
BRDA:331,56,1,0
BRDA:334,57,0,0
BRDA:334,57,1,0
BRDA:334,58,0,0
BRDA:334,58,1,0
BRDA:338,59,0,0
BRDA:338,59,1,0
BRDA:338,60,0,0
BRDA:338,60,1,0
BRDA:342,61,0,0
BRDA:342,61,1,0
BRDA:342,62,0,0
BRDA:342,62,1,0
BRDA:348,63,0,0
BRDA:348,63,1,0
BRDA:357,64,0,0
BRDA:357,64,1,0
BRDA:357,65,0,0
BRDA:357,65,1,0
BRDA:359,66,0,0
BRDA:359,66,1,0
BRDA:361,67,0,0
BRDA:361,67,1,0
BRDA:361,68,0,0
BRDA:361,68,1,0
BRDA:365,69,0,0
BRDA:365,69,1,0
BRDA:365,70,0,0
BRDA:365,70,1,0
BRDA:369,71,0,0
BRDA:369,71,1,0
BRDA:369,72,0,0
BRDA:369,72,1,0
BRDA:373,73,0,0
BRDA:373,73,1,0
BRDA:373,74,0,0
BRDA:373,74,1,0
BRDA:377,75,0,0
BRDA:377,75,1,0
BRDA:377,76,0,0
BRDA:377,76,1,0
BRDA:383,77,0,0
BRDA:383,77,1,0
BRDA:392,78,0,0
BRDA:392,78,1,0
BRDA:394,79,0,0
BRDA:394,79,1,0
BRDA:394,80,0,0
BRDA:394,80,1,0
BRDA:394,80,2,0
BRDA:398,81,0,0
BRDA:398,81,1,0
BRDA:401,82,0,0
BRDA:401,82,1,0
BRDA:401,83,0,0
BRDA:401,83,1,0
BRDA:414,84,0,0
BRDA:414,84,1,0
BRDA:414,85,0,0
BRDA:414,85,1,0
BRDA:414,85,2,0
BRDA:417,86,0,0
BRDA:417,86,1,0
BRDA:429,87,0,0
BRDA:429,87,1,0
BRDA:442,88,0,0
BRDA:442,88,1,0
BRDA:448,89,0,0
BRDA:448,89,1,0
BRDA:453,90,0,0
BRDA:453,90,1,0
BRDA:459,91,0,0
BRDA:459,91,1,0
BRDA:462,92,0,0
BRDA:462,92,1,0
BRDA:462,93,0,0
BRDA:462,93,1,0
BRDA:462,93,2,0
BRDA:462,93,3,0
BRDA:492,94,0,0
BRDA:493,95,0,0
BRDA:493,95,1,0
BRDA:499,96,0,0
BRDA:499,96,1,0
BRDA:584,97,0,0
BRDA:584,97,1,0
BRDA:689,98,0,0
BRDA:689,98,1,0
BRDA:778,99,0,0
BRDA:786,100,0,0
BRDA:786,100,1,0
BRDA:797,101,0,0
BRDA:797,101,1,0
BRDA:803,102,0,0
BRDA:803,102,1,0
BRDA:803,103,0,0
BRDA:803,103,1,0
BRDA:828,104,0,0
BRDA:828,104,1,0
BRDA:833,105,0,0
BRDA:833,105,1,0
BRDA:836,106,0,0
BRDA:836,106,1,0
BRDA:840,107,0,0
BRDA:840,107,1,0
BRDA:851,108,0,0
BRDA:851,108,1,0
BRDA:862,109,0,0
BRDA:862,109,1,0
BRDA:862,110,0,0
BRDA:862,110,1,0
BRDA:871,111,0,0
BRDA:871,111,1,0
BRDA:910,112,0,0
BRDA:910,112,1,0
BRDA:911,113,0,0
BRDA:911,113,1,0
BRDA:912,114,0,0
BRDA:912,114,1,0
BRF:241
BRH:0
end_of_record
TN:
SF:routes\settings.js
FN:11,(anonymous_0)
FN:38,(anonymous_1)
FN:78,(anonymous_2)
FN:110,(anonymous_3)
FN:146,(anonymous_4)
FN:152,(anonymous_5)
FN:153,(anonymous_6)
FN:163,(anonymous_7)
FN:169,(anonymous_8)
FN:185,(anonymous_9)
FN:191,(anonymous_10)
FN:207,(anonymous_11)
FN:243,(anonymous_12)
FN:263,(anonymous_13)
FN:318,(anonymous_14)
FN:363,(anonymous_15)
FN:419,(anonymous_16)
FN:447,(anonymous_17)
FN:464,(anonymous_18)
FN:478,(anonymous_19)
FN:498,(anonymous_20)
FN:500,(anonymous_21)
FN:501,(anonymous_22)
FNF:23
FNH:0
FNDA:0,(anonymous_0)
FNDA:0,(anonymous_1)
FNDA:0,(anonymous_2)
FNDA:0,(anonymous_3)
FNDA:0,(anonymous_4)
FNDA:0,(anonymous_5)
FNDA:0,(anonymous_6)
FNDA:0,(anonymous_7)
FNDA:0,(anonymous_8)
FNDA:0,(anonymous_9)
FNDA:0,(anonymous_10)
FNDA:0,(anonymous_11)
FNDA:0,(anonymous_12)
FNDA:0,(anonymous_13)
FNDA:0,(anonymous_14)
FNDA:0,(anonymous_15)
FNDA:0,(anonymous_16)
FNDA:0,(anonymous_17)
FNDA:0,(anonymous_18)
FNDA:0,(anonymous_19)
FNDA:0,(anonymous_20)
FNDA:0,(anonymous_21)
FNDA:0,(anonymous_22)
DA:1,1
DA:2,1
DA:3,1
DA:4,1
DA:5,1
DA:6,1
DA:7,1
DA:8,1
DA:11,1
DA:12,0
DA:13,0
DA:15,0
DA:32,0
DA:33,0
DA:38,1
DA:39,0
DA:40,0
DA:41,0
DA:43,0
DA:44,0
DA:48,0
DA:49,0
DA:50,0
DA:52,0
DA:56,0
DA:58,0
DA:59,0
DA:60,0
DA:64,0
DA:65,0
DA:66,0
DA:69,0
DA:70,0
DA:73,0
DA:74,0
DA:77,0
DA:78,0
DA:79,0
DA:84,0
DA:85,0
DA:86,0
DA:87,0
DA:88,0
DA:91,0
DA:93,0
DA:104,0
DA:105,0
DA:110,1
DA:111,0
DA:112,0
DA:114,0
DA:115,0
DA:118,0
DA:119,0
DA:122,0
DA:124,0
DA:125,0
DA:129,0
DA:130,0
DA:131,0
DA:135,0
DA:136,0
DA:138,0
DA:140,0
DA:141,0
DA:146,1
DA:147,0
DA:148,0
DA:151,0
DA:152,0
DA:153,0
DA:155,0
DA:157,0
DA:158,0
DA:163,1
DA:164,0
DA:165,0
DA:166,0
DA:169,0
DA:170,0
DA:171,0
DA:174,0
DA:175,0
DA:177,0
DA:179,0
DA:180,0
DA:185,1
DA:186,0
DA:187,0
DA:188,0
DA:191,0
DA:192,0
DA:193,0
DA:197,0
DA:199,0
DA:201,0
DA:202,0
DA:207,1
DA:208,0
DA:209,0
DA:211,0
DA:212,0
DA:215,0
DA:217,0
DA:218,0
DA:222,0
DA:223,0
DA:224,0
DA:225,0
DA:230,0
DA:233,0
DA:235,0
DA:237,0
DA:238,0
DA:243,1
DA:244,0
DA:245,0
DA:247,0
DA:257,0
DA:258,0
DA:263,1
DA:264,0
DA:265,0
DA:267,0
DA:268,0
DA:271,0
DA:274,0
DA:277,0
DA:278,0
DA:279,0
DA:280,0
DA:281,0
DA:282,0
DA:283,0
DA:284,0
DA:285,0
DA:289,0
DA:290,0
DA:301,0
DA:303,0
DA:309,0
DA:310,0
DA:318,1
DA:319,0
DA:320,0
DA:321,0
DA:323,0
DA:324,0
DA:325,0
DA:328,0
DA:329,0
DA:331,0
DA:341,0
DA:342,0
DA:343,0
DA:344,0
DA:347,0
DA:348,0
DA:350,0
DA:352,0
DA:354,0
DA:355,0
DA:363,1
DA:364,0
DA:365,0
DA:366,0
DA:368,0
DA:369,0
DA:370,0
DA:373,0
DA:374,0
DA:377,0
DA:378,0
DA:381,0
DA:392,0
DA:393,0
DA:394,0
DA:395,0
DA:399,0
DA:400,0
DA:401,0
DA:402,0
DA:404,0
DA:410,0
DA:411,0
DA:419,1
DA:420,0
DA:421,0
DA:422,0
DA:424,0
DA:425,0
DA:427,0
DA:428,0
DA:430,0
DA:440,0
DA:441,0
DA:442,0
DA:443,0
DA:446,0
DA:447,0
DA:456,0
DA:458,0
DA:459,0
DA:464,1
DA:465,0
DA:466,0
DA:467,0
DA:469,0
DA:470,0
DA:473,0
DA:474,0
DA:475,0
DA:478,0
DA:480,0
DA:482,0
DA:485,0
DA:498,0
DA:499,0
DA:500,0
DA:501,0
DA:502,0
DA:506,0
DA:508,0
DA:510,0
DA:511,0
DA:515,1
LF:226
LH:22
BRDA:27,0,0,0
BRDA:27,0,1,0
BRDA:43,1,0,0
BRDA:43,1,1,0
BRDA:48,2,0,0
BRDA:48,2,1,0
BRDA:49,3,0,0
BRDA:49,3,1,0
BRDA:56,4,0,0
BRDA:56,4,1,0
BRDA:56,5,0,0
BRDA:56,5,1,0
BRDA:59,6,0,0
BRDA:59,6,1,0
BRDA:65,7,0,0
BRDA:65,7,1,0
BRDA:84,8,0,0
BRDA:84,8,1,0
BRDA:85,9,0,0
BRDA:85,9,1,0
BRDA:86,10,0,0
BRDA:86,10,1,0
BRDA:114,11,0,0
BRDA:114,11,1,0
BRDA:114,12,0,0
BRDA:114,12,1,0
BRDA:118,13,0,0
BRDA:118,13,1,0
BRDA:124,14,0,0
BRDA:124,14,1,0
BRDA:130,15,0,0
BRDA:130,15,1,0
BRDA:170,16,0,0
BRDA:170,16,1,0
BRDA:192,17,0,0
BRDA:192,17,1,0
BRDA:211,18,0,0
BRDA:211,18,1,0
BRDA:217,19,0,0
BRDA:217,19,1,0
BRDA:222,20,0,0
BRDA:222,20,1,0
BRDA:224,21,0,0
BRDA:224,21,1,0
BRDA:249,22,0,0
BRDA:249,22,1,0
BRDA:267,23,0,0
BRDA:267,23,1,0
BRDA:277,24,0,0
BRDA:277,24,1,0
BRDA:280,25,0,0
BRDA:280,25,1,0
BRDA:283,26,0,0
BRDA:283,26,1,0
BRDA:289,27,0,0
BRDA:289,27,1,0
BRDA:321,28,0,0
BRDA:321,28,1,0
BRDA:324,29,0,0
BRDA:324,29,1,0
BRDA:329,30,0,0
BRDA:329,30,1,0
BRDA:341,31,0,0
BRDA:341,31,1,0
BRDA:350,32,0,0
BRDA:350,32,1,0
BRDA:366,33,0,0
BRDA:366,33,1,0
BRDA:369,34,0,0
BRDA:369,34,1,0
BRDA:373,35,0,0
BRDA:373,35,1,0
BRDA:378,36,0,0
BRDA:378,36,1,0
BRDA:392,37,0,0
BRDA:392,37,1,0
BRDA:422,38,0,0
BRDA:422,38,1,0
BRDA:425,39,0,0
BRDA:425,39,1,0
BRDA:428,40,0,0
BRDA:428,40,1,0
BRDA:440,41,0,0
BRDA:440,41,1,0
BRDA:447,42,0,0
BRDA:447,42,1,0
BRDA:469,43,0,0
BRDA:469,43,1,0
BRDA:473,44,0,0
BRDA:473,44,1,0
BRDA:475,45,0,0
BRDA:475,45,1,0
BRDA:478,46,0,0
BRDA:478,46,1,0
BRDA:480,47,0,0
BRDA:480,47,1,0
BRDA:491,48,0,0
BRDA:491,48,1,0
BRDA:499,49,0,0
BRDA:499,49,1,0
BRF:100
BRH:0
end_of_record
TN:
SF:routes\webhook.js
FN:26,(anonymous_0)
FN:38,resolveUserFromEvent
FN:56,(anonymous_2)
FN:74,(anonymous_3)
FN:119,(anonymous_4)
FN:320,(anonymous_5)
FN:329,(anonymous_6)
FN:349,(anonymous_7)
FNF:8
FNH:0
FNDA:0,(anonymous_0)
FNDA:0,resolveUserFromEvent
FNDA:0,(anonymous_2)
FNDA:0,(anonymous_3)
FNDA:0,(anonymous_4)
FNDA:0,(anonymous_5)
FNDA:0,(anonymous_6)
FNDA:0,(anonymous_7)
DA:1,1
DA:2,1
DA:3,1
DA:4,1
DA:5,1
DA:6,1
DA:8,1
DA:9,1
DA:16,1
DA:26,1
DA:27,0
DA:29,0
DA:31,0
DA:33,0
DA:39,0
DA:40,0
DA:41,0
DA:44,0
DA:48,0
DA:49,0
DA:50,0
DA:56,1
DA:57,0
DA:58,0
DA:59,0
DA:60,0
DA:65,0
DA:74,1
DA:75,0
DA:76,0
DA:79,0
DA:80,0
DA:81,0
DA:85,0
DA:86,0
DA:87,0
DA:91,0
DA:92,0
DA:94,0
DA:95,0
DA:96,0
DA:101,0
DA:102,0
DA:104,0
DA:107,0
DA:108,0
DA:109,0
DA:110,0
DA:111,0
DA:113,0
DA:116,0
DA:119,0
DA:121,0
DA:123,0
DA:124,0
DA:125,0
DA:126,0
DA:129,0
DA:130,0
DA:138,0
DA:143,0
DA:144,0
DA:145,0
DA:147,0
DA:148,0
DA:151,0
DA:152,0
DA:154,0
DA:155,0
DA:158,0
DA:159,0
DA:160,0
DA:161,0
DA:162,0
DA:164,0
DA:166,0
DA:167,0
DA:178,0
DA:179,0
DA:180,0
DA:182,0
DA:183,0
DA:184,0
DA:189,0
DA:190,0
DA:191,0
DA:194,0
DA:195,0
DA:196,0
DA:197,0
DA:199,0
DA:200,0
DA:201,0
DA:206,0
DA:207,0
DA:208,0
DA:211,0
DA:212,0
DA:213,0
DA:215,0
DA:216,0
DA:217,0
DA:219,0
DA:220,0
DA:221,0
DA:226,0
DA:227,0
DA:228,0
DA:231,0
DA:232,0
DA:233,0
DA:234,0
DA:235,0
DA:237,0
DA:238,0
DA:239,0
DA:244,0
DA:245,0
DA:246,0
DA:249,0
DA:250,0
DA:252,0
DA:253,0
DA:254,0
DA:259,0
DA:260,0
DA:261,0
DA:264,0
DA:265,0
DA:266,0
DA:267,0
DA:269,0
DA:270,0
DA:271,0
DA:276,0
DA:277,0
DA:279,0
DA:280,0
DA:281,0
DA:284,0
DA:285,0
DA:287,0
DA:300,0
DA:303,0
DA:307,0
DA:311,0
DA:312,0
DA:313,0
DA:316,0
DA:317,0
DA:318,0
DA:319,0
DA:320,0
DA:329,1
DA:330,0
DA:331,0
DA:333,0
DA:334,0
DA:335,0
DA:339,0
DA:340,0
DA:342,0
DA:343,0
DA:346,0
DA:347,0
DA:349,0
DA:350,0
DA:351,0
DA:352,0
DA:355,0
DA:357,0
DA:358,0
DA:360,0
DA:373,0
DA:377,0
DA:382,1
LF:176
LH:14
BRDA:9,0,0,1
BRDA:9,0,1,0
BRDA:27,1,0,0
BRDA:27,1,1,0
BRDA:27,1,2,0
BRDA:39,2,0,0
BRDA:39,2,1,0
BRDA:41,3,0,0
BRDA:41,3,1,0
BRDA:44,4,0,0
BRDA:44,4,1,0
BRDA:44,4,2,0
BRDA:44,4,3,0
BRDA:48,5,0,0
BRDA:48,5,1,0
BRDA:79,6,0,0
BRDA:79,6,1,0
BRDA:85,7,0,0
BRDA:85,7,1,0
BRDA:94,8,0,0
BRDA:94,8,1,0
BRDA:107,9,0,0
BRDA:107,9,1,0
BRDA:111,10,0,0
BRDA:111,10,1,0
BRDA:113,11,0,0
BRDA:113,11,1,0
BRDA:124,12,0,0
BRDA:124,12,1,0
BRDA:124,13,0,0
BRDA:124,13,1,0
BRDA:129,14,0,0
BRDA:129,14,1,0
BRDA:138,15,0,0
BRDA:138,15,1,0
BRDA:138,15,2,0
BRDA:138,15,3,0
BRDA:138,15,4,0
BRDA:138,15,5,0
BRDA:138,15,6,0
BRDA:138,15,7,0
BRDA:138,15,8,0
BRDA:144,16,0,0
BRDA:144,16,1,0
BRDA:147,17,0,0
BRDA:147,17,1,0
BRDA:147,18,0,0
BRDA:147,18,1,0
BRDA:151,19,0,0
BRDA:151,19,1,0
BRDA:154,20,0,0
BRDA:154,20,1,0
BRDA:160,21,0,0
BRDA:160,21,1,0
BRDA:161,22,0,0
BRDA:161,22,1,0
BRDA:162,23,0,0
BRDA:162,23,1,0
BRDA:168,24,0,0
BRDA:168,24,1,0
BRDA:172,25,0,0
BRDA:172,25,1,0
BRDA:174,26,0,0
BRDA:174,26,1,0
BRDA:190,27,0,0
BRDA:190,27,1,0
BRDA:194,28,0,0
BRDA:194,28,1,0
BRDA:207,29,0,0
BRDA:207,29,1,0
BRDA:212,30,0,0
BRDA:212,30,1,0
BRDA:227,31,0,0
BRDA:227,31,1,0
BRDA:232,32,0,0
BRDA:232,32,1,0
BRDA:235,33,0,0
BRDA:235,33,1,0
BRDA:245,34,0,0
BRDA:245,34,1,0
BRDA:249,35,0,0
BRDA:249,35,1,0
BRDA:260,36,0,0
BRDA:260,36,1,0
BRDA:264,37,0,0
BRDA:264,37,1,0
BRDA:279,38,0,0
BRDA:279,38,1,0
BRDA:289,39,0,0
BRDA:289,39,1,0
BRDA:293,40,0,0
BRDA:293,40,1,0
BRDA:317,41,0,0
BRDA:317,41,1,0
BRDA:319,42,0,0
BRDA:319,42,1,0
BRDA:333,43,0,0
BRDA:333,43,1,0
BRDA:333,44,0,0
BRDA:333,44,1,0
BRDA:351,45,0,0
BRDA:351,45,1,0
BRDA:355,46,0,0
BRDA:355,46,1,0
BRDA:357,47,0,0
BRDA:357,47,1,0
BRDA:357,48,0,0
BRDA:357,48,1,0
BRDA:362,49,0,0
BRDA:362,49,1,0
BRDA:362,49,2,0
BRDA:367,50,0,0
BRDA:367,50,1,0
BRDA:368,51,0,0
BRDA:368,51,1,0
BRF:115
BRH:1
end_of_record
TN:
SF:services\geolocation.js
FN:6,(anonymous_0)
FN:26,(anonymous_1)
FN:37,(anonymous_2)
FN:50,(anonymous_3)
FN:96,(anonymous_4)
FN:104,(anonymous_5)
FN:110,(anonymous_6)
FN:121,(anonymous_7)
FN:127,(anonymous_8)
FN:154,(anonymous_9)
FNF:10
FNH:0
FNDA:0,(anonymous_0)
FNDA:0,(anonymous_1)
FNDA:0,(anonymous_2)
FNDA:0,(anonymous_3)
FNDA:0,(anonymous_4)
FNDA:0,(anonymous_5)
FNDA:0,(anonymous_6)
FNDA:0,(anonymous_7)
FNDA:0,(anonymous_8)
FNDA:0,(anonymous_9)
DA:6,1
DA:8,0
DA:18,0
DA:19,0
DA:20,0
DA:26,1
DA:27,0
DA:37,0
DA:38,0
DA:39,0
DA:41,0
DA:45,1
DA:50,1
DA:51,0
DA:54,0
DA:55,0
DA:56,0
DA:66,0
DA:67,0
DA:68,0
DA:69,0
DA:79,0
DA:80,0
DA:94,1
DA:96,1
DA:97,0
DA:98,0
DA:104,1
DA:105,0
DA:110,0
DA:111,0
DA:113,0
DA:121,0
DA:127,1
DA:128,0
DA:131,0
DA:144,0
DA:154,1
DA:155,0
DA:156,0
DA:158,0
DA:160,0
DA:161,0
DA:163,0
DA:164,0
DA:165,0
DA:167,0
DA:170,0
DA:189,0
DA:190,0
DA:193,1
LF:51
LH:10
BRDA:8,0,0,0
BRDA:8,0,1,0
BRDA:8,0,2,0
BRDA:8,0,3,0
BRDA:8,0,4,0
BRDA:8,0,5,0
BRDA:8,0,6,0
BRDA:38,1,0,0
BRDA:38,1,1,0
BRDA:39,2,0,0
BRDA:39,2,1,0
BRDA:54,3,0,0
BRDA:54,3,1,0
BRDA:57,4,0,0
BRDA:57,4,1,0
BRDA:67,5,0,0
BRDA:67,5,1,0
BRDA:72,6,0,0
BRDA:72,6,1,0
BRDA:73,7,0,0
BRDA:73,7,1,0
BRDA:74,8,0,0
BRDA:74,8,1,0
BRDA:97,9,0,0
BRDA:97,9,1,0
BRDA:111,10,0,0
BRDA:111,10,1,0
BRDA:132,11,0,0
BRDA:132,11,1,0
BRDA:133,12,0,0
BRDA:133,12,1,0
BRDA:134,13,0,0
BRDA:134,13,1,0
BRDA:135,14,0,0
BRDA:135,14,1,0
BRDA:136,15,0,0
BRDA:136,15,1,0
BRDA:137,16,0,0
BRDA:137,16,1,0
BRDA:138,17,0,0
BRDA:138,17,1,0
BRDA:139,18,0,0
BRDA:139,18,1,0
BRDA:140,19,0,0
BRDA:140,19,1,0
BRDA:141,20,0,0
BRDA:141,20,1,0
BRDA:155,21,0,0
BRDA:155,21,1,0
BRDA:164,22,0,0
BRDA:164,22,1,0
BRDA:164,23,0,0
BRDA:164,23,1,0
BRDA:174,24,0,0
BRDA:174,24,1,0
BRDA:174,24,2,0
BRDA:181,25,0,0
BRDA:181,25,1,0
BRDA:182,26,0,0
BRDA:182,26,1,0
BRDA:183,27,0,0
BRDA:183,27,1,0
BRDA:186,28,0,0
BRDA:186,28,1,0
BRF:64
BRH:0
end_of_record
TN:
SF:services\webhookService.js
FN:9,(anonymous_0)
FNF:1
FNH:0
FNDA:0,(anonymous_0)
DA:1,1
DA:9,1
DA:10,0
DA:12,0
DA:13,0
DA:24,0
DA:27,0
DA:31,1
LF:8
LH:3
BRDA:10,0,0,0
BRDA:10,0,1,0
BRF:2
BRH:0
end_of_record
TN:
SF:utils\authCookies.js
FN:3,getAuthCookieOptions
FN:17,getClearAuthCookieOptions
FN:30,getCsrfCookieOptions
FN:44,issueCsrfToken
FN:50,setAuthCookies
FN:55,clearAuthCookies
FNF:6
FNH:0
FNDA:0,getAuthCookieOptions
FNDA:0,getClearAuthCookieOptions
FNDA:0,getCsrfCookieOptions
FNDA:0,issueCsrfToken
FNDA:0,setAuthCookies
FNDA:0,clearAuthCookies
DA:1,1
DA:4,0
DA:5,0
DA:11,0
DA:12,0
DA:14,0
DA:18,0
DA:19,0
DA:24,0
DA:25,0
DA:27,0
DA:31,0
DA:32,0
DA:38,0
DA:39,0
DA:41,0
DA:45,0
DA:46,0
DA:47,0
DA:51,0
DA:52,0
DA:56,0
DA:57,0
DA:60,1
LF:24
LH:2
BRDA:3,0,0,0
BRDA:8,1,0,0
BRDA:8,1,1,0
BRDA:11,2,0,0
BRDA:11,2,1,0
BRDA:22,3,0,0
BRDA:22,3,1,0
BRDA:24,4,0,0
BRDA:24,4,1,0
BRDA:30,5,0,0
BRDA:35,6,0,0
BRDA:35,6,1,0
BRDA:38,7,0,0
BRDA:38,7,1,0
BRF:14
BRH:0
end_of_record
TN:
SF:utils\email.js
FN:2,(anonymous_0)
FN:53,(anonymous_1)
FN:194,(anonymous_2)
FN:355,(anonymous_3)
FN:415,(anonymous_4)
FN:470,(anonymous_5)
FN:533,(anonymous_6)
FN:589,(anonymous_7)
FNF:8
FNH:0
FNDA:0,(anonymous_0)
FNDA:0,(anonymous_1)
FNDA:0,(anonymous_2)
FNDA:0,(anonymous_3)
FNDA:0,(anonymous_4)
FNDA:0,(anonymous_5)
FNDA:0,(anonymous_6)
FNDA:0,(anonymous_7)
DA:2,1
DA:3,0
DA:4,0
DA:6,0
DA:7,0
DA:8,0
DA:11,0
DA:21,0
DA:22,0
DA:25,0
DA:35,0
DA:37,0
DA:38,0
DA:39,0
DA:41,0
DA:42,0
DA:45,0
DA:46,0
DA:53,1
DA:54,0
DA:56,0
DA:57,0
DA:59,0
DA:184,0
DA:194,1
DA:195,0
DA:197,0
DA:198,0
DA:200,0
DA:344,0
DA:355,1
DA:356,0
DA:405,0
DA:415,1
DA:416,0
DA:460,0
DA:470,1
DA:471,0
DA:523,0
DA:533,1
DA:534,0
DA:579,0
DA:589,1
DA:590,0
DA:625,0
DA:632,1
LF:46
LH:9
BRDA:6,0,0,0
BRDA:6,0,1,0
BRDA:14,1,0,0
BRDA:14,1,1,0
BRDA:21,2,0,0
BRDA:21,2,1,0
BRDA:37,3,0,0
BRDA:37,3,1,0
BRDA:42,4,0,0
BRDA:42,4,1,0
BRDA:157,5,0,0
BRDA:157,5,1,0
BRF:12
BRH:0
end_of_record
TN:
SF:utils\escapeHtml.js
FN:1,escapeHtml
FNF:1
FNH:0
FNDA:0,escapeHtml
DA:2,0
DA:3,0
DA:11,1
LF:3
LH:1
BRDA:2,0,0,0
BRDA:2,0,1,0
BRF:2
BRH:0
end_of_record
TN:
SF:utils\safeUrl.js
FN:1,sanitizeExternalUrl
FNF:1
FNH:0
FNDA:0,sanitizeExternalUrl
DA:2,0
DA:3,0
DA:4,0
DA:6,0
DA:7,0
DA:12,0
DA:15,0
DA:20,0
DA:23,0
DA:26,1
LF:10
LH:1
BRDA:2,0,0,0
BRDA:2,0,1,0
BRDA:4,1,0,0
BRDA:4,1,1,0
BRDA:7,2,0,0
BRDA:7,2,1,0
BRDA:8,3,0,0
BRDA:8,3,1,0
BRDA:8,3,2,0
BRDA:15,4,0,0
BRDA:15,4,1,0
BRDA:16,5,0,0
BRDA:16,5,1,0
BRDA:16,5,2,0
BRF:14
BRH:0
end_of_record
TN:
SF:utils\shortener.js
FN:7,(anonymous_0)
FN:12,(anonymous_1)
FN:22,(anonymous_2)
FN:39,(anonymous_3)
FN:74,(anonymous_4)
FNF:5
FNH:3
FNDA:5,(anonymous_0)
FNDA:6,(anonymous_1)
FNDA:5,(anonymous_2)
FNDA:0,(anonymous_3)
FNDA:0,(anonymous_4)
DA:1,1
DA:2,1
DA:5,1
DA:7,1
DA:8,5
DA:12,1
DA:13,6
DA:14,6
DA:15,5
DA:17,1
DA:22,1
DA:23,5
DA:24,5
DA:31,5
DA:33,0
DA:34,0
DA:39,1
DA:40,0
DA:42,0
DA:43,0
DA:44,0
DA:45,0
DA:48,0
DA:49,0
DA:53,0
DA:54,0
DA:57,0
DA:58,0
DA:59,0
DA:60,0
DA:61,0
DA:64,0
DA:65,0
DA:66,0
DA:67,0
DA:68,0
DA:70,0
DA:74,1
DA:76,0
DA:79,0
DA:81,0
LF:41
LH:16
BRDA:15,0,0,5
BRDA:15,0,1,5
BRDA:40,1,0,0
BRDA:40,1,1,0
BRDA:48,2,0,0
BRDA:48,2,1,0
BRDA:53,3,0,0
BRDA:53,3,1,0
BRDA:54,4,0,0
BRDA:54,4,1,0
BRDA:57,5,0,0
BRDA:57,5,1,0
BRDA:58,6,0,0
BRDA:58,6,1,0
BRDA:59,7,0,0
BRDA:59,7,1,0
BRDA:60,8,0,0
BRDA:60,8,1,0
BRDA:61,9,0,0
BRDA:61,9,1,0
BRDA:64,10,0,0
BRDA:64,10,1,0
BRDA:65,11,0,0
BRDA:65,11,1,0
BRDA:66,12,0,0
BRDA:66,12,1,0
BRDA:67,13,0,0
BRDA:67,13,1,0
BRDA:68,14,0,0
BRDA:68,14,1,0
BRDA:81,15,0,0
BRDA:81,15,1,0
BRF:32
BRH:2
end_of_record
TN:
SF:utils\urlSafety.js
FN:102,checkUrlSafety
FN:131,(anonymous_1)
FN:169,(anonymous_2)
FN:203,blockDomain
FNF:4
FNH:3
FNDA:5,checkUrlSafety
FNDA:45,(anonymous_1)
FNDA:540,(anonymous_2)
FNDA:0,blockDomain
DA:11,1
DA:28,1
DA:78,1
DA:92,1
DA:103,5
DA:105,5
DA:106,5
DA:107,5
DA:108,5
DA:111,5
DA:112,0
DA:119,5
DA:120,0
DA:125,5
DA:126,0
DA:131,45
DA:132,0
DA:139,5
DA:140,30
DA:141,0
DA:149,5
DA:150,5
DA:151,170
DA:152,0
DA:160,5
DA:162,45
DA:169,45
DA:170,540
DA:173,45
DA:174,0
DA:183,5
DA:184,5
DA:185,0
DA:191,5
DA:195,0
DA:204,0
DA:205,0
DA:206,0
DA:207,0
DA:211,1
LF:40
LH:27
BRDA:103,0,0,0
BRDA:103,0,1,5
BRDA:111,1,0,0
BRDA:111,1,1,5
BRDA:119,2,0,0
BRDA:119,2,1,5
BRDA:119,3,0,5
BRDA:119,3,1,5
BRDA:125,4,0,0
BRDA:125,4,1,5
BRDA:125,5,0,5
BRDA:125,5,1,5
BRDA:131,6,0,0
BRDA:131,6,1,5
BRDA:140,7,0,0
BRDA:140,7,1,30
BRDA:140,8,0,30
BRDA:140,8,1,30
BRDA:151,9,0,0
BRDA:151,9,1,170
BRDA:151,10,0,170
BRDA:151,10,1,170
BRDA:170,11,0,540
BRDA:170,11,1,540
BRDA:173,12,0,0
BRDA:173,12,1,45
BRDA:173,13,0,45
BRDA:173,13,1,45
BRDA:184,14,0,0
BRDA:184,14,1,5
BRDA:205,15,0,0
BRDA:205,15,1,0
BRF:32
BRH:21
end_of_record
